[0.007s] Invoking command in '/nWipro_ws/build/kuka_iontec_support': CMAKE_PREFIX_PATH=/opt/ros/humble /usr/bin/cmake /nWipro_ws/src/kuka_iontec_support -DCMAKE_INSTALL_PREFIX=/nWipro_ws/install/kuka_iontec_support
[0.042s] -- The C compiler identification is GNU 11.4.0
[0.079s] -- The CXX compiler identification is GNU 11.4.0
[0.084s] -- Detecting C compiler ABI info
[0.127s] -- Detecting C compiler ABI info - done
[0.133s] -- Check for working C compiler: /usr/bin/cc - skipped
[0.133s] -- Detecting C compile features
[0.133s] -- Detecting C compile features - done
[0.135s] -- Detecting CXX compiler ABI info
[0.186s] -- Detecting CXX compiler ABI info - done
[0.192s] -- Check for working CXX compiler: /usr/bin/c++ - skipped
[0.192s] -- Detecting CXX compile features
[0.192s] -- Detecting CXX compile features - done
[0.193s] -- Found ament_cmake: 1.3.11 (/opt/ros/humble/share/ament_cmake/cmake)
[0.297s] -- Found Python3: /usr/bin/python3 (found version "3.10.12") found components: Interpreter 
[0.362s] -- Found urdf: 2.6.1 (/opt/ros/humble/share/urdf/cmake)
[0.404s] [31mCMake Error at CMakeLists.txt:7 (find_package):
[0.404s]   By not providing "Findxacro.cmake" in CMAKE_MODULE_PATH this project has
[0.404s]   asked CMake to find a package configuration file provided by "xacro", but
[0.404s]   CMake did not find one.
[0.404s] 
[0.404s]   Could not find a package configuration file provided by "xacro" with any of
[0.404s]   the following names:
[0.404s] 
[0.404s]     xacroConfig.cmake
[0.404s]     xacro-config.cmake
[0.404s] 
[0.404s]   Add the installation prefix of "xacro" to CMAKE_PREFIX_PATH or set
[0.404s]   "xacro_DIR" to a directory containing one of the above files.  If "xacro"
[0.404s]   provides a separate development package or SDK, be sure it has been
[0.404s]   installed.
[0.404s] 
[0.404s] [0m
[0.404s] -- Configuring incomplete, errors occurred!
[0.404s] See also "/nWipro_ws/build/kuka_iontec_support/CMakeFiles/CMakeOutput.log".
[0.408s] Invoked command in '/nWipro_ws/build/kuka_iontec_support' returned '1': CMAKE_PREFIX_PATH=/opt/ros/humble /usr/bin/cmake /nWipro_ws/src/kuka_iontec_support -DCMAKE_INSTALL_PREFIX=/nWipro_ws/install/kuka_iontec_support
