[0.005s] Invoking command in '/nWipro_ws/build/kuka_moveit_config': AMENT_PREFIX_PATH=/nWipro_ws/install/kuka_iontec_support:${AMENT_PREFIX_PATH} CMAKE_PREFIX_PATH=/nWipro_ws/install/kuka_iontec_support:/opt/ros/humble /usr/bin/cmake /nWipro_ws/src/kuka_moveit_config -DCMAKE_INSTALL_PREFIX=/nWipro_ws/install/kuka_moveit_config
[0.042s] -- The C compiler identification is GNU 11.4.0
[0.080s] -- The CXX compiler identification is GNU 11.4.0
[0.085s] -- Detecting C compiler ABI info
[0.131s] -- Detecting C compiler ABI info - done
[0.136s] -- Check for working C compiler: /usr/bin/cc - skipped
[0.136s] -- Detecting C compile features
[0.136s] -- Detecting C compile features - done
[0.139s] -- Detecting CXX compiler ABI info
[0.192s] -- Detecting CXX compiler ABI info - done
[0.197s] -- Check for working CXX compiler: /usr/bin/c++ - skipped
[0.197s] -- Detecting CXX compile features
[0.197s] -- Detecting CXX compile features - done
[0.199s] -- Found ament_cmake: 1.3.11 (/opt/ros/humble/share/ament_cmake/cmake)
[0.306s] -- Found Python3: /usr/bin/python3 (found version "3.10.12") found components: Interpreter 
[0.423s] -- Configuring done
[0.425s] -- Generating done
[0.426s] -- Build files have been written to: /nWipro_ws/build/kuka_moveit_config
[0.429s] Invoked command in '/nWipro_ws/build/kuka_moveit_config' returned '0': AMENT_PREFIX_PATH=/nWipro_ws/install/kuka_iontec_support:${AMENT_PREFIX_PATH} CMAKE_PREFIX_PATH=/nWipro_ws/install/kuka_iontec_support:/opt/ros/humble /usr/bin/cmake /nWipro_ws/src/kuka_moveit_config -DCMAKE_INSTALL_PREFIX=/nWipro_ws/install/kuka_moveit_config
[0.430s] Invoking command in '/nWipro_ws/build/kuka_moveit_config': AMENT_PREFIX_PATH=/nWipro_ws/install/kuka_iontec_support:${AMENT_PREFIX_PATH} CMAKE_PREFIX_PATH=/nWipro_ws/install/kuka_iontec_support:/opt/ros/humble /usr/bin/cmake --build /nWipro_ws/build/kuka_moveit_config -- -j16 -l16
[0.454s] Invoked command in '/nWipro_ws/build/kuka_moveit_config' returned '0': AMENT_PREFIX_PATH=/nWipro_ws/install/kuka_iontec_support:${AMENT_PREFIX_PATH} CMAKE_PREFIX_PATH=/nWipro_ws/install/kuka_iontec_support:/opt/ros/humble /usr/bin/cmake --build /nWipro_ws/build/kuka_moveit_config -- -j16 -l16
[0.455s] Invoking command in '/nWipro_ws/build/kuka_moveit_config': AMENT_PREFIX_PATH=/nWipro_ws/install/kuka_iontec_support:${AMENT_PREFIX_PATH} CMAKE_PREFIX_PATH=/nWipro_ws/install/kuka_iontec_support:/opt/ros/humble /usr/bin/cmake --install /nWipro_ws/build/kuka_moveit_config
[0.460s] -- Install configuration: ""
[0.460s] -- Installing: /nWipro_ws/install/kuka_moveit_config/share/ament_index/resource_index/package_run_dependencies/kuka_moveit_config
[0.460s] -- Installing: /nWipro_ws/install/kuka_moveit_config/share/ament_index/resource_index/parent_prefix_path/kuka_moveit_config
[0.460s] -- Installing: /nWipro_ws/install/kuka_moveit_config/share/kuka_moveit_config/environment/ament_prefix_path.sh
[0.460s] -- Installing: /nWipro_ws/install/kuka_moveit_config/share/kuka_moveit_config/environment/ament_prefix_path.dsv
[0.461s] -- Installing: /nWipro_ws/install/kuka_moveit_config/share/kuka_moveit_config/environment/path.sh
[0.461s] -- Installing: /nWipro_ws/install/kuka_moveit_config/share/kuka_moveit_config/environment/path.dsv
[0.461s] -- Installing: /nWipro_ws/install/kuka_moveit_config/share/kuka_moveit_config/local_setup.bash
[0.461s] -- Installing: /nWipro_ws/install/kuka_moveit_config/share/kuka_moveit_config/local_setup.sh
[0.461s] -- Installing: /nWipro_ws/install/kuka_moveit_config/share/kuka_moveit_config/local_setup.zsh
[0.461s] -- Installing: /nWipro_ws/install/kuka_moveit_config/share/kuka_moveit_config/local_setup.dsv
[0.461s] -- Installing: /nWipro_ws/install/kuka_moveit_config/share/kuka_moveit_config/package.dsv
[0.461s] -- Installing: /nWipro_ws/install/kuka_moveit_config/share/ament_index/resource_index/packages/kuka_moveit_config
[0.461s] -- Installing: /nWipro_ws/install/kuka_moveit_config/share/kuka_moveit_config/cmake/kuka_moveit_configConfig.cmake
[0.461s] -- Installing: /nWipro_ws/install/kuka_moveit_config/share/kuka_moveit_config/cmake/kuka_moveit_configConfig-version.cmake
[0.461s] -- Installing: /nWipro_ws/install/kuka_moveit_config/share/kuka_moveit_config/package.xml
[0.461s] -- Installing: /nWipro_ws/install/kuka_moveit_config/share/kuka_moveit_config/launch
[0.461s] -- Installing: /nWipro_ws/install/kuka_moveit_config/share/kuka_moveit_config/launch/moveit_rviz.launch.py
[0.461s] -- Installing: /nWipro_ws/install/kuka_moveit_config/share/kuka_moveit_config/launch/move_group.launch.py
[0.461s] -- Installing: /nWipro_ws/install/kuka_moveit_config/share/kuka_moveit_config/launch/setup_assistant.launch.py
[0.462s] -- Installing: /nWipro_ws/install/kuka_moveit_config/share/kuka_moveit_config/launch/spawn_controllers.launch.py
[0.462s] -- Installing: /nWipro_ws/install/kuka_moveit_config/share/kuka_moveit_config/launch/static_virtual_joint_tfs.launch.py
[0.462s] -- Installing: /nWipro_ws/install/kuka_moveit_config/share/kuka_moveit_config/launch/rsp.launch.py
[0.462s] -- Installing: /nWipro_ws/install/kuka_moveit_config/share/kuka_moveit_config/launch/warehouse_db.launch.py
[0.462s] -- Installing: /nWipro_ws/install/kuka_moveit_config/share/kuka_moveit_config/launch/demo.launch.py
[0.462s] -- Installing: /nWipro_ws/install/kuka_moveit_config/share/kuka_moveit_config/config
[0.462s] -- Installing: /nWipro_ws/install/kuka_moveit_config/share/kuka_moveit_config/config/pilz_cartesian_limits.yaml
[0.462s] -- Installing: /nWipro_ws/install/kuka_moveit_config/share/kuka_moveit_config/config/moveit.rviz
[0.462s] -- Installing: /nWipro_ws/install/kuka_moveit_config/share/kuka_moveit_config/config/joint_limits.yaml
[0.462s] -- Installing: /nWipro_ws/install/kuka_moveit_config/share/kuka_moveit_config/config/initial_positions.yaml
[0.462s] -- Installing: /nWipro_ws/install/kuka_moveit_config/share/kuka_moveit_config/config/ros2_controllers.yaml
[0.462s] -- Installing: /nWipro_ws/install/kuka_moveit_config/share/kuka_moveit_config/config/kinematics.yaml
[0.462s] -- Installing: /nWipro_ws/install/kuka_moveit_config/share/kuka_moveit_config/config/kr70_r2100.srdf
[0.462s] -- Installing: /nWipro_ws/install/kuka_moveit_config/share/kuka_moveit_config/config/kr70_r2100.urdf.xacro
[0.462s] -- Installing: /nWipro_ws/install/kuka_moveit_config/share/kuka_moveit_config/config/kr70_r2100.ros2_control.xacro
[0.462s] -- Installing: /nWipro_ws/install/kuka_moveit_config/share/kuka_moveit_config/config/moveit_controllers.yaml
[0.462s] -- Installing: /nWipro_ws/install/kuka_moveit_config/share/kuka_moveit_config/.setup_assistant
[0.464s] Invoked command in '/nWipro_ws/build/kuka_moveit_config' returned '0': AMENT_PREFIX_PATH=/nWipro_ws/install/kuka_iontec_support:${AMENT_PREFIX_PATH} CMAKE_PREFIX_PATH=/nWipro_ws/install/kuka_iontec_support:/opt/ros/humble /usr/bin/cmake --install /nWipro_ws/build/kuka_moveit_config
