[0.133s] DEBUG:colcon:Command line arguments: ['/usr/bin/colcon', 'build']
[0.134s] DEBUG:colcon:Parsed command line arguments: Namespace(log_base=None, log_level=None, verb_name='build', build_base='build', install_base='install', merge_install=False, symlink_install=False, test_result_base=None, continue_on_error=False, executor='parallel', parallel_workers=16, event_handlers=None, ignore_user_meta=False, metas=['./colcon.meta'], base_paths=['.'], packages_ignore=None, packages_ignore_regex=None, paths=None, packages_up_to=None, packages_up_to_regex=None, packages_above=None, packages_above_and_dependencies=None, packages_above_depth=None, packages_select_by_dep=None, packages_skip_by_dep=None, packages_skip_up_to=None, packages_select_build_failed=False, packages_skip_build_finished=False, packages_select_test_failures=False, packages_skip_test_passed=False, packages_select=None, packages_skip=None, packages_select_regex=None, packages_skip_regex=None, packages_start=None, packages_end=None, cmake_args=None, cmake_target=None, cmake_target_skip_unavailable=False, cmake_clean_cache=False, cmake_clean_first=False, cmake_force_configure=False, ament_cmake_args=None, catkin_cmake_args=None, catkin_skip_building_tests=False, mixin_files=None, mixin=None, verb_parser=<colcon_mixin.mixin.mixin_argument.MixinArgumentDecorator object at 0x71ae2d65fbb0>, verb_extension=<colcon_core.verb.build.BuildVerb object at 0x71ae2d7a8b80>, main=<bound method BuildVerb.main of <colcon_core.verb.build.BuildVerb object at 0x71ae2d7a8b80>>, mixin_verb=('build',))
[0.317s] Level 1:colcon.colcon_core.package_discovery:discover_packages(colcon_meta) check parameters
[0.318s] Level 1:colcon.colcon_core.package_discovery:discover_packages(recursive) check parameters
[0.318s] Level 1:colcon.colcon_core.package_discovery:discover_packages(ignore) check parameters
[0.318s] Level 1:colcon.colcon_core.package_discovery:discover_packages(path) check parameters
[0.318s] Level 1:colcon.colcon_core.package_discovery:discover_packages(colcon_meta) discover
[0.318s] Level 1:colcon.colcon_core.package_discovery:discover_packages(recursive) discover
[0.318s] INFO:colcon.colcon_core.package_discovery:Crawling recursively for packages in '/wipro_ws'
[0.318s] Level 1:colcon.colcon_core.package_identification:_identify(.) by extensions ['ignore', 'ignore_ament_install']
[0.318s] Level 1:colcon.colcon_core.package_identification:_identify(.) by extension 'ignore'
[0.318s] Level 1:colcon.colcon_core.package_identification:_identify(.) by extension 'ignore_ament_install'
[0.318s] Level 1:colcon.colcon_core.package_identification:_identify(.) by extensions ['colcon_pkg']
[0.318s] Level 1:colcon.colcon_core.package_identification:_identify(.) by extension 'colcon_pkg'
[0.318s] Level 1:colcon.colcon_core.package_identification:_identify(.) by extensions ['colcon_meta']
[0.318s] Level 1:colcon.colcon_core.package_identification:_identify(.) by extension 'colcon_meta'
[0.318s] Level 1:colcon.colcon_core.package_identification:_identify(.) by extensions ['ros']
[0.318s] Level 1:colcon.colcon_core.package_identification:_identify(.) by extension 'ros'
[0.333s] Level 1:colcon.colcon_core.package_identification:_identify(.) by extensions ['cmake', 'python']
[0.333s] Level 1:colcon.colcon_core.package_identification:_identify(.) by extension 'cmake'
[0.333s] Level 1:colcon.colcon_core.package_identification:_identify(.) by extension 'python'
[0.333s] Level 1:colcon.colcon_core.package_identification:_identify(.) by extensions ['python_setup_py']
[0.333s] Level 1:colcon.colcon_core.package_identification:_identify(.) by extension 'python_setup_py'
[0.333s] Level 1:colcon.colcon_core.package_identification:_identify(build) by extensions ['ignore', 'ignore_ament_install']
[0.333s] Level 1:colcon.colcon_core.package_identification:_identify(build) by extension 'ignore'
[0.333s] Level 1:colcon.colcon_core.package_identification:_identify(build) ignored
[0.333s] Level 1:colcon.colcon_core.package_identification:_identify(install) by extensions ['ignore', 'ignore_ament_install']
[0.333s] Level 1:colcon.colcon_core.package_identification:_identify(install) by extension 'ignore'
[0.333s] Level 1:colcon.colcon_core.package_identification:_identify(install) ignored
[0.333s] Level 1:colcon.colcon_core.package_identification:_identify(log) by extensions ['ignore', 'ignore_ament_install']
[0.334s] Level 1:colcon.colcon_core.package_identification:_identify(log) by extension 'ignore'
[0.334s] Level 1:colcon.colcon_core.package_identification:_identify(log) ignored
[0.334s] Level 1:colcon.colcon_core.package_identification:_identify(src) by extensions ['ignore', 'ignore_ament_install']
[0.334s] Level 1:colcon.colcon_core.package_identification:_identify(src) by extension 'ignore'
[0.334s] Level 1:colcon.colcon_core.package_identification:_identify(src) by extension 'ignore_ament_install'
[0.334s] Level 1:colcon.colcon_core.package_identification:_identify(src) by extensions ['colcon_pkg']
[0.334s] Level 1:colcon.colcon_core.package_identification:_identify(src) by extension 'colcon_pkg'
[0.334s] Level 1:colcon.colcon_core.package_identification:_identify(src) by extensions ['colcon_meta']
[0.334s] Level 1:colcon.colcon_core.package_identification:_identify(src) by extension 'colcon_meta'
[0.334s] Level 1:colcon.colcon_core.package_identification:_identify(src) by extensions ['ros']
[0.334s] Level 1:colcon.colcon_core.package_identification:_identify(src) by extension 'ros'
[0.334s] Level 1:colcon.colcon_core.package_identification:_identify(src) by extensions ['cmake', 'python']
[0.334s] Level 1:colcon.colcon_core.package_identification:_identify(src) by extension 'cmake'
[0.334s] Level 1:colcon.colcon_core.package_identification:_identify(src) by extension 'python'
[0.334s] Level 1:colcon.colcon_core.package_identification:_identify(src) by extensions ['python_setup_py']
[0.334s] Level 1:colcon.colcon_core.package_identification:_identify(src) by extension 'python_setup_py'
[0.334s] Level 1:colcon.colcon_core.package_identification:_identify(src/arm_desc) by extensions ['ignore', 'ignore_ament_install']
[0.335s] Level 1:colcon.colcon_core.package_identification:_identify(src/arm_desc) by extension 'ignore'
[0.335s] Level 1:colcon.colcon_core.package_identification:_identify(src/arm_desc) by extension 'ignore_ament_install'
[0.335s] Level 1:colcon.colcon_core.package_identification:_identify(src/arm_desc) by extensions ['colcon_pkg']
[0.335s] Level 1:colcon.colcon_core.package_identification:_identify(src/arm_desc) by extension 'colcon_pkg'
[0.335s] Level 1:colcon.colcon_core.package_identification:_identify(src/arm_desc) by extensions ['colcon_meta']
[0.335s] Level 1:colcon.colcon_core.package_identification:_identify(src/arm_desc) by extension 'colcon_meta'
[0.335s] Level 1:colcon.colcon_core.package_identification:_identify(src/arm_desc) by extensions ['ros']
[0.335s] Level 1:colcon.colcon_core.package_identification:_identify(src/arm_desc) by extension 'ros'
[0.338s] DEBUG:colcon.colcon_core.package_identification:Package 'src/arm_desc' with type 'ros.ament_cmake' and name 'arm_desc'
[0.338s] Level 1:colcon.colcon_core.package_identification:_identify(src/kuka_pkg) by extensions ['ignore', 'ignore_ament_install']
[0.338s] Level 1:colcon.colcon_core.package_identification:_identify(src/kuka_pkg) by extension 'ignore'
[0.338s] Level 1:colcon.colcon_core.package_identification:_identify(src/kuka_pkg) by extension 'ignore_ament_install'
[0.338s] Level 1:colcon.colcon_core.package_identification:_identify(src/kuka_pkg) by extensions ['colcon_pkg']
[0.338s] Level 1:colcon.colcon_core.package_identification:_identify(src/kuka_pkg) by extension 'colcon_pkg'
[0.338s] Level 1:colcon.colcon_core.package_identification:_identify(src/kuka_pkg) by extensions ['colcon_meta']
[0.338s] Level 1:colcon.colcon_core.package_identification:_identify(src/kuka_pkg) by extension 'colcon_meta'
[0.338s] Level 1:colcon.colcon_core.package_identification:_identify(src/kuka_pkg) by extensions ['ros']
[0.338s] Level 1:colcon.colcon_core.package_identification:_identify(src/kuka_pkg) by extension 'ros'
[0.339s] DEBUG:colcon.colcon_core.package_identification:Package 'src/kuka_pkg' with type 'ros.ament_cmake' and name 'kuka_pkg'
[0.339s] Level 1:colcon.colcon_core.package_discovery:discover_packages(recursive) using defaults
[0.339s] Level 1:colcon.colcon_core.package_discovery:discover_packages(ignore) discover
[0.339s] Level 1:colcon.colcon_core.package_discovery:discover_packages(ignore) using defaults
[0.339s] Level 1:colcon.colcon_core.package_discovery:discover_packages(path) discover
[0.339s] Level 1:colcon.colcon_core.package_discovery:discover_packages(path) using defaults
[0.363s] Level 5:colcon.colcon_core.verb:set package 'arm_desc' build argument 'cmake_args' from command line to 'None'
[0.363s] Level 5:colcon.colcon_core.verb:set package 'arm_desc' build argument 'cmake_target' from command line to 'None'
[0.363s] Level 5:colcon.colcon_core.verb:set package 'arm_desc' build argument 'cmake_target_skip_unavailable' from command line to 'False'
[0.363s] Level 5:colcon.colcon_core.verb:set package 'arm_desc' build argument 'cmake_clean_cache' from command line to 'False'
[0.363s] Level 5:colcon.colcon_core.verb:set package 'arm_desc' build argument 'cmake_clean_first' from command line to 'False'
[0.363s] Level 5:colcon.colcon_core.verb:set package 'arm_desc' build argument 'cmake_force_configure' from command line to 'False'
[0.363s] Level 5:colcon.colcon_core.verb:set package 'arm_desc' build argument 'ament_cmake_args' from command line to 'None'
[0.364s] Level 5:colcon.colcon_core.verb:set package 'arm_desc' build argument 'catkin_cmake_args' from command line to 'None'
[0.364s] Level 5:colcon.colcon_core.verb:set package 'arm_desc' build argument 'catkin_skip_building_tests' from command line to 'False'
[0.364s] DEBUG:colcon.colcon_core.verb:Building package 'arm_desc' with the following arguments: {'ament_cmake_args': None, 'build_base': '/wipro_ws/build/arm_desc', 'catkin_cmake_args': None, 'catkin_skip_building_tests': False, 'cmake_args': None, 'cmake_clean_cache': False, 'cmake_clean_first': False, 'cmake_force_configure': False, 'cmake_target': None, 'cmake_target_skip_unavailable': False, 'install_base': '/wipro_ws/install/arm_desc', 'merge_install': False, 'path': '/wipro_ws/src/arm_desc', 'symlink_install': False, 'test_result_base': None}
[0.364s] Level 5:colcon.colcon_core.verb:set package 'kuka_pkg' build argument 'cmake_args' from command line to 'None'
[0.364s] Level 5:colcon.colcon_core.verb:set package 'kuka_pkg' build argument 'cmake_target' from command line to 'None'
[0.364s] Level 5:colcon.colcon_core.verb:set package 'kuka_pkg' build argument 'cmake_target_skip_unavailable' from command line to 'False'
[0.364s] Level 5:colcon.colcon_core.verb:set package 'kuka_pkg' build argument 'cmake_clean_cache' from command line to 'False'
[0.364s] Level 5:colcon.colcon_core.verb:set package 'kuka_pkg' build argument 'cmake_clean_first' from command line to 'False'
[0.364s] Level 5:colcon.colcon_core.verb:set package 'kuka_pkg' build argument 'cmake_force_configure' from command line to 'False'
[0.364s] Level 5:colcon.colcon_core.verb:set package 'kuka_pkg' build argument 'ament_cmake_args' from command line to 'None'
[0.364s] Level 5:colcon.colcon_core.verb:set package 'kuka_pkg' build argument 'catkin_cmake_args' from command line to 'None'
[0.364s] Level 5:colcon.colcon_core.verb:set package 'kuka_pkg' build argument 'catkin_skip_building_tests' from command line to 'False'
[0.364s] DEBUG:colcon.colcon_core.verb:Building package 'kuka_pkg' with the following arguments: {'ament_cmake_args': None, 'build_base': '/wipro_ws/build/kuka_pkg', 'catkin_cmake_args': None, 'catkin_skip_building_tests': False, 'cmake_args': None, 'cmake_clean_cache': False, 'cmake_clean_first': False, 'cmake_force_configure': False, 'cmake_target': None, 'cmake_target_skip_unavailable': False, 'install_base': '/wipro_ws/install/kuka_pkg', 'merge_install': False, 'path': '/wipro_ws/src/kuka_pkg', 'symlink_install': False, 'test_result_base': None}
[0.364s] INFO:colcon.colcon_core.executor:Executing jobs using 'parallel' executor
[0.366s] DEBUG:colcon.colcon_parallel_executor.executor.parallel:run_until_complete
[0.366s] INFO:colcon.colcon_ros.task.ament_cmake.build:Building ROS package in '/wipro_ws/src/arm_desc' with build type 'ament_cmake'
[0.366s] INFO:colcon.colcon_cmake.task.cmake.build:Building CMake package in '/wipro_ws/src/arm_desc'
[0.369s] INFO:colcon.colcon_core.plugin_system:Skipping extension 'colcon_core.shell.bat': Not used on non-Windows systems
[0.369s] INFO:colcon.colcon_core.shell:Skip shell extension 'powershell' for command environment: Not usable outside of PowerShell
[0.369s] DEBUG:colcon.colcon_core.shell:Skip shell extension 'dsv' for command environment
[0.370s] WARNING:colcon.colcon_ros.prefix_path.ament:The path '/wipro_ws/install/kuka_quantec_support' in the environment variable AMENT_PREFIX_PATH doesn't exist
[0.370s] WARNING:colcon.colcon_ros.prefix_path.ament:The path '/wipro_ws/install/kuka_moveit_config' in the environment variable AMENT_PREFIX_PATH doesn't exist
[0.370s] WARNING:colcon.colcon_ros.prefix_path.ament:The path '/wipro_ws/install/kuka_lbr_iisy_support' in the environment variable AMENT_PREFIX_PATH doesn't exist
[0.371s] WARNING:colcon.colcon_ros.prefix_path.ament:The path '/wipro_ws/install/kuka_iontec_support' in the environment variable AMENT_PREFIX_PATH doesn't exist
[0.371s] WARNING:colcon.colcon_ros.prefix_path.ament:The path '/wipro_ws/install/kuka_fortec_support' in the environment variable AMENT_PREFIX_PATH doesn't exist
[0.371s] WARNING:colcon.colcon_ros.prefix_path.ament:The path '/wipro_ws/install/kuka_cybertech_support' in the environment variable AMENT_PREFIX_PATH doesn't exist
[0.371s] WARNING:colcon.colcon_ros.prefix_path.ament:The path '/wipro_ws/install/kuka_agilus_support' in the environment variable AMENT_PREFIX_PATH doesn't exist
[0.371s] WARNING:colcon.colcon_ros.prefix_path.catkin:The path '/wipro_ws/install/kuka_quantec_support' in the environment variable CMAKE_PREFIX_PATH doesn't exist
[0.371s] WARNING:colcon.colcon_ros.prefix_path.catkin:The path '/wipro_ws/install/kuka_moveit_config' in the environment variable CMAKE_PREFIX_PATH doesn't exist
[0.371s] WARNING:colcon.colcon_ros.prefix_path.catkin:The path '/wipro_ws/install/kuka_lbr_iisy_support' in the environment variable CMAKE_PREFIX_PATH doesn't exist
[0.371s] WARNING:colcon.colcon_ros.prefix_path.catkin:The path '/wipro_ws/install/kuka_iontec_support' in the environment variable CMAKE_PREFIX_PATH doesn't exist
[0.371s] WARNING:colcon.colcon_ros.prefix_path.catkin:The path '/wipro_ws/install/kuka_fortec_support' in the environment variable CMAKE_PREFIX_PATH doesn't exist
[0.371s] WARNING:colcon.colcon_ros.prefix_path.catkin:The path '/wipro_ws/install/kuka_cybertech_support' in the environment variable CMAKE_PREFIX_PATH doesn't exist
[0.371s] WARNING:colcon.colcon_ros.prefix_path.catkin:The path '/wipro_ws/install/kuka_agilus_support' in the environment variable CMAKE_PREFIX_PATH doesn't exist
[0.376s] INFO:colcon.colcon_ros.task.ament_cmake.build:Building ROS package in '/wipro_ws/src/kuka_pkg' with build type 'ament_cmake'
[0.376s] INFO:colcon.colcon_cmake.task.cmake.build:Building CMake package in '/wipro_ws/src/kuka_pkg'
[0.377s] INFO:colcon.colcon_core.shell:Skip shell extension 'powershell' for command environment: Not usable outside of PowerShell
[0.377s] DEBUG:colcon.colcon_core.shell:Skip shell extension 'dsv' for command environment
[0.390s] DEBUG:colcon.colcon_core.event_handler.log_command:Invoking command in '/wipro_ws/build/arm_desc': CMAKE_PREFIX_PATH=${CMAKE_PREFIX_PATH}:/opt/ros/humble /usr/bin/cmake /wipro_ws/src/arm_desc -DCMAKE_INSTALL_PREFIX=/wipro_ws/install/arm_desc
[0.395s] DEBUG:colcon.colcon_core.event_handler.log_command:Invoking command in '/wipro_ws/build/kuka_pkg': CMAKE_PREFIX_PATH=${CMAKE_PREFIX_PATH}:/opt/ros/humble /usr/bin/cmake /wipro_ws/src/kuka_pkg -DCMAKE_INSTALL_PREFIX=/wipro_ws/install/kuka_pkg
[1.548s] DEBUG:colcon.colcon_core.event_handler.log_command:Invoked command in '/wipro_ws/build/arm_desc' returned '0': CMAKE_PREFIX_PATH=${CMAKE_PREFIX_PATH}:/opt/ros/humble /usr/bin/cmake /wipro_ws/src/arm_desc -DCMAKE_INSTALL_PREFIX=/wipro_ws/install/arm_desc
[1.551s] DEBUG:colcon.colcon_core.event_handler.log_command:Invoking command in '/wipro_ws/build/arm_desc': CMAKE_PREFIX_PATH=${CMAKE_PREFIX_PATH}:/opt/ros/humble /usr/bin/cmake --build /wipro_ws/build/arm_desc -- -j16 -l16
[1.616s] DEBUG:colcon.colcon_core.event_handler.log_command:Invoked command in '/wipro_ws/build/arm_desc' returned '0': CMAKE_PREFIX_PATH=${CMAKE_PREFIX_PATH}:/opt/ros/humble /usr/bin/cmake --build /wipro_ws/build/arm_desc -- -j16 -l16
[1.628s] DEBUG:colcon.colcon_core.event_handler.log_command:Invoking command in '/wipro_ws/build/arm_desc': CMAKE_PREFIX_PATH=${CMAKE_PREFIX_PATH}:/opt/ros/humble /usr/bin/cmake --install /wipro_ws/build/arm_desc
[1.684s] Level 1:colcon.colcon_core.environment:create_environment_scripts_only(arm_desc)
[1.687s] DEBUG:colcon.colcon_core.event_handler.log_command:Invoked command in '/wipro_ws/build/arm_desc' returned '0': CMAKE_PREFIX_PATH=${CMAKE_PREFIX_PATH}:/opt/ros/humble /usr/bin/cmake --install /wipro_ws/build/arm_desc
[1.688s] Level 1:colcon.colcon_core.environment:checking '/wipro_ws/install/arm_desc' for CMake module files
[1.689s] Level 1:colcon.colcon_core.environment:checking '/wipro_ws/install/arm_desc' for CMake config files
[1.689s] Level 1:colcon.colcon_core.shell:create_environment_hook('arm_desc', 'cmake_prefix_path')
[1.689s] INFO:colcon.colcon_core.shell:Creating environment hook '/wipro_ws/install/arm_desc/share/arm_desc/hook/cmake_prefix_path.ps1'
[1.690s] INFO:colcon.colcon_core.shell:Creating environment descriptor '/wipro_ws/install/arm_desc/share/arm_desc/hook/cmake_prefix_path.dsv'
[1.691s] INFO:colcon.colcon_core.shell:Creating environment hook '/wipro_ws/install/arm_desc/share/arm_desc/hook/cmake_prefix_path.sh'
[1.692s] Level 1:colcon.colcon_core.environment:checking '/wipro_ws/install/arm_desc/bin'
[1.692s] Level 1:colcon.colcon_core.environment:checking '/wipro_ws/install/arm_desc/lib/pkgconfig/arm_desc.pc'
[1.695s] Level 1:colcon.colcon_core.environment:checking '/wipro_ws/install/arm_desc/lib/python3.10/site-packages'
[1.695s] Level 1:colcon.colcon_core.environment:checking '/wipro_ws/install/arm_desc/bin'
[1.695s] INFO:colcon.colcon_core.shell:Creating package script '/wipro_ws/install/arm_desc/share/arm_desc/package.ps1'
[1.698s] INFO:colcon.colcon_core.shell:Creating package descriptor '/wipro_ws/install/arm_desc/share/arm_desc/package.dsv'
[1.699s] INFO:colcon.colcon_core.shell:Creating package script '/wipro_ws/install/arm_desc/share/arm_desc/package.sh'
[1.700s] INFO:colcon.colcon_core.shell:Creating package script '/wipro_ws/install/arm_desc/share/arm_desc/package.bash'
[1.701s] INFO:colcon.colcon_core.shell:Creating package script '/wipro_ws/install/arm_desc/share/arm_desc/package.zsh'
[1.702s] Level 1:colcon.colcon_core.environment:create_file_with_runtime_dependencies(/wipro_ws/install/arm_desc/share/colcon-core/packages/arm_desc)
[1.703s] Level 1:colcon.colcon_core.environment:create_environment_scripts_only(arm_desc)
[1.704s] Level 1:colcon.colcon_core.environment:checking '/wipro_ws/install/arm_desc' for CMake module files
[1.704s] Level 1:colcon.colcon_core.environment:checking '/wipro_ws/install/arm_desc' for CMake config files
[1.705s] Level 1:colcon.colcon_core.shell:create_environment_hook('arm_desc', 'cmake_prefix_path')
[1.705s] INFO:colcon.colcon_core.shell:Creating environment hook '/wipro_ws/install/arm_desc/share/arm_desc/hook/cmake_prefix_path.ps1'
[1.705s] INFO:colcon.colcon_core.shell:Creating environment descriptor '/wipro_ws/install/arm_desc/share/arm_desc/hook/cmake_prefix_path.dsv'
[1.706s] INFO:colcon.colcon_core.shell:Creating environment hook '/wipro_ws/install/arm_desc/share/arm_desc/hook/cmake_prefix_path.sh'
[1.707s] Level 1:colcon.colcon_core.environment:checking '/wipro_ws/install/arm_desc/bin'
[1.707s] Level 1:colcon.colcon_core.environment:checking '/wipro_ws/install/arm_desc/lib/pkgconfig/arm_desc.pc'
[1.707s] Level 1:colcon.colcon_core.environment:checking '/wipro_ws/install/arm_desc/lib/python3.10/site-packages'
[1.707s] Level 1:colcon.colcon_core.environment:checking '/wipro_ws/install/arm_desc/bin'
[1.708s] INFO:colcon.colcon_core.shell:Creating package script '/wipro_ws/install/arm_desc/share/arm_desc/package.ps1'
[1.709s] INFO:colcon.colcon_core.shell:Creating package descriptor '/wipro_ws/install/arm_desc/share/arm_desc/package.dsv'
[1.710s] INFO:colcon.colcon_core.shell:Creating package script '/wipro_ws/install/arm_desc/share/arm_desc/package.sh'
[1.710s] INFO:colcon.colcon_core.shell:Creating package script '/wipro_ws/install/arm_desc/share/arm_desc/package.bash'
[1.711s] INFO:colcon.colcon_core.shell:Creating package script '/wipro_ws/install/arm_desc/share/arm_desc/package.zsh'
[1.712s] Level 1:colcon.colcon_core.environment:create_file_with_runtime_dependencies(/wipro_ws/install/arm_desc/share/colcon-core/packages/arm_desc)
[2.631s] DEBUG:colcon.colcon_core.event_handler.log_command:Invoked command in '/wipro_ws/build/kuka_pkg' returned '0': CMAKE_PREFIX_PATH=${CMAKE_PREFIX_PATH}:/opt/ros/humble /usr/bin/cmake /wipro_ws/src/kuka_pkg -DCMAKE_INSTALL_PREFIX=/wipro_ws/install/kuka_pkg
[2.633s] DEBUG:colcon.colcon_core.event_handler.log_command:Invoking command in '/wipro_ws/build/kuka_pkg': CMAKE_PREFIX_PATH=${CMAKE_PREFIX_PATH}:/opt/ros/humble /usr/bin/cmake --build /wipro_ws/build/kuka_pkg -- -j16 -l16
[8.972s] DEBUG:colcon.colcon_core.event_handler.log_command:Invoked command in '/wipro_ws/build/kuka_pkg' returned '0': CMAKE_PREFIX_PATH=${CMAKE_PREFIX_PATH}:/opt/ros/humble /usr/bin/cmake --build /wipro_ws/build/kuka_pkg -- -j16 -l16
[8.974s] DEBUG:colcon.colcon_core.event_handler.log_command:Invoking command in '/wipro_ws/build/kuka_pkg': CMAKE_PREFIX_PATH=${CMAKE_PREFIX_PATH}:/opt/ros/humble /usr/bin/cmake --install /wipro_ws/build/kuka_pkg
[8.994s] Level 1:colcon.colcon_core.environment:create_environment_scripts_only(kuka_pkg)
[8.995s] DEBUG:colcon.colcon_core.event_handler.log_command:Invoked command in '/wipro_ws/build/kuka_pkg' returned '0': CMAKE_PREFIX_PATH=${CMAKE_PREFIX_PATH}:/opt/ros/humble /usr/bin/cmake --install /wipro_ws/build/kuka_pkg
[8.995s] Level 1:colcon.colcon_core.environment:checking '/wipro_ws/install/kuka_pkg' for CMake module files
[8.996s] Level 1:colcon.colcon_core.environment:checking '/wipro_ws/install/kuka_pkg' for CMake config files
[8.996s] Level 1:colcon.colcon_core.shell:create_environment_hook('kuka_pkg', 'cmake_prefix_path')
[8.996s] INFO:colcon.colcon_core.shell:Creating environment hook '/wipro_ws/install/kuka_pkg/share/kuka_pkg/hook/cmake_prefix_path.ps1'
[8.997s] INFO:colcon.colcon_core.shell:Creating environment descriptor '/wipro_ws/install/kuka_pkg/share/kuka_pkg/hook/cmake_prefix_path.dsv'
[8.997s] INFO:colcon.colcon_core.shell:Creating environment hook '/wipro_ws/install/kuka_pkg/share/kuka_pkg/hook/cmake_prefix_path.sh'
[8.998s] Level 1:colcon.colcon_core.environment:checking '/wipro_ws/install/kuka_pkg/lib'
[8.998s] Level 1:colcon.colcon_core.environment:checking '/wipro_ws/install/kuka_pkg/bin'
[8.998s] Level 1:colcon.colcon_core.environment:checking '/wipro_ws/install/kuka_pkg/lib/pkgconfig/kuka_pkg.pc'
[8.999s] Level 1:colcon.colcon_core.environment:checking '/wipro_ws/install/kuka_pkg/lib/python3.10/site-packages'
[8.999s] Level 1:colcon.colcon_core.environment:checking '/wipro_ws/install/kuka_pkg/bin'
[8.999s] INFO:colcon.colcon_core.shell:Creating package script '/wipro_ws/install/kuka_pkg/share/kuka_pkg/package.ps1'
[9.000s] INFO:colcon.colcon_core.shell:Creating package descriptor '/wipro_ws/install/kuka_pkg/share/kuka_pkg/package.dsv'
[9.000s] INFO:colcon.colcon_core.shell:Creating package script '/wipro_ws/install/kuka_pkg/share/kuka_pkg/package.sh'
[9.001s] INFO:colcon.colcon_core.shell:Creating package script '/wipro_ws/install/kuka_pkg/share/kuka_pkg/package.bash'
[9.001s] INFO:colcon.colcon_core.shell:Creating package script '/wipro_ws/install/kuka_pkg/share/kuka_pkg/package.zsh'
[9.001s] Level 1:colcon.colcon_core.environment:create_file_with_runtime_dependencies(/wipro_ws/install/kuka_pkg/share/colcon-core/packages/kuka_pkg)
[9.002s] Level 1:colcon.colcon_core.environment:create_environment_scripts_only(kuka_pkg)
[9.002s] Level 1:colcon.colcon_core.environment:checking '/wipro_ws/install/kuka_pkg' for CMake module files
[9.003s] Level 1:colcon.colcon_core.environment:checking '/wipro_ws/install/kuka_pkg' for CMake config files
[9.003s] Level 1:colcon.colcon_core.shell:create_environment_hook('kuka_pkg', 'cmake_prefix_path')
[9.003s] INFO:colcon.colcon_core.shell:Creating environment hook '/wipro_ws/install/kuka_pkg/share/kuka_pkg/hook/cmake_prefix_path.ps1'
[9.003s] INFO:colcon.colcon_core.shell:Creating environment descriptor '/wipro_ws/install/kuka_pkg/share/kuka_pkg/hook/cmake_prefix_path.dsv'
[9.004s] INFO:colcon.colcon_core.shell:Creating environment hook '/wipro_ws/install/kuka_pkg/share/kuka_pkg/hook/cmake_prefix_path.sh'
[9.005s] Level 1:colcon.colcon_core.environment:checking '/wipro_ws/install/kuka_pkg/lib'
[9.005s] Level 1:colcon.colcon_core.environment:checking '/wipro_ws/install/kuka_pkg/bin'
[9.005s] Level 1:colcon.colcon_core.environment:checking '/wipro_ws/install/kuka_pkg/lib/pkgconfig/kuka_pkg.pc'
[9.005s] Level 1:colcon.colcon_core.environment:checking '/wipro_ws/install/kuka_pkg/lib/python3.10/site-packages'
[9.005s] Level 1:colcon.colcon_core.environment:checking '/wipro_ws/install/kuka_pkg/bin'
[9.006s] INFO:colcon.colcon_core.shell:Creating package script '/wipro_ws/install/kuka_pkg/share/kuka_pkg/package.ps1'
[9.006s] INFO:colcon.colcon_core.shell:Creating package descriptor '/wipro_ws/install/kuka_pkg/share/kuka_pkg/package.dsv'
[9.007s] INFO:colcon.colcon_core.shell:Creating package script '/wipro_ws/install/kuka_pkg/share/kuka_pkg/package.sh'
[9.008s] INFO:colcon.colcon_core.shell:Creating package script '/wipro_ws/install/kuka_pkg/share/kuka_pkg/package.bash'
[9.008s] INFO:colcon.colcon_core.shell:Creating package script '/wipro_ws/install/kuka_pkg/share/kuka_pkg/package.zsh'
[9.009s] Level 1:colcon.colcon_core.environment:create_file_with_runtime_dependencies(/wipro_ws/install/kuka_pkg/share/colcon-core/packages/kuka_pkg)
[9.009s] DEBUG:colcon.colcon_parallel_executor.executor.parallel:closing loop
[9.009s] DEBUG:colcon.colcon_parallel_executor.executor.parallel:loop closed
[9.009s] DEBUG:colcon.colcon_parallel_executor.executor.parallel:run_until_complete finished with '0'
[9.010s] DEBUG:colcon.colcon_core.event_reactor:joining thread
[9.034s] INFO:colcon.colcon_core.plugin_system:Skipping extension 'colcon_notification.desktop_notification.notify_send': Could not find 'notify-send'
[9.034s] INFO:colcon.colcon_core.plugin_system:Skipping extension 'colcon_notification.desktop_notification.terminal_notifier': Not used on non-Darwin systems
[9.034s] INFO:colcon.colcon_core.plugin_system:Skipping extension 'colcon_notification.desktop_notification.win32': Not used on non-Windows systems
[9.035s] INFO:colcon.colcon_notification.desktop_notification:Sending desktop notification using 'notify2'
[9.039s] DEBUG:colcon.colcon_notification.desktop_notification.notify2:Failed to initialize notify2: org.freedesktop.DBus.Error.Spawn.ExecFailed: /usr/bin/dbus-launch terminated abnormally without any error message
[9.039s] DEBUG:colcon.colcon_core.event_reactor:joined thread
[9.040s] INFO:colcon.colcon_core.shell:Creating prefix script '/wipro_ws/install/local_setup.ps1'
[9.042s] INFO:colcon.colcon_core.shell:Creating prefix util module '/wipro_ws/install/_local_setup_util_ps1.py'
[9.044s] INFO:colcon.colcon_core.shell:Creating prefix chain script '/wipro_ws/install/setup.ps1'
[9.045s] INFO:colcon.colcon_core.shell:Creating prefix script '/wipro_ws/install/local_setup.sh'
[9.046s] INFO:colcon.colcon_core.shell:Creating prefix util module '/wipro_ws/install/_local_setup_util_sh.py'
[9.047s] INFO:colcon.colcon_core.shell:Creating prefix chain script '/wipro_ws/install/setup.sh'
[9.048s] INFO:colcon.colcon_core.shell:Creating prefix script '/wipro_ws/install/local_setup.bash'
[9.049s] INFO:colcon.colcon_core.shell:Creating prefix chain script '/wipro_ws/install/setup.bash'
[9.050s] INFO:colcon.colcon_core.shell:Creating prefix script '/wipro_ws/install/local_setup.zsh'
[9.051s] INFO:colcon.colcon_core.shell:Creating prefix chain script '/wipro_ws/install/setup.zsh'
