-- Install configuration: ""
-- Up-to-date: /nWipro_ws/install/kuka_iontec_support/share/kuka_iontec_support/config
-- Up-to-date: /nWipro_ws/install/kuka_iontec_support/share/kuka_iontec_support/config/kr70_r2100_joint_limits.yaml
-- Up-to-date: /nWipro_ws/install/kuka_iontec_support/share/kuka_iontec_support/launch
-- Up-to-date: /nWipro_ws/install/kuka_iontec_support/share/kuka_iontec_support/launch/test_kr70r2100.launch.py
-- Up-to-date: /nWipro_ws/install/kuka_iontec_support/share/kuka_iontec_support/meshes
-- Up-to-date: /nWipro_ws/install/kuka_iontec_support/share/kuka_iontec_support/meshes/kr70_r2100
-- Up-to-date: /nWipro_ws/install/kuka_iontec_support/share/kuka_iontec_support/meshes/kr70_r2100/visual
-- Up-to-date: /nWipro_ws/install/kuka_iontec_support/share/kuka_iontec_support/meshes/kr70_r2100/visual/link_6.dae
-- Up-to-date: /nWipro_ws/install/kuka_iontec_support/share/kuka_iontec_support/meshes/kr70_r2100/visual/link_3.dae
-- Up-to-date: /nWipro_ws/install/kuka_iontec_support/share/kuka_iontec_support/meshes/kr70_r2100/visual/link_4.dae
-- Up-to-date: /nWipro_ws/install/kuka_iontec_support/share/kuka_iontec_support/meshes/kr70_r2100/visual/link_5.dae
-- Up-to-date: /nWipro_ws/install/kuka_iontec_support/share/kuka_iontec_support/meshes/kr70_r2100/visual/link_2.dae
-- Up-to-date: /nWipro_ws/install/kuka_iontec_support/share/kuka_iontec_support/meshes/kr70_r2100/visual/link_1.dae
-- Up-to-date: /nWipro_ws/install/kuka_iontec_support/share/kuka_iontec_support/meshes/kr70_r2100/visual/base_link.dae
-- Up-to-date: /nWipro_ws/install/kuka_iontec_support/share/kuka_iontec_support/meshes/kr70_r2100/collision
-- Up-to-date: /nWipro_ws/install/kuka_iontec_support/share/kuka_iontec_support/meshes/kr70_r2100/collision/base_link.stl
-- Up-to-date: /nWipro_ws/install/kuka_iontec_support/share/kuka_iontec_support/meshes/kr70_r2100/collision/link_4.stl
-- Up-to-date: /nWipro_ws/install/kuka_iontec_support/share/kuka_iontec_support/meshes/kr70_r2100/collision/link_6.stl
-- Up-to-date: /nWipro_ws/install/kuka_iontec_support/share/kuka_iontec_support/meshes/kr70_r2100/collision/link_5.stl
-- Up-to-date: /nWipro_ws/install/kuka_iontec_support/share/kuka_iontec_support/meshes/kr70_r2100/collision/link_3.stl
-- Up-to-date: /nWipro_ws/install/kuka_iontec_support/share/kuka_iontec_support/meshes/kr70_r2100/collision/link_1.stl
-- Up-to-date: /nWipro_ws/install/kuka_iontec_support/share/kuka_iontec_support/meshes/kr70_r2100/collision/link_2.stl
-- Up-to-date: /nWipro_ws/install/kuka_iontec_support/share/kuka_iontec_support/urdf
-- Up-to-date: /nWipro_ws/install/kuka_iontec_support/share/kuka_iontec_support/urdf/kr_iontec_ros2_control.xacro
-- Up-to-date: /nWipro_ws/install/kuka_iontec_support/share/kuka_iontec_support/urdf/kr_iontec_transmission.xacro
-- Up-to-date: /nWipro_ws/install/kuka_iontec_support/share/kuka_iontec_support/urdf/kr70_r2100.urdf.xacro
-- Up-to-date: /nWipro_ws/install/kuka_iontec_support/share/kuka_iontec_support/urdf/kr70_r2100_macro.xacro
-- Up-to-date: /nWipro_ws/install/kuka_iontec_support/share/ament_index/resource_index/package_run_dependencies/kuka_iontec_support
-- Up-to-date: /nWipro_ws/install/kuka_iontec_support/share/ament_index/resource_index/parent_prefix_path/kuka_iontec_support
-- Up-to-date: /nWipro_ws/install/kuka_iontec_support/share/kuka_iontec_support/environment/ament_prefix_path.sh
-- Up-to-date: /nWipro_ws/install/kuka_iontec_support/share/kuka_iontec_support/environment/ament_prefix_path.dsv
-- Up-to-date: /nWipro_ws/install/kuka_iontec_support/share/kuka_iontec_support/environment/path.sh
-- Up-to-date: /nWipro_ws/install/kuka_iontec_support/share/kuka_iontec_support/environment/path.dsv
-- Up-to-date: /nWipro_ws/install/kuka_iontec_support/share/kuka_iontec_support/local_setup.bash
-- Up-to-date: /nWipro_ws/install/kuka_iontec_support/share/kuka_iontec_support/local_setup.sh
-- Up-to-date: /nWipro_ws/install/kuka_iontec_support/share/kuka_iontec_support/local_setup.zsh
-- Up-to-date: /nWipro_ws/install/kuka_iontec_support/share/kuka_iontec_support/local_setup.dsv
-- Up-to-date: /nWipro_ws/install/kuka_iontec_support/share/kuka_iontec_support/package.dsv
-- Up-to-date: /nWipro_ws/install/kuka_iontec_support/share/ament_index/resource_index/packages/kuka_iontec_support
-- Up-to-date: /nWipro_ws/install/kuka_iontec_support/share/kuka_iontec_support/cmake/kuka_iontec_supportConfig.cmake
-- Up-to-date: /nWipro_ws/install/kuka_iontec_support/share/kuka_iontec_support/cmake/kuka_iontec_supportConfig-version.cmake
-- Up-to-date: /nWipro_ws/install/kuka_iontec_support/share/kuka_iontec_support/package.xml
