[0.126s] DEBUG:colcon:Command line arguments: ['/usr/bin/colcon', 'build']
[0.126s] DEBUG:colcon:Parsed command line arguments: Namespace(log_base=None, log_level=None, verb_name='build', build_base='build', install_base='install', merge_install=False, symlink_install=False, test_result_base=None, continue_on_error=False, executor='parallel', parallel_workers=16, event_handlers=None, ignore_user_meta=False, metas=['./colcon.meta'], base_paths=['.'], packages_ignore=None, packages_ignore_regex=None, paths=None, packages_up_to=None, packages_up_to_regex=None, packages_above=None, packages_above_and_dependencies=None, packages_above_depth=None, packages_select_by_dep=None, packages_skip_by_dep=None, packages_skip_up_to=None, packages_select_build_failed=False, packages_skip_build_finished=False, packages_select_test_failures=False, packages_skip_test_passed=False, packages_select=None, packages_skip=None, packages_select_regex=None, packages_skip_regex=None, packages_start=None, packages_end=None, cmake_args=None, cmake_target=None, cmake_target_skip_unavailable=False, cmake_clean_cache=False, cmake_clean_first=False, cmake_force_configure=False, ament_cmake_args=None, catkin_cmake_args=None, catkin_skip_building_tests=False, mixin_files=None, mixin=None, verb_parser=<colcon_mixin.mixin.mixin_argument.MixinArgumentDecorator object at 0x76d39bc97bb0>, verb_extension=<colcon_core.verb.build.BuildVerb object at 0x76d39bde0b80>, main=<bound method BuildVerb.main of <colcon_core.verb.build.BuildVerb object at 0x76d39bde0b80>>, mixin_verb=('build',))
[0.303s] Level 1:colcon.colcon_core.package_discovery:discover_packages(colcon_meta) check parameters
[0.303s] Level 1:colcon.colcon_core.package_discovery:discover_packages(recursive) check parameters
[0.303s] Level 1:colcon.colcon_core.package_discovery:discover_packages(ignore) check parameters
[0.303s] Level 1:colcon.colcon_core.package_discovery:discover_packages(path) check parameters
[0.303s] Level 1:colcon.colcon_core.package_discovery:discover_packages(colcon_meta) discover
[0.303s] Level 1:colcon.colcon_core.package_discovery:discover_packages(recursive) discover
[0.303s] INFO:colcon.colcon_core.package_discovery:Crawling recursively for packages in '/wipro_ws'
[0.303s] Level 1:colcon.colcon_core.package_identification:_identify(.) by extensions ['ignore', 'ignore_ament_install']
[0.303s] Level 1:colcon.colcon_core.package_identification:_identify(.) by extension 'ignore'
[0.303s] Level 1:colcon.colcon_core.package_identification:_identify(.) by extension 'ignore_ament_install'
[0.304s] Level 1:colcon.colcon_core.package_identification:_identify(.) by extensions ['colcon_pkg']
[0.304s] Level 1:colcon.colcon_core.package_identification:_identify(.) by extension 'colcon_pkg'
[0.304s] Level 1:colcon.colcon_core.package_identification:_identify(.) by extensions ['colcon_meta']
[0.304s] Level 1:colcon.colcon_core.package_identification:_identify(.) by extension 'colcon_meta'
[0.304s] Level 1:colcon.colcon_core.package_identification:_identify(.) by extensions ['ros']
[0.304s] Level 1:colcon.colcon_core.package_identification:_identify(.) by extension 'ros'
[0.318s] Level 1:colcon.colcon_core.package_identification:_identify(.) by extensions ['cmake', 'python']
[0.318s] Level 1:colcon.colcon_core.package_identification:_identify(.) by extension 'cmake'
[0.318s] Level 1:colcon.colcon_core.package_identification:_identify(.) by extension 'python'
[0.318s] Level 1:colcon.colcon_core.package_identification:_identify(.) by extensions ['python_setup_py']
[0.318s] Level 1:colcon.colcon_core.package_identification:_identify(.) by extension 'python_setup_py'
[0.318s] Level 1:colcon.colcon_core.package_identification:_identify(build) by extensions ['ignore', 'ignore_ament_install']
[0.319s] Level 1:colcon.colcon_core.package_identification:_identify(build) by extension 'ignore'
[0.319s] Level 1:colcon.colcon_core.package_identification:_identify(build) ignored
[0.319s] Level 1:colcon.colcon_core.package_identification:_identify(install) by extensions ['ignore', 'ignore_ament_install']
[0.319s] Level 1:colcon.colcon_core.package_identification:_identify(install) by extension 'ignore'
[0.319s] Level 1:colcon.colcon_core.package_identification:_identify(install) ignored
[0.319s] Level 1:colcon.colcon_core.package_identification:_identify(log) by extensions ['ignore', 'ignore_ament_install']
[0.319s] Level 1:colcon.colcon_core.package_identification:_identify(log) by extension 'ignore'
[0.319s] Level 1:colcon.colcon_core.package_identification:_identify(log) ignored
[0.319s] Level 1:colcon.colcon_core.package_identification:_identify(src) by extensions ['ignore', 'ignore_ament_install']
[0.319s] Level 1:colcon.colcon_core.package_identification:_identify(src) by extension 'ignore'
[0.319s] Level 1:colcon.colcon_core.package_identification:_identify(src) by extension 'ignore_ament_install'
[0.320s] Level 1:colcon.colcon_core.package_identification:_identify(src) by extensions ['colcon_pkg']
[0.320s] Level 1:colcon.colcon_core.package_identification:_identify(src) by extension 'colcon_pkg'
[0.320s] Level 1:colcon.colcon_core.package_identification:_identify(src) by extensions ['colcon_meta']
[0.320s] Level 1:colcon.colcon_core.package_identification:_identify(src) by extension 'colcon_meta'
[0.320s] Level 1:colcon.colcon_core.package_identification:_identify(src) by extensions ['ros']
[0.320s] Level 1:colcon.colcon_core.package_identification:_identify(src) by extension 'ros'
[0.320s] Level 1:colcon.colcon_core.package_identification:_identify(src) by extensions ['cmake', 'python']
[0.320s] Level 1:colcon.colcon_core.package_identification:_identify(src) by extension 'cmake'
[0.320s] Level 1:colcon.colcon_core.package_identification:_identify(src) by extension 'python'
[0.320s] Level 1:colcon.colcon_core.package_identification:_identify(src) by extensions ['python_setup_py']
[0.320s] Level 1:colcon.colcon_core.package_identification:_identify(src) by extension 'python_setup_py'
[0.320s] Level 1:colcon.colcon_core.package_identification:_identify(src/arm_desc) by extensions ['ignore', 'ignore_ament_install']
[0.320s] Level 1:colcon.colcon_core.package_identification:_identify(src/arm_desc) by extension 'ignore'
[0.320s] Level 1:colcon.colcon_core.package_identification:_identify(src/arm_desc) by extension 'ignore_ament_install'
[0.320s] Level 1:colcon.colcon_core.package_identification:_identify(src/arm_desc) by extensions ['colcon_pkg']
[0.320s] Level 1:colcon.colcon_core.package_identification:_identify(src/arm_desc) by extension 'colcon_pkg'
[0.320s] Level 1:colcon.colcon_core.package_identification:_identify(src/arm_desc) by extensions ['colcon_meta']
[0.320s] Level 1:colcon.colcon_core.package_identification:_identify(src/arm_desc) by extension 'colcon_meta'
[0.321s] Level 1:colcon.colcon_core.package_identification:_identify(src/arm_desc) by extensions ['ros']
[0.321s] Level 1:colcon.colcon_core.package_identification:_identify(src/arm_desc) by extension 'ros'
[0.323s] DEBUG:colcon.colcon_core.package_identification:Package 'src/arm_desc' with type 'ros.ament_cmake' and name 'arm_desc'
[0.324s] Level 1:colcon.colcon_core.package_identification:_identify(src/kuka_moveit_config) by extensions ['ignore', 'ignore_ament_install']
[0.324s] Level 1:colcon.colcon_core.package_identification:_identify(src/kuka_moveit_config) by extension 'ignore'
[0.324s] Level 1:colcon.colcon_core.package_identification:_identify(src/kuka_moveit_config) by extension 'ignore_ament_install'
[0.324s] Level 1:colcon.colcon_core.package_identification:_identify(src/kuka_moveit_config) by extensions ['colcon_pkg']
[0.324s] Level 1:colcon.colcon_core.package_identification:_identify(src/kuka_moveit_config) by extension 'colcon_pkg'
[0.324s] Level 1:colcon.colcon_core.package_identification:_identify(src/kuka_moveit_config) by extensions ['colcon_meta']
[0.324s] Level 1:colcon.colcon_core.package_identification:_identify(src/kuka_moveit_config) by extension 'colcon_meta'
[0.324s] Level 1:colcon.colcon_core.package_identification:_identify(src/kuka_moveit_config) by extensions ['ros']
[0.324s] Level 1:colcon.colcon_core.package_identification:_identify(src/kuka_moveit_config) by extension 'ros'
[0.325s] DEBUG:colcon.colcon_core.package_identification:Package 'src/kuka_moveit_config' with type 'ros.ament_cmake' and name 'kuka_moveit_config'
[0.325s] Level 1:colcon.colcon_core.package_identification:_identify(src/kuka_pkg) by extensions ['ignore', 'ignore_ament_install']
[0.325s] Level 1:colcon.colcon_core.package_identification:_identify(src/kuka_pkg) by extension 'ignore'
[0.326s] Level 1:colcon.colcon_core.package_identification:_identify(src/kuka_pkg) by extension 'ignore_ament_install'
[0.326s] Level 1:colcon.colcon_core.package_identification:_identify(src/kuka_pkg) by extensions ['colcon_pkg']
[0.326s] Level 1:colcon.colcon_core.package_identification:_identify(src/kuka_pkg) by extension 'colcon_pkg'
[0.326s] Level 1:colcon.colcon_core.package_identification:_identify(src/kuka_pkg) by extensions ['colcon_meta']
[0.326s] Level 1:colcon.colcon_core.package_identification:_identify(src/kuka_pkg) by extension 'colcon_meta'
[0.326s] Level 1:colcon.colcon_core.package_identification:_identify(src/kuka_pkg) by extensions ['ros']
[0.326s] Level 1:colcon.colcon_core.package_identification:_identify(src/kuka_pkg) by extension 'ros'
[0.327s] DEBUG:colcon.colcon_core.package_identification:Package 'src/kuka_pkg' with type 'ros.ament_cmake' and name 'kuka_pkg'
[0.327s] Level 1:colcon.colcon_core.package_discovery:discover_packages(recursive) using defaults
[0.327s] Level 1:colcon.colcon_core.package_discovery:discover_packages(ignore) discover
[0.327s] Level 1:colcon.colcon_core.package_discovery:discover_packages(ignore) using defaults
[0.327s] Level 1:colcon.colcon_core.package_discovery:discover_packages(path) discover
[0.327s] Level 1:colcon.colcon_core.package_discovery:discover_packages(path) using defaults
[0.351s] Level 5:colcon.colcon_core.verb:set package 'arm_desc' build argument 'cmake_args' from command line to 'None'
[0.351s] Level 5:colcon.colcon_core.verb:set package 'arm_desc' build argument 'cmake_target' from command line to 'None'
[0.351s] Level 5:colcon.colcon_core.verb:set package 'arm_desc' build argument 'cmake_target_skip_unavailable' from command line to 'False'
[0.351s] Level 5:colcon.colcon_core.verb:set package 'arm_desc' build argument 'cmake_clean_cache' from command line to 'False'
[0.351s] Level 5:colcon.colcon_core.verb:set package 'arm_desc' build argument 'cmake_clean_first' from command line to 'False'
[0.351s] Level 5:colcon.colcon_core.verb:set package 'arm_desc' build argument 'cmake_force_configure' from command line to 'False'
[0.351s] Level 5:colcon.colcon_core.verb:set package 'arm_desc' build argument 'ament_cmake_args' from command line to 'None'
[0.352s] Level 5:colcon.colcon_core.verb:set package 'arm_desc' build argument 'catkin_cmake_args' from command line to 'None'
[0.352s] Level 5:colcon.colcon_core.verb:set package 'arm_desc' build argument 'catkin_skip_building_tests' from command line to 'False'
[0.352s] DEBUG:colcon.colcon_core.verb:Building package 'arm_desc' with the following arguments: {'ament_cmake_args': None, 'build_base': '/wipro_ws/build/arm_desc', 'catkin_cmake_args': None, 'catkin_skip_building_tests': False, 'cmake_args': None, 'cmake_clean_cache': False, 'cmake_clean_first': False, 'cmake_force_configure': False, 'cmake_target': None, 'cmake_target_skip_unavailable': False, 'install_base': '/wipro_ws/install/arm_desc', 'merge_install': False, 'path': '/wipro_ws/src/arm_desc', 'symlink_install': False, 'test_result_base': None}
[0.352s] Level 5:colcon.colcon_core.verb:set package 'kuka_pkg' build argument 'cmake_args' from command line to 'None'
[0.352s] Level 5:colcon.colcon_core.verb:set package 'kuka_pkg' build argument 'cmake_target' from command line to 'None'
[0.352s] Level 5:colcon.colcon_core.verb:set package 'kuka_pkg' build argument 'cmake_target_skip_unavailable' from command line to 'False'
[0.352s] Level 5:colcon.colcon_core.verb:set package 'kuka_pkg' build argument 'cmake_clean_cache' from command line to 'False'
[0.352s] Level 5:colcon.colcon_core.verb:set package 'kuka_pkg' build argument 'cmake_clean_first' from command line to 'False'
[0.352s] Level 5:colcon.colcon_core.verb:set package 'kuka_pkg' build argument 'cmake_force_configure' from command line to 'False'
[0.352s] Level 5:colcon.colcon_core.verb:set package 'kuka_pkg' build argument 'ament_cmake_args' from command line to 'None'
[0.352s] Level 5:colcon.colcon_core.verb:set package 'kuka_pkg' build argument 'catkin_cmake_args' from command line to 'None'
[0.352s] Level 5:colcon.colcon_core.verb:set package 'kuka_pkg' build argument 'catkin_skip_building_tests' from command line to 'False'
[0.352s] DEBUG:colcon.colcon_core.verb:Building package 'kuka_pkg' with the following arguments: {'ament_cmake_args': None, 'build_base': '/wipro_ws/build/kuka_pkg', 'catkin_cmake_args': None, 'catkin_skip_building_tests': False, 'cmake_args': None, 'cmake_clean_cache': False, 'cmake_clean_first': False, 'cmake_force_configure': False, 'cmake_target': None, 'cmake_target_skip_unavailable': False, 'install_base': '/wipro_ws/install/kuka_pkg', 'merge_install': False, 'path': '/wipro_ws/src/kuka_pkg', 'symlink_install': False, 'test_result_base': None}
[0.353s] Level 5:colcon.colcon_core.verb:set package 'kuka_moveit_config' build argument 'cmake_args' from command line to 'None'
[0.353s] Level 5:colcon.colcon_core.verb:set package 'kuka_moveit_config' build argument 'cmake_target' from command line to 'None'
[0.353s] Level 5:colcon.colcon_core.verb:set package 'kuka_moveit_config' build argument 'cmake_target_skip_unavailable' from command line to 'False'
[0.353s] Level 5:colcon.colcon_core.verb:set package 'kuka_moveit_config' build argument 'cmake_clean_cache' from command line to 'False'
[0.353s] Level 5:colcon.colcon_core.verb:set package 'kuka_moveit_config' build argument 'cmake_clean_first' from command line to 'False'
[0.353s] Level 5:colcon.colcon_core.verb:set package 'kuka_moveit_config' build argument 'cmake_force_configure' from command line to 'False'
[0.353s] Level 5:colcon.colcon_core.verb:set package 'kuka_moveit_config' build argument 'ament_cmake_args' from command line to 'None'
[0.353s] Level 5:colcon.colcon_core.verb:set package 'kuka_moveit_config' build argument 'catkin_cmake_args' from command line to 'None'
[0.353s] Level 5:colcon.colcon_core.verb:set package 'kuka_moveit_config' build argument 'catkin_skip_building_tests' from command line to 'False'
[0.353s] DEBUG:colcon.colcon_core.verb:Building package 'kuka_moveit_config' with the following arguments: {'ament_cmake_args': None, 'build_base': '/wipro_ws/build/kuka_moveit_config', 'catkin_cmake_args': None, 'catkin_skip_building_tests': False, 'cmake_args': None, 'cmake_clean_cache': False, 'cmake_clean_first': False, 'cmake_force_configure': False, 'cmake_target': None, 'cmake_target_skip_unavailable': False, 'install_base': '/wipro_ws/install/kuka_moveit_config', 'merge_install': False, 'path': '/wipro_ws/src/kuka_moveit_config', 'symlink_install': False, 'test_result_base': None}
[0.353s] INFO:colcon.colcon_core.executor:Executing jobs using 'parallel' executor
[0.354s] DEBUG:colcon.colcon_parallel_executor.executor.parallel:run_until_complete
[0.355s] INFO:colcon.colcon_ros.task.ament_cmake.build:Building ROS package in '/wipro_ws/src/arm_desc' with build type 'ament_cmake'
[0.355s] INFO:colcon.colcon_cmake.task.cmake.build:Building CMake package in '/wipro_ws/src/arm_desc'
[0.357s] INFO:colcon.colcon_core.plugin_system:Skipping extension 'colcon_core.shell.bat': Not used on non-Windows systems
[0.358s] INFO:colcon.colcon_core.shell:Skip shell extension 'powershell' for command environment: Not usable outside of PowerShell
[0.358s] DEBUG:colcon.colcon_core.shell:Skip shell extension 'dsv' for command environment
[0.364s] INFO:colcon.colcon_ros.task.ament_cmake.build:Building ROS package in '/wipro_ws/src/kuka_pkg' with build type 'ament_cmake'
[0.365s] INFO:colcon.colcon_cmake.task.cmake.build:Building CMake package in '/wipro_ws/src/kuka_pkg'
[0.365s] INFO:colcon.colcon_core.shell:Skip shell extension 'powershell' for command environment: Not usable outside of PowerShell
[0.365s] DEBUG:colcon.colcon_core.shell:Skip shell extension 'dsv' for command environment
[0.378s] DEBUG:colcon.colcon_core.event_handler.log_command:Invoking command in '/wipro_ws/build/arm_desc': CMAKE_PREFIX_PATH=${CMAKE_PREFIX_PATH}:/opt/ros/humble /usr/bin/cmake --build /wipro_ws/build/arm_desc -- -j16 -l16
[0.389s] DEBUG:colcon.colcon_core.event_handler.log_command:Invoking command in '/wipro_ws/build/kuka_pkg': CMAKE_PREFIX_PATH=${CMAKE_PREFIX_PATH}:/opt/ros/humble /usr/bin/cmake --build /wipro_ws/build/kuka_pkg -- -j16 -l16
[0.444s] DEBUG:colcon.colcon_core.event_handler.log_command:Invoked command in '/wipro_ws/build/arm_desc' returned '0': CMAKE_PREFIX_PATH=${CMAKE_PREFIX_PATH}:/opt/ros/humble /usr/bin/cmake --build /wipro_ws/build/arm_desc -- -j16 -l16
[0.458s] DEBUG:colcon.colcon_core.event_handler.log_command:Invoking command in '/wipro_ws/build/arm_desc': CMAKE_PREFIX_PATH=${CMAKE_PREFIX_PATH}:/opt/ros/humble /usr/bin/cmake --install /wipro_ws/build/arm_desc
[0.477s] Level 1:colcon.colcon_core.environment:create_environment_scripts_only(arm_desc)
[0.478s] DEBUG:colcon.colcon_core.event_handler.log_command:Invoked command in '/wipro_ws/build/arm_desc' returned '0': CMAKE_PREFIX_PATH=${CMAKE_PREFIX_PATH}:/opt/ros/humble /usr/bin/cmake --install /wipro_ws/build/arm_desc
[0.481s] Level 1:colcon.colcon_core.environment:checking '/wipro_ws/install/arm_desc' for CMake module files
[0.482s] Level 1:colcon.colcon_core.environment:checking '/wipro_ws/install/arm_desc' for CMake config files
[0.482s] Level 1:colcon.colcon_core.shell:create_environment_hook('arm_desc', 'cmake_prefix_path')
[0.483s] INFO:colcon.colcon_core.shell:Creating environment hook '/wipro_ws/install/arm_desc/share/arm_desc/hook/cmake_prefix_path.ps1'
[0.484s] INFO:colcon.colcon_core.shell:Creating environment descriptor '/wipro_ws/install/arm_desc/share/arm_desc/hook/cmake_prefix_path.dsv'
[0.485s] INFO:colcon.colcon_core.shell:Creating environment hook '/wipro_ws/install/arm_desc/share/arm_desc/hook/cmake_prefix_path.sh'
[0.486s] Level 1:colcon.colcon_core.environment:checking '/wipro_ws/install/arm_desc/bin'
[0.486s] Level 1:colcon.colcon_core.environment:checking '/wipro_ws/install/arm_desc/lib/pkgconfig/arm_desc.pc'
[0.489s] Level 1:colcon.colcon_core.environment:checking '/wipro_ws/install/arm_desc/lib/python3.10/site-packages'
[0.490s] Level 1:colcon.colcon_core.environment:checking '/wipro_ws/install/arm_desc/bin'
[0.490s] INFO:colcon.colcon_core.shell:Creating package script '/wipro_ws/install/arm_desc/share/arm_desc/package.ps1'
[0.492s] INFO:colcon.colcon_core.shell:Creating package descriptor '/wipro_ws/install/arm_desc/share/arm_desc/package.dsv'
[0.493s] INFO:colcon.colcon_core.shell:Creating package script '/wipro_ws/install/arm_desc/share/arm_desc/package.sh'
[0.495s] INFO:colcon.colcon_core.shell:Creating package script '/wipro_ws/install/arm_desc/share/arm_desc/package.bash'
[0.496s] INFO:colcon.colcon_core.shell:Creating package script '/wipro_ws/install/arm_desc/share/arm_desc/package.zsh'
[0.500s] Level 1:colcon.colcon_core.environment:create_file_with_runtime_dependencies(/wipro_ws/install/arm_desc/share/colcon-core/packages/arm_desc)
[0.501s] Level 1:colcon.colcon_core.environment:create_environment_scripts_only(arm_desc)
[0.501s] Level 1:colcon.colcon_core.environment:checking '/wipro_ws/install/arm_desc' for CMake module files
[0.501s] Level 1:colcon.colcon_core.environment:checking '/wipro_ws/install/arm_desc' for CMake config files
[0.502s] Level 1:colcon.colcon_core.shell:create_environment_hook('arm_desc', 'cmake_prefix_path')
[0.502s] INFO:colcon.colcon_core.shell:Creating environment hook '/wipro_ws/install/arm_desc/share/arm_desc/hook/cmake_prefix_path.ps1'
[0.503s] INFO:colcon.colcon_core.shell:Creating environment descriptor '/wipro_ws/install/arm_desc/share/arm_desc/hook/cmake_prefix_path.dsv'
[0.503s] INFO:colcon.colcon_core.shell:Creating environment hook '/wipro_ws/install/arm_desc/share/arm_desc/hook/cmake_prefix_path.sh'
[0.504s] Level 1:colcon.colcon_core.environment:checking '/wipro_ws/install/arm_desc/bin'
[0.504s] Level 1:colcon.colcon_core.environment:checking '/wipro_ws/install/arm_desc/lib/pkgconfig/arm_desc.pc'
[0.504s] Level 1:colcon.colcon_core.environment:checking '/wipro_ws/install/arm_desc/lib/python3.10/site-packages'
[0.505s] Level 1:colcon.colcon_core.environment:checking '/wipro_ws/install/arm_desc/bin'
[0.505s] INFO:colcon.colcon_core.shell:Creating package script '/wipro_ws/install/arm_desc/share/arm_desc/package.ps1'
[0.506s] INFO:colcon.colcon_core.shell:Creating package descriptor '/wipro_ws/install/arm_desc/share/arm_desc/package.dsv'
[0.506s] INFO:colcon.colcon_core.shell:Creating package script '/wipro_ws/install/arm_desc/share/arm_desc/package.sh'
[0.507s] INFO:colcon.colcon_core.shell:Creating package script '/wipro_ws/install/arm_desc/share/arm_desc/package.bash'
[0.508s] INFO:colcon.colcon_core.shell:Creating package script '/wipro_ws/install/arm_desc/share/arm_desc/package.zsh'
[0.509s] Level 1:colcon.colcon_core.environment:create_file_with_runtime_dependencies(/wipro_ws/install/arm_desc/share/colcon-core/packages/arm_desc)
[0.509s] INFO:colcon.colcon_ros.task.ament_cmake.build:Building ROS package in '/wipro_ws/src/kuka_moveit_config' with build type 'ament_cmake'
[0.510s] INFO:colcon.colcon_cmake.task.cmake.build:Building CMake package in '/wipro_ws/src/kuka_moveit_config'
[0.510s] INFO:colcon.colcon_core.shell:Skip shell extension 'powershell' for command environment: Not usable outside of PowerShell
[0.510s] DEBUG:colcon.colcon_core.shell:Skip shell extension 'dsv' for command environment
[0.518s] DEBUG:colcon.colcon_core.event_handler.log_command:Invoked command in '/wipro_ws/build/kuka_pkg' returned '0': CMAKE_PREFIX_PATH=${CMAKE_PREFIX_PATH}:/opt/ros/humble /usr/bin/cmake --build /wipro_ws/build/kuka_pkg -- -j16 -l16
[0.521s] DEBUG:colcon.colcon_core.event_handler.log_command:Invoking command in '/wipro_ws/build/kuka_pkg': CMAKE_PREFIX_PATH=${CMAKE_PREFIX_PATH}:/opt/ros/humble /usr/bin/cmake --install /wipro_ws/build/kuka_pkg
[0.526s] DEBUG:colcon.colcon_core.event_handler.log_command:Invoking command in '/wipro_ws/build/kuka_moveit_config': CMAKE_PREFIX_PATH=/wipro_ws/install/arm_desc:/wipro_ws/install/kuka_moveit_config:/wipro_ws/install/kuka_pkg:/opt/ros/humble /usr/bin/cmake --build /wipro_ws/build/kuka_moveit_config -- -j16 -l16
[0.538s] Level 1:colcon.colcon_core.environment:create_environment_scripts_only(kuka_pkg)
[0.539s] Level 1:colcon.colcon_core.environment:checking '/wipro_ws/install/kuka_pkg' for CMake module files
[0.540s] DEBUG:colcon.colcon_core.event_handler.log_command:Invoked command in '/wipro_ws/build/kuka_pkg' returned '0': CMAKE_PREFIX_PATH=${CMAKE_PREFIX_PATH}:/opt/ros/humble /usr/bin/cmake --install /wipro_ws/build/kuka_pkg
[0.540s] Level 1:colcon.colcon_core.environment:checking '/wipro_ws/install/kuka_pkg' for CMake config files
[0.540s] Level 1:colcon.colcon_core.shell:create_environment_hook('kuka_pkg', 'cmake_prefix_path')
[0.541s] INFO:colcon.colcon_core.shell:Creating environment hook '/wipro_ws/install/kuka_pkg/share/kuka_pkg/hook/cmake_prefix_path.ps1'
[0.542s] INFO:colcon.colcon_core.shell:Creating environment descriptor '/wipro_ws/install/kuka_pkg/share/kuka_pkg/hook/cmake_prefix_path.dsv'
[0.542s] INFO:colcon.colcon_core.shell:Creating environment hook '/wipro_ws/install/kuka_pkg/share/kuka_pkg/hook/cmake_prefix_path.sh'
[0.543s] Level 1:colcon.colcon_core.environment:checking '/wipro_ws/install/kuka_pkg/lib'
[0.544s] Level 1:colcon.colcon_core.environment:checking '/wipro_ws/install/kuka_pkg/bin'
[0.544s] Level 1:colcon.colcon_core.environment:checking '/wipro_ws/install/kuka_pkg/lib/pkgconfig/kuka_pkg.pc'
[0.544s] Level 1:colcon.colcon_core.environment:checking '/wipro_ws/install/kuka_pkg/lib/python3.10/site-packages'
[0.544s] Level 1:colcon.colcon_core.environment:checking '/wipro_ws/install/kuka_pkg/bin'
[0.545s] INFO:colcon.colcon_core.shell:Creating package script '/wipro_ws/install/kuka_pkg/share/kuka_pkg/package.ps1'
[0.546s] INFO:colcon.colcon_core.shell:Creating package descriptor '/wipro_ws/install/kuka_pkg/share/kuka_pkg/package.dsv'
[0.547s] INFO:colcon.colcon_core.shell:Creating package script '/wipro_ws/install/kuka_pkg/share/kuka_pkg/package.sh'
[0.548s] INFO:colcon.colcon_core.shell:Creating package script '/wipro_ws/install/kuka_pkg/share/kuka_pkg/package.bash'
[0.549s] INFO:colcon.colcon_core.shell:Creating package script '/wipro_ws/install/kuka_pkg/share/kuka_pkg/package.zsh'
[0.550s] Level 1:colcon.colcon_core.environment:create_file_with_runtime_dependencies(/wipro_ws/install/kuka_pkg/share/colcon-core/packages/kuka_pkg)
[0.551s] Level 1:colcon.colcon_core.environment:create_environment_scripts_only(kuka_pkg)
[0.551s] Level 1:colcon.colcon_core.environment:checking '/wipro_ws/install/kuka_pkg' for CMake module files
[0.552s] Level 1:colcon.colcon_core.environment:checking '/wipro_ws/install/kuka_pkg' for CMake config files
[0.552s] Level 1:colcon.colcon_core.shell:create_environment_hook('kuka_pkg', 'cmake_prefix_path')
[0.553s] INFO:colcon.colcon_core.shell:Creating environment hook '/wipro_ws/install/kuka_pkg/share/kuka_pkg/hook/cmake_prefix_path.ps1'
[0.554s] INFO:colcon.colcon_core.shell:Creating environment descriptor '/wipro_ws/install/kuka_pkg/share/kuka_pkg/hook/cmake_prefix_path.dsv'
[0.555s] INFO:colcon.colcon_core.shell:Creating environment hook '/wipro_ws/install/kuka_pkg/share/kuka_pkg/hook/cmake_prefix_path.sh'
[0.556s] Level 1:colcon.colcon_core.environment:checking '/wipro_ws/install/kuka_pkg/lib'
[0.556s] Level 1:colcon.colcon_core.environment:checking '/wipro_ws/install/kuka_pkg/bin'
[0.556s] Level 1:colcon.colcon_core.environment:checking '/wipro_ws/install/kuka_pkg/lib/pkgconfig/kuka_pkg.pc'
[0.556s] Level 1:colcon.colcon_core.environment:checking '/wipro_ws/install/kuka_pkg/lib/python3.10/site-packages'
[0.556s] Level 1:colcon.colcon_core.environment:checking '/wipro_ws/install/kuka_pkg/bin'
[0.557s] INFO:colcon.colcon_core.shell:Creating package script '/wipro_ws/install/kuka_pkg/share/kuka_pkg/package.ps1'
[0.558s] INFO:colcon.colcon_core.shell:Creating package descriptor '/wipro_ws/install/kuka_pkg/share/kuka_pkg/package.dsv'
[0.558s] INFO:colcon.colcon_core.shell:Creating package script '/wipro_ws/install/kuka_pkg/share/kuka_pkg/package.sh'
[0.559s] INFO:colcon.colcon_core.shell:Creating package script '/wipro_ws/install/kuka_pkg/share/kuka_pkg/package.bash'
[0.560s] INFO:colcon.colcon_core.shell:Creating package script '/wipro_ws/install/kuka_pkg/share/kuka_pkg/package.zsh'
[0.560s] Level 1:colcon.colcon_core.environment:create_file_with_runtime_dependencies(/wipro_ws/install/kuka_pkg/share/colcon-core/packages/kuka_pkg)
[0.868s] DEBUG:colcon.colcon_core.event_handler.log_command:Invoked command in '/wipro_ws/build/kuka_moveit_config' returned '0': CMAKE_PREFIX_PATH=/wipro_ws/install/arm_desc:/wipro_ws/install/kuka_moveit_config:/wipro_ws/install/kuka_pkg:/opt/ros/humble /usr/bin/cmake --build /wipro_ws/build/kuka_moveit_config -- -j16 -l16
[0.870s] DEBUG:colcon.colcon_core.event_handler.log_command:Invoking command in '/wipro_ws/build/kuka_moveit_config': CMAKE_PREFIX_PATH=/wipro_ws/install/arm_desc:/wipro_ws/install/kuka_moveit_config:/wipro_ws/install/kuka_pkg:/opt/ros/humble /usr/bin/cmake --install /wipro_ws/build/kuka_moveit_config
[0.889s] Level 1:colcon.colcon_core.environment:create_environment_scripts_only(kuka_moveit_config)
[0.890s] Level 1:colcon.colcon_core.environment:checking '/wipro_ws/install/kuka_moveit_config' for CMake module files
[0.890s] Level 1:colcon.colcon_core.environment:checking '/wipro_ws/install/kuka_moveit_config' for CMake config files
[0.891s] Level 1:colcon.colcon_core.shell:create_environment_hook('kuka_moveit_config', 'cmake_prefix_path')
[0.891s] INFO:colcon.colcon_core.shell:Creating environment hook '/wipro_ws/install/kuka_moveit_config/share/kuka_moveit_config/hook/cmake_prefix_path.ps1'
[0.892s] INFO:colcon.colcon_core.shell:Creating environment descriptor '/wipro_ws/install/kuka_moveit_config/share/kuka_moveit_config/hook/cmake_prefix_path.dsv'
[0.892s] INFO:colcon.colcon_core.shell:Creating environment hook '/wipro_ws/install/kuka_moveit_config/share/kuka_moveit_config/hook/cmake_prefix_path.sh'
[0.893s] DEBUG:colcon.colcon_core.event_handler.log_command:Invoked command in '/wipro_ws/build/kuka_moveit_config' returned '0': CMAKE_PREFIX_PATH=/wipro_ws/install/arm_desc:/wipro_ws/install/kuka_moveit_config:/wipro_ws/install/kuka_pkg:/opt/ros/humble /usr/bin/cmake --install /wipro_ws/build/kuka_moveit_config
[0.893s] Level 1:colcon.colcon_core.environment:checking '/wipro_ws/install/kuka_moveit_config/bin'
[0.893s] Level 1:colcon.colcon_core.environment:checking '/wipro_ws/install/kuka_moveit_config/lib/pkgconfig/kuka_moveit_config.pc'
[0.894s] Level 1:colcon.colcon_core.environment:checking '/wipro_ws/install/kuka_moveit_config/lib/python3.10/site-packages'
[0.894s] Level 1:colcon.colcon_core.environment:checking '/wipro_ws/install/kuka_moveit_config/bin'
[0.894s] INFO:colcon.colcon_core.shell:Creating package script '/wipro_ws/install/kuka_moveit_config/share/kuka_moveit_config/package.ps1'
[0.895s] INFO:colcon.colcon_core.shell:Creating package descriptor '/wipro_ws/install/kuka_moveit_config/share/kuka_moveit_config/package.dsv'
[0.896s] INFO:colcon.colcon_core.shell:Creating package script '/wipro_ws/install/kuka_moveit_config/share/kuka_moveit_config/package.sh'
[0.896s] INFO:colcon.colcon_core.shell:Creating package script '/wipro_ws/install/kuka_moveit_config/share/kuka_moveit_config/package.bash'
[0.897s] INFO:colcon.colcon_core.shell:Creating package script '/wipro_ws/install/kuka_moveit_config/share/kuka_moveit_config/package.zsh'
[0.897s] Level 1:colcon.colcon_core.environment:create_file_with_runtime_dependencies(/wipro_ws/install/kuka_moveit_config/share/colcon-core/packages/kuka_moveit_config)
[0.898s] Level 1:colcon.colcon_core.environment:create_environment_scripts_only(kuka_moveit_config)
[0.899s] Level 1:colcon.colcon_core.environment:checking '/wipro_ws/install/kuka_moveit_config' for CMake module files
[0.899s] Level 1:colcon.colcon_core.environment:checking '/wipro_ws/install/kuka_moveit_config' for CMake config files
[0.899s] Level 1:colcon.colcon_core.shell:create_environment_hook('kuka_moveit_config', 'cmake_prefix_path')
[0.900s] INFO:colcon.colcon_core.shell:Creating environment hook '/wipro_ws/install/kuka_moveit_config/share/kuka_moveit_config/hook/cmake_prefix_path.ps1'
[0.900s] INFO:colcon.colcon_core.shell:Creating environment descriptor '/wipro_ws/install/kuka_moveit_config/share/kuka_moveit_config/hook/cmake_prefix_path.dsv'
[0.901s] INFO:colcon.colcon_core.shell:Creating environment hook '/wipro_ws/install/kuka_moveit_config/share/kuka_moveit_config/hook/cmake_prefix_path.sh'
[0.902s] Level 1:colcon.colcon_core.environment:checking '/wipro_ws/install/kuka_moveit_config/bin'
[0.902s] Level 1:colcon.colcon_core.environment:checking '/wipro_ws/install/kuka_moveit_config/lib/pkgconfig/kuka_moveit_config.pc'
[0.903s] Level 1:colcon.colcon_core.environment:checking '/wipro_ws/install/kuka_moveit_config/lib/python3.10/site-packages'
[0.903s] Level 1:colcon.colcon_core.environment:checking '/wipro_ws/install/kuka_moveit_config/bin'
[0.903s] INFO:colcon.colcon_core.shell:Creating package script '/wipro_ws/install/kuka_moveit_config/share/kuka_moveit_config/package.ps1'
[0.904s] INFO:colcon.colcon_core.shell:Creating package descriptor '/wipro_ws/install/kuka_moveit_config/share/kuka_moveit_config/package.dsv'
[0.905s] INFO:colcon.colcon_core.shell:Creating package script '/wipro_ws/install/kuka_moveit_config/share/kuka_moveit_config/package.sh'
[0.905s] INFO:colcon.colcon_core.shell:Creating package script '/wipro_ws/install/kuka_moveit_config/share/kuka_moveit_config/package.bash'
[0.905s] INFO:colcon.colcon_core.shell:Creating package script '/wipro_ws/install/kuka_moveit_config/share/kuka_moveit_config/package.zsh'
[0.906s] Level 1:colcon.colcon_core.environment:create_file_with_runtime_dependencies(/wipro_ws/install/kuka_moveit_config/share/colcon-core/packages/kuka_moveit_config)
[0.906s] DEBUG:colcon.colcon_parallel_executor.executor.parallel:closing loop
[0.907s] DEBUG:colcon.colcon_parallel_executor.executor.parallel:loop closed
[0.907s] DEBUG:colcon.colcon_parallel_executor.executor.parallel:run_until_complete finished with '0'
[0.907s] DEBUG:colcon.colcon_core.event_reactor:joining thread
[0.931s] INFO:colcon.colcon_core.plugin_system:Skipping extension 'colcon_notification.desktop_notification.notify_send': Could not find 'notify-send'
[0.931s] INFO:colcon.colcon_core.plugin_system:Skipping extension 'colcon_notification.desktop_notification.terminal_notifier': Not used on non-Darwin systems
[0.931s] INFO:colcon.colcon_core.plugin_system:Skipping extension 'colcon_notification.desktop_notification.win32': Not used on non-Windows systems
[0.932s] INFO:colcon.colcon_notification.desktop_notification:Sending desktop notification using 'notify2'
[0.936s] DEBUG:colcon.colcon_notification.desktop_notification.notify2:Failed to initialize notify2: org.freedesktop.DBus.Error.Spawn.ExecFailed: /usr/bin/dbus-launch terminated abnormally without any error message
[0.936s] DEBUG:colcon.colcon_core.event_reactor:joined thread
[0.937s] INFO:colcon.colcon_core.shell:Creating prefix script '/wipro_ws/install/local_setup.ps1'
[0.939s] INFO:colcon.colcon_core.shell:Creating prefix util module '/wipro_ws/install/_local_setup_util_ps1.py'
[0.941s] INFO:colcon.colcon_core.shell:Creating prefix chain script '/wipro_ws/install/setup.ps1'
[0.943s] INFO:colcon.colcon_core.shell:Creating prefix script '/wipro_ws/install/local_setup.sh'
[0.944s] INFO:colcon.colcon_core.shell:Creating prefix util module '/wipro_ws/install/_local_setup_util_sh.py'
[0.945s] INFO:colcon.colcon_core.shell:Creating prefix chain script '/wipro_ws/install/setup.sh'
[0.947s] INFO:colcon.colcon_core.shell:Creating prefix script '/wipro_ws/install/local_setup.bash'
[0.948s] INFO:colcon.colcon_core.shell:Creating prefix chain script '/wipro_ws/install/setup.bash'
[0.951s] INFO:colcon.colcon_core.shell:Creating prefix script '/wipro_ws/install/local_setup.zsh'
[0.952s] INFO:colcon.colcon_core.shell:Creating prefix chain script '/wipro_ws/install/setup.zsh'
