[0.020s] Invoking command in '/wipro_ws/build/kuka_pkg': CMAKE_PREFIX_PATH=/opt/ros/humble /usr/bin/cmake --build /wipro_ws/build/kuka_pkg -- -j16 -l16
[0.097s] [35m[1mConsolidate compiler generated dependencies of target kuka_node[0m
[0.140s] [100%] Built target kuka_node
[0.160s] Invoked command in '/wipro_ws/build/kuka_pkg' returned '0': CMAKE_PREFIX_PATH=/opt/ros/humble /usr/bin/cmake --build /wipro_ws/build/kuka_pkg -- -j16 -l16
[0.162s] Invoking command in '/wipro_ws/build/kuka_pkg': CMAKE_PREFIX_PATH=/opt/ros/humble /usr/bin/cmake --install /wipro_ws/build/kuka_pkg
[0.175s] -- Install configuration: ""
[0.176s] -- Up-to-date: /wipro_ws/install/kuka_pkg/lib/kuka_pkg/kuka_node
[0.176s] -- Up-to-date: /wipro_ws/install/kuka_pkg/share/ament_index/resource_index/package_run_dependencies/kuka_pkg
[0.176s] -- Up-to-date: /wipro_ws/install/kuka_pkg/share/ament_index/resource_index/parent_prefix_path/kuka_pkg
[0.176s] -- Up-to-date: /wipro_ws/install/kuka_pkg/share/kuka_pkg/environment/ament_prefix_path.sh
[0.177s] -- Up-to-date: /wipro_ws/install/kuka_pkg/share/kuka_pkg/environment/ament_prefix_path.dsv
[0.177s] -- Up-to-date: /wipro_ws/install/kuka_pkg/share/kuka_pkg/environment/path.sh
[0.177s] -- Up-to-date: /wipro_ws/install/kuka_pkg/share/kuka_pkg/environment/path.dsv
[0.177s] -- Up-to-date: /wipro_ws/install/kuka_pkg/share/kuka_pkg/local_setup.bash
[0.177s] -- Up-to-date: /wipro_ws/install/kuka_pkg/share/kuka_pkg/local_setup.sh
[0.177s] -- Up-to-date: /wipro_ws/install/kuka_pkg/share/kuka_pkg/local_setup.zsh
[0.177s] -- Up-to-date: /wipro_ws/install/kuka_pkg/share/kuka_pkg/local_setup.dsv
[0.177s] -- Installing: /wipro_ws/install/kuka_pkg/share/kuka_pkg/package.dsv
[0.179s] -- Up-to-date: /wipro_ws/install/kuka_pkg/share/ament_index/resource_index/packages/kuka_pkg
[0.179s] -- Up-to-date: /wipro_ws/install/kuka_pkg/share/kuka_pkg/cmake/kuka_pkgConfig.cmake
[0.179s] -- Up-to-date: /wipro_ws/install/kuka_pkg/share/kuka_pkg/cmake/kuka_pkgConfig-version.cmake
[0.179s] -- Up-to-date: /wipro_ws/install/kuka_pkg/share/kuka_pkg/package.xml
[0.183s] Invoked command in '/wipro_ws/build/kuka_pkg' returned '0': CMAKE_PREFIX_PATH=/opt/ros/humble /usr/bin/cmake --install /wipro_ws/build/kuka_pkg
