-- Install configuration: ""
-- Up-to-date: /nWipro_ws/install/kuka_moveit_config/share/ament_index/resource_index/package_run_dependencies/kuka_moveit_config
-- Up-to-date: /nWipro_ws/install/kuka_moveit_config/share/ament_index/resource_index/parent_prefix_path/kuka_moveit_config
-- Up-to-date: /nWipro_ws/install/kuka_moveit_config/share/kuka_moveit_config/environment/ament_prefix_path.sh
-- Up-to-date: /nWipro_ws/install/kuka_moveit_config/share/kuka_moveit_config/environment/ament_prefix_path.dsv
-- Up-to-date: /nWipro_ws/install/kuka_moveit_config/share/kuka_moveit_config/environment/path.sh
-- Up-to-date: /nWipro_ws/install/kuka_moveit_config/share/kuka_moveit_config/environment/path.dsv
-- Up-to-date: /nWipro_ws/install/kuka_moveit_config/share/kuka_moveit_config/local_setup.bash
-- Up-to-date: /nWipro_ws/install/kuka_moveit_config/share/kuka_moveit_config/local_setup.sh
-- Up-to-date: /nWipro_ws/install/kuka_moveit_config/share/kuka_moveit_config/local_setup.zsh
-- Up-to-date: /nWipro_ws/install/kuka_moveit_config/share/kuka_moveit_config/local_setup.dsv
-- Up-to-date: /nWipro_ws/install/kuka_moveit_config/share/kuka_moveit_config/package.dsv
-- Up-to-date: /nWipro_ws/install/kuka_moveit_config/share/ament_index/resource_index/packages/kuka_moveit_config
-- Up-to-date: /nWipro_ws/install/kuka_moveit_config/share/kuka_moveit_config/cmake/kuka_moveit_configConfig.cmake
-- Up-to-date: /nWipro_ws/install/kuka_moveit_config/share/kuka_moveit_config/cmake/kuka_moveit_configConfig-version.cmake
-- Up-to-date: /nWipro_ws/install/kuka_moveit_config/share/kuka_moveit_config/package.xml
-- Up-to-date: /nWipro_ws/install/kuka_moveit_config/share/kuka_moveit_config/launch
-- Up-to-date: /nWipro_ws/install/kuka_moveit_config/share/kuka_moveit_config/launch/moveit_rviz.launch.py
-- Up-to-date: /nWipro_ws/install/kuka_moveit_config/share/kuka_moveit_config/launch/move_group.launch.py
-- Up-to-date: /nWipro_ws/install/kuka_moveit_config/share/kuka_moveit_config/launch/setup_assistant.launch.py
-- Up-to-date: /nWipro_ws/install/kuka_moveit_config/share/kuka_moveit_config/launch/spawn_controllers.launch.py
-- Up-to-date: /nWipro_ws/install/kuka_moveit_config/share/kuka_moveit_config/launch/static_virtual_joint_tfs.launch.py
-- Up-to-date: /nWipro_ws/install/kuka_moveit_config/share/kuka_moveit_config/launch/rsp.launch.py
-- Up-to-date: /nWipro_ws/install/kuka_moveit_config/share/kuka_moveit_config/launch/warehouse_db.launch.py
-- Up-to-date: /nWipro_ws/install/kuka_moveit_config/share/kuka_moveit_config/launch/demo.launch.py
-- Up-to-date: /nWipro_ws/install/kuka_moveit_config/share/kuka_moveit_config/config
-- Up-to-date: /nWipro_ws/install/kuka_moveit_config/share/kuka_moveit_config/config/sensors_3d.yaml
-- Up-to-date: /nWipro_ws/install/kuka_moveit_config/share/kuka_moveit_config/config/pilz_cartesian_limits.yaml
-- Up-to-date: /nWipro_ws/install/kuka_moveit_config/share/kuka_moveit_config/config/moveit.rviz
-- Up-to-date: /nWipro_ws/install/kuka_moveit_config/share/kuka_moveit_config/config/joint_limits.yaml
-- Up-to-date: /nWipro_ws/install/kuka_moveit_config/share/kuka_moveit_config/config/kr70_r2100.urdf
-- Up-to-date: /nWipro_ws/install/kuka_moveit_config/share/kuka_moveit_config/config/initial_positions.yaml
-- Up-to-date: /nWipro_ws/install/kuka_moveit_config/share/kuka_moveit_config/config/kr70_r2100
-- Installing: /nWipro_ws/install/kuka_moveit_config/share/kuka_moveit_config/config/kr70_r2100/kr70_r2100.usd
-- Up-to-date: /nWipro_ws/install/kuka_moveit_config/share/kuka_moveit_config/config/kr70_r2100/configuration
-- Installing: /nWipro_ws/install/kuka_moveit_config/share/kuka_moveit_config/config/kr70_r2100/configuration/kr70_r2100_base.usd
-- Installing: /nWipro_ws/install/kuka_moveit_config/share/kuka_moveit_config/config/kr70_r2100/configuration/kr70_r2100_physics.usd
-- Installing: /nWipro_ws/install/kuka_moveit_config/share/kuka_moveit_config/config/kr70_r2100/configuration/kr70_r2100_sensor.usd
-- Up-to-date: /nWipro_ws/install/kuka_moveit_config/share/kuka_moveit_config/config/ros2_controllers.yaml
-- Up-to-date: /nWipro_ws/install/kuka_moveit_config/share/kuka_moveit_config/config/kinematics.yaml
-- Up-to-date: /nWipro_ws/install/kuka_moveit_config/share/kuka_moveit_config/config/kr70_r2100.srdf
-- Up-to-date: /nWipro_ws/install/kuka_moveit_config/share/kuka_moveit_config/config/kr70_r2100.urdf.xacro
-- Installing: /nWipro_ws/install/kuka_moveit_config/share/kuka_moveit_config/config/kr70_r2100.ros2_control.xacro
-- Up-to-date: /nWipro_ws/install/kuka_moveit_config/share/kuka_moveit_config/config/moveit_controllers.yaml
-- Up-to-date: /nWipro_ws/install/kuka_moveit_config/share/kuka_moveit_config/.setup_assistant
