[0.077s] DEBUG:colcon:Command line arguments: ['/usr/bin/colcon', 'build']
[0.077s] DEBUG:colcon:Parsed command line arguments: Namespace(log_base=None, log_level=None, verb_name='build', build_base='build', install_base='install', merge_install=False, symlink_install=False, test_result_base=None, continue_on_error=False, executor='parallel', parallel_workers=16, event_handlers=None, ignore_user_meta=False, metas=['./colcon.meta'], base_paths=['.'], packages_ignore=None, packages_ignore_regex=None, paths=None, packages_up_to=None, packages_up_to_regex=None, packages_above=None, packages_above_and_dependencies=None, packages_above_depth=None, packages_select_by_dep=None, packages_skip_by_dep=None, packages_skip_up_to=None, packages_select_build_failed=False, packages_skip_build_finished=False, packages_select_test_failures=False, packages_skip_test_passed=False, packages_select=None, packages_skip=None, packages_select_regex=None, packages_skip_regex=None, packages_start=None, packages_end=None, cmake_args=None, cmake_target=None, cmake_target_skip_unavailable=False, cmake_clean_cache=False, cmake_clean_first=False, cmake_force_configure=False, ament_cmake_args=None, catkin_cmake_args=None, catkin_skip_building_tests=False, mixin_files=None, mixin=None, verb_parser=<colcon_mixin.mixin.mixin_argument.MixinArgumentDecorator object at 0x72081f9c78b0>, verb_extension=<colcon_core.verb.build.BuildVerb object at 0x72081fb74580>, main=<bound method BuildVerb.main of <colcon_core.verb.build.BuildVerb object at 0x72081fb74580>>, mixin_verb=('build',))
[0.179s] Level 1:colcon.colcon_core.package_discovery:discover_packages(colcon_meta) check parameters
[0.179s] Level 1:colcon.colcon_core.package_discovery:discover_packages(recursive) check parameters
[0.179s] Level 1:colcon.colcon_core.package_discovery:discover_packages(ignore) check parameters
[0.179s] Level 1:colcon.colcon_core.package_discovery:discover_packages(path) check parameters
[0.179s] Level 1:colcon.colcon_core.package_discovery:discover_packages(colcon_meta) discover
[0.179s] Level 1:colcon.colcon_core.package_discovery:discover_packages(recursive) discover
[0.180s] INFO:colcon.colcon_core.package_discovery:Crawling recursively for packages in '/nWipro_ws'
[0.180s] Level 1:colcon.colcon_core.package_identification:_identify(.) by extensions ['ignore', 'ignore_ament_install']
[0.180s] Level 1:colcon.colcon_core.package_identification:_identify(.) by extension 'ignore'
[0.180s] Level 1:colcon.colcon_core.package_identification:_identify(.) by extension 'ignore_ament_install'
[0.180s] Level 1:colcon.colcon_core.package_identification:_identify(.) by extensions ['colcon_pkg']
[0.180s] Level 1:colcon.colcon_core.package_identification:_identify(.) by extension 'colcon_pkg'
[0.180s] Level 1:colcon.colcon_core.package_identification:_identify(.) by extensions ['colcon_meta']
[0.180s] Level 1:colcon.colcon_core.package_identification:_identify(.) by extension 'colcon_meta'
[0.180s] Level 1:colcon.colcon_core.package_identification:_identify(.) by extensions ['ros']
[0.180s] Level 1:colcon.colcon_core.package_identification:_identify(.) by extension 'ros'
[0.188s] Level 1:colcon.colcon_core.package_identification:_identify(.) by extensions ['cmake', 'python']
[0.188s] Level 1:colcon.colcon_core.package_identification:_identify(.) by extension 'cmake'
[0.188s] Level 1:colcon.colcon_core.package_identification:_identify(.) by extension 'python'
[0.188s] Level 1:colcon.colcon_core.package_identification:_identify(.) by extensions ['python_setup_py']
[0.188s] Level 1:colcon.colcon_core.package_identification:_identify(.) by extension 'python_setup_py'
[0.188s] Level 1:colcon.colcon_core.package_identification:_identify(build) by extensions ['ignore', 'ignore_ament_install']
[0.188s] Level 1:colcon.colcon_core.package_identification:_identify(build) by extension 'ignore'
[0.189s] Level 1:colcon.colcon_core.package_identification:_identify(build) ignored
[0.189s] Level 1:colcon.colcon_core.package_identification:_identify(install) by extensions ['ignore', 'ignore_ament_install']
[0.189s] Level 1:colcon.colcon_core.package_identification:_identify(install) by extension 'ignore'
[0.189s] Level 1:colcon.colcon_core.package_identification:_identify(install) ignored
[0.189s] Level 1:colcon.colcon_core.package_identification:_identify(log) by extensions ['ignore', 'ignore_ament_install']
[0.189s] Level 1:colcon.colcon_core.package_identification:_identify(log) by extension 'ignore'
[0.189s] Level 1:colcon.colcon_core.package_identification:_identify(log) ignored
[0.189s] Level 1:colcon.colcon_core.package_identification:_identify(src) by extensions ['ignore', 'ignore_ament_install']
[0.189s] Level 1:colcon.colcon_core.package_identification:_identify(src) by extension 'ignore'
[0.189s] Level 1:colcon.colcon_core.package_identification:_identify(src) by extension 'ignore_ament_install'
[0.189s] Level 1:colcon.colcon_core.package_identification:_identify(src) by extensions ['colcon_pkg']
[0.189s] Level 1:colcon.colcon_core.package_identification:_identify(src) by extension 'colcon_pkg'
[0.189s] Level 1:colcon.colcon_core.package_identification:_identify(src) by extensions ['colcon_meta']
[0.189s] Level 1:colcon.colcon_core.package_identification:_identify(src) by extension 'colcon_meta'
[0.189s] Level 1:colcon.colcon_core.package_identification:_identify(src) by extensions ['ros']
[0.189s] Level 1:colcon.colcon_core.package_identification:_identify(src) by extension 'ros'
[0.189s] Level 1:colcon.colcon_core.package_identification:_identify(src) by extensions ['cmake', 'python']
[0.189s] Level 1:colcon.colcon_core.package_identification:_identify(src) by extension 'cmake'
[0.189s] Level 1:colcon.colcon_core.package_identification:_identify(src) by extension 'python'
[0.189s] Level 1:colcon.colcon_core.package_identification:_identify(src) by extensions ['python_setup_py']
[0.189s] Level 1:colcon.colcon_core.package_identification:_identify(src) by extension 'python_setup_py'
[0.189s] Level 1:colcon.colcon_core.package_identification:_identify(src/kuka_iontec_support) by extensions ['ignore', 'ignore_ament_install']
[0.189s] Level 1:colcon.colcon_core.package_identification:_identify(src/kuka_iontec_support) by extension 'ignore'
[0.189s] Level 1:colcon.colcon_core.package_identification:_identify(src/kuka_iontec_support) by extension 'ignore_ament_install'
[0.189s] Level 1:colcon.colcon_core.package_identification:_identify(src/kuka_iontec_support) by extensions ['colcon_pkg']
[0.189s] Level 1:colcon.colcon_core.package_identification:_identify(src/kuka_iontec_support) by extension 'colcon_pkg'
[0.189s] Level 1:colcon.colcon_core.package_identification:_identify(src/kuka_iontec_support) by extensions ['colcon_meta']
[0.189s] Level 1:colcon.colcon_core.package_identification:_identify(src/kuka_iontec_support) by extension 'colcon_meta'
[0.190s] Level 1:colcon.colcon_core.package_identification:_identify(src/kuka_iontec_support) by extensions ['ros']
[0.190s] Level 1:colcon.colcon_core.package_identification:_identify(src/kuka_iontec_support) by extension 'ros'
[0.191s] DEBUG:colcon.colcon_core.package_identification:Package 'src/kuka_iontec_support' with type 'ros.ament_cmake' and name 'kuka_iontec_support'
[0.192s] Level 1:colcon.colcon_core.package_identification:_identify(src/kuka_moveit_config) by extensions ['ignore', 'ignore_ament_install']
[0.192s] Level 1:colcon.colcon_core.package_identification:_identify(src/kuka_moveit_config) by extension 'ignore'
[0.192s] Level 1:colcon.colcon_core.package_identification:_identify(src/kuka_moveit_config) by extension 'ignore_ament_install'
[0.192s] Level 1:colcon.colcon_core.package_identification:_identify(src/kuka_moveit_config) by extensions ['colcon_pkg']
[0.192s] Level 1:colcon.colcon_core.package_identification:_identify(src/kuka_moveit_config) by extension 'colcon_pkg'
[0.192s] Level 1:colcon.colcon_core.package_identification:_identify(src/kuka_moveit_config) by extensions ['colcon_meta']
[0.192s] Level 1:colcon.colcon_core.package_identification:_identify(src/kuka_moveit_config) by extension 'colcon_meta'
[0.192s] Level 1:colcon.colcon_core.package_identification:_identify(src/kuka_moveit_config) by extensions ['ros']
[0.192s] Level 1:colcon.colcon_core.package_identification:_identify(src/kuka_moveit_config) by extension 'ros'
[0.192s] DEBUG:colcon.colcon_core.package_identification:Package 'src/kuka_moveit_config' with type 'ros.ament_cmake' and name 'kuka_moveit_config'
[0.193s] Level 1:colcon.colcon_core.package_discovery:discover_packages(recursive) using defaults
[0.193s] Level 1:colcon.colcon_core.package_discovery:discover_packages(ignore) discover
[0.193s] Level 1:colcon.colcon_core.package_discovery:discover_packages(ignore) using defaults
[0.193s] Level 1:colcon.colcon_core.package_discovery:discover_packages(path) discover
[0.193s] Level 1:colcon.colcon_core.package_discovery:discover_packages(path) using defaults
[0.206s] Level 5:colcon.colcon_core.verb:set package 'kuka_iontec_support' build argument 'cmake_args' from command line to 'None'
[0.206s] Level 5:colcon.colcon_core.verb:set package 'kuka_iontec_support' build argument 'cmake_target' from command line to 'None'
[0.206s] Level 5:colcon.colcon_core.verb:set package 'kuka_iontec_support' build argument 'cmake_target_skip_unavailable' from command line to 'False'
[0.206s] Level 5:colcon.colcon_core.verb:set package 'kuka_iontec_support' build argument 'cmake_clean_cache' from command line to 'False'
[0.206s] Level 5:colcon.colcon_core.verb:set package 'kuka_iontec_support' build argument 'cmake_clean_first' from command line to 'False'
[0.206s] Level 5:colcon.colcon_core.verb:set package 'kuka_iontec_support' build argument 'cmake_force_configure' from command line to 'False'
[0.206s] Level 5:colcon.colcon_core.verb:set package 'kuka_iontec_support' build argument 'ament_cmake_args' from command line to 'None'
[0.206s] Level 5:colcon.colcon_core.verb:set package 'kuka_iontec_support' build argument 'catkin_cmake_args' from command line to 'None'
[0.206s] Level 5:colcon.colcon_core.verb:set package 'kuka_iontec_support' build argument 'catkin_skip_building_tests' from command line to 'False'
[0.207s] DEBUG:colcon.colcon_core.verb:Building package 'kuka_iontec_support' with the following arguments: {'ament_cmake_args': None, 'build_base': '/nWipro_ws/build/kuka_iontec_support', 'catkin_cmake_args': None, 'catkin_skip_building_tests': False, 'cmake_args': None, 'cmake_clean_cache': False, 'cmake_clean_first': False, 'cmake_force_configure': False, 'cmake_target': None, 'cmake_target_skip_unavailable': False, 'install_base': '/nWipro_ws/install/kuka_iontec_support', 'merge_install': False, 'path': '/nWipro_ws/src/kuka_iontec_support', 'symlink_install': False, 'test_result_base': None}
[0.207s] Level 5:colcon.colcon_core.verb:set package 'kuka_moveit_config' build argument 'cmake_args' from command line to 'None'
[0.207s] Level 5:colcon.colcon_core.verb:set package 'kuka_moveit_config' build argument 'cmake_target' from command line to 'None'
[0.207s] Level 5:colcon.colcon_core.verb:set package 'kuka_moveit_config' build argument 'cmake_target_skip_unavailable' from command line to 'False'
[0.207s] Level 5:colcon.colcon_core.verb:set package 'kuka_moveit_config' build argument 'cmake_clean_cache' from command line to 'False'
[0.207s] Level 5:colcon.colcon_core.verb:set package 'kuka_moveit_config' build argument 'cmake_clean_first' from command line to 'False'
[0.207s] Level 5:colcon.colcon_core.verb:set package 'kuka_moveit_config' build argument 'cmake_force_configure' from command line to 'False'
[0.207s] Level 5:colcon.colcon_core.verb:set package 'kuka_moveit_config' build argument 'ament_cmake_args' from command line to 'None'
[0.207s] Level 5:colcon.colcon_core.verb:set package 'kuka_moveit_config' build argument 'catkin_cmake_args' from command line to 'None'
[0.207s] Level 5:colcon.colcon_core.verb:set package 'kuka_moveit_config' build argument 'catkin_skip_building_tests' from command line to 'False'
[0.207s] DEBUG:colcon.colcon_core.verb:Building package 'kuka_moveit_config' with the following arguments: {'ament_cmake_args': None, 'build_base': '/nWipro_ws/build/kuka_moveit_config', 'catkin_cmake_args': None, 'catkin_skip_building_tests': False, 'cmake_args': None, 'cmake_clean_cache': False, 'cmake_clean_first': False, 'cmake_force_configure': False, 'cmake_target': None, 'cmake_target_skip_unavailable': False, 'install_base': '/nWipro_ws/install/kuka_moveit_config', 'merge_install': False, 'path': '/nWipro_ws/src/kuka_moveit_config', 'symlink_install': False, 'test_result_base': None}
[0.207s] INFO:colcon.colcon_core.executor:Executing jobs using 'parallel' executor
[0.208s] DEBUG:colcon.colcon_parallel_executor.executor.parallel:run_until_complete
[0.208s] INFO:colcon.colcon_ros.task.ament_cmake.build:Building ROS package in '/nWipro_ws/src/kuka_iontec_support' with build type 'ament_cmake'
[0.209s] INFO:colcon.colcon_cmake.task.cmake.build:Building CMake package in '/nWipro_ws/src/kuka_iontec_support'
[0.210s] INFO:colcon.colcon_core.plugin_system:Skipping extension 'colcon_core.shell.bat': Not used on non-Windows systems
[0.210s] INFO:colcon.colcon_core.shell:Skip shell extension 'powershell' for command environment: Not usable outside of PowerShell
[0.210s] DEBUG:colcon.colcon_core.shell:Skip shell extension 'dsv' for command environment
[0.216s] DEBUG:colcon.colcon_core.event_handler.log_command:Invoking command in '/nWipro_ws/build/kuka_iontec_support': CMAKE_PREFIX_PATH=/opt/ros/humble /usr/bin/cmake --build /nWipro_ws/build/kuka_iontec_support -- -j16 -l16
[0.243s] DEBUG:colcon.colcon_core.event_handler.log_command:Invoked command in '/nWipro_ws/build/kuka_iontec_support' returned '0': CMAKE_PREFIX_PATH=/opt/ros/humble /usr/bin/cmake --build /nWipro_ws/build/kuka_iontec_support -- -j16 -l16
[0.249s] DEBUG:colcon.colcon_core.event_handler.log_command:Invoking command in '/nWipro_ws/build/kuka_iontec_support': CMAKE_PREFIX_PATH=/opt/ros/humble /usr/bin/cmake --install /nWipro_ws/build/kuka_iontec_support
[0.256s] Level 1:colcon.colcon_core.environment:create_environment_scripts_only(kuka_iontec_support)
[0.257s] DEBUG:colcon.colcon_core.event_handler.log_command:Invoked command in '/nWipro_ws/build/kuka_iontec_support' returned '0': CMAKE_PREFIX_PATH=/opt/ros/humble /usr/bin/cmake --install /nWipro_ws/build/kuka_iontec_support
[0.258s] Level 1:colcon.colcon_core.environment:checking '/nWipro_ws/install/kuka_iontec_support' for CMake module files
[0.259s] Level 1:colcon.colcon_core.environment:checking '/nWipro_ws/install/kuka_iontec_support' for CMake config files
[0.259s] Level 1:colcon.colcon_core.shell:create_environment_hook('kuka_iontec_support', 'cmake_prefix_path')
[0.259s] INFO:colcon.colcon_core.shell:Creating environment hook '/nWipro_ws/install/kuka_iontec_support/share/kuka_iontec_support/hook/cmake_prefix_path.ps1'
[0.259s] INFO:colcon.colcon_core.shell:Creating environment descriptor '/nWipro_ws/install/kuka_iontec_support/share/kuka_iontec_support/hook/cmake_prefix_path.dsv'
[0.260s] INFO:colcon.colcon_core.shell:Creating environment hook '/nWipro_ws/install/kuka_iontec_support/share/kuka_iontec_support/hook/cmake_prefix_path.sh'
[0.261s] Level 1:colcon.colcon_core.environment:checking '/nWipro_ws/install/kuka_iontec_support/bin'
[0.261s] Level 1:colcon.colcon_core.environment:checking '/nWipro_ws/install/kuka_iontec_support/lib/pkgconfig/kuka_iontec_support.pc'
[0.262s] Level 1:colcon.colcon_core.environment:checking '/nWipro_ws/install/kuka_iontec_support/lib/python3.10/site-packages'
[0.262s] Level 1:colcon.colcon_core.environment:checking '/nWipro_ws/install/kuka_iontec_support/bin'
[0.262s] INFO:colcon.colcon_core.shell:Creating package script '/nWipro_ws/install/kuka_iontec_support/share/kuka_iontec_support/package.ps1'
[0.262s] INFO:colcon.colcon_core.shell:Creating package descriptor '/nWipro_ws/install/kuka_iontec_support/share/kuka_iontec_support/package.dsv'
[0.263s] INFO:colcon.colcon_core.shell:Creating package script '/nWipro_ws/install/kuka_iontec_support/share/kuka_iontec_support/package.sh'
[0.263s] INFO:colcon.colcon_core.shell:Creating package script '/nWipro_ws/install/kuka_iontec_support/share/kuka_iontec_support/package.bash'
[0.265s] INFO:colcon.colcon_core.shell:Creating package script '/nWipro_ws/install/kuka_iontec_support/share/kuka_iontec_support/package.zsh'
[0.265s] Level 1:colcon.colcon_core.environment:create_file_with_runtime_dependencies(/nWipro_ws/install/kuka_iontec_support/share/colcon-core/packages/kuka_iontec_support)
[0.266s] Level 1:colcon.colcon_core.environment:create_environment_scripts_only(kuka_iontec_support)
[0.266s] Level 1:colcon.colcon_core.environment:checking '/nWipro_ws/install/kuka_iontec_support' for CMake module files
[0.266s] Level 1:colcon.colcon_core.environment:checking '/nWipro_ws/install/kuka_iontec_support' for CMake config files
[0.267s] Level 1:colcon.colcon_core.shell:create_environment_hook('kuka_iontec_support', 'cmake_prefix_path')
[0.267s] INFO:colcon.colcon_core.shell:Creating environment hook '/nWipro_ws/install/kuka_iontec_support/share/kuka_iontec_support/hook/cmake_prefix_path.ps1'
[0.267s] INFO:colcon.colcon_core.shell:Creating environment descriptor '/nWipro_ws/install/kuka_iontec_support/share/kuka_iontec_support/hook/cmake_prefix_path.dsv'
[0.267s] INFO:colcon.colcon_core.shell:Creating environment hook '/nWipro_ws/install/kuka_iontec_support/share/kuka_iontec_support/hook/cmake_prefix_path.sh'
[0.268s] Level 1:colcon.colcon_core.environment:checking '/nWipro_ws/install/kuka_iontec_support/bin'
[0.268s] Level 1:colcon.colcon_core.environment:checking '/nWipro_ws/install/kuka_iontec_support/lib/pkgconfig/kuka_iontec_support.pc'
[0.268s] Level 1:colcon.colcon_core.environment:checking '/nWipro_ws/install/kuka_iontec_support/lib/python3.10/site-packages'
[0.268s] Level 1:colcon.colcon_core.environment:checking '/nWipro_ws/install/kuka_iontec_support/bin'
[0.268s] INFO:colcon.colcon_core.shell:Creating package script '/nWipro_ws/install/kuka_iontec_support/share/kuka_iontec_support/package.ps1'
[0.269s] INFO:colcon.colcon_core.shell:Creating package descriptor '/nWipro_ws/install/kuka_iontec_support/share/kuka_iontec_support/package.dsv'
[0.269s] INFO:colcon.colcon_core.shell:Creating package script '/nWipro_ws/install/kuka_iontec_support/share/kuka_iontec_support/package.sh'
[0.269s] INFO:colcon.colcon_core.shell:Creating package script '/nWipro_ws/install/kuka_iontec_support/share/kuka_iontec_support/package.bash'
[0.270s] INFO:colcon.colcon_core.shell:Creating package script '/nWipro_ws/install/kuka_iontec_support/share/kuka_iontec_support/package.zsh'
[0.270s] Level 1:colcon.colcon_core.environment:create_file_with_runtime_dependencies(/nWipro_ws/install/kuka_iontec_support/share/colcon-core/packages/kuka_iontec_support)
[0.270s] INFO:colcon.colcon_ros.task.ament_cmake.build:Building ROS package in '/nWipro_ws/src/kuka_moveit_config' with build type 'ament_cmake'
[0.270s] INFO:colcon.colcon_cmake.task.cmake.build:Building CMake package in '/nWipro_ws/src/kuka_moveit_config'
[0.270s] INFO:colcon.colcon_core.shell:Skip shell extension 'powershell' for command environment: Not usable outside of PowerShell
[0.270s] DEBUG:colcon.colcon_core.shell:Skip shell extension 'dsv' for command environment
[0.276s] DEBUG:colcon.colcon_core.event_handler.log_command:Invoking command in '/nWipro_ws/build/kuka_moveit_config': AMENT_PREFIX_PATH=/nWipro_ws/install/kuka_iontec_support:${AMENT_PREFIX_PATH} CMAKE_PREFIX_PATH=/nWipro_ws/install/kuka_iontec_support:/opt/ros/humble /usr/bin/cmake /nWipro_ws/src/kuka_moveit_config -DCMAKE_INSTALL_PREFIX=/nWipro_ws/install/kuka_moveit_config
[0.700s] DEBUG:colcon.colcon_core.event_handler.log_command:Invoked command in '/nWipro_ws/build/kuka_moveit_config' returned '0': AMENT_PREFIX_PATH=/nWipro_ws/install/kuka_iontec_support:${AMENT_PREFIX_PATH} CMAKE_PREFIX_PATH=/nWipro_ws/install/kuka_iontec_support:/opt/ros/humble /usr/bin/cmake /nWipro_ws/src/kuka_moveit_config -DCMAKE_INSTALL_PREFIX=/nWipro_ws/install/kuka_moveit_config
[0.701s] DEBUG:colcon.colcon_core.event_handler.log_command:Invoking command in '/nWipro_ws/build/kuka_moveit_config': AMENT_PREFIX_PATH=/nWipro_ws/install/kuka_iontec_support:${AMENT_PREFIX_PATH} CMAKE_PREFIX_PATH=/nWipro_ws/install/kuka_iontec_support:/opt/ros/humble /usr/bin/cmake --build /nWipro_ws/build/kuka_moveit_config -- -j16 -l16
[0.725s] DEBUG:colcon.colcon_core.event_handler.log_command:Invoked command in '/nWipro_ws/build/kuka_moveit_config' returned '0': AMENT_PREFIX_PATH=/nWipro_ws/install/kuka_iontec_support:${AMENT_PREFIX_PATH} CMAKE_PREFIX_PATH=/nWipro_ws/install/kuka_iontec_support:/opt/ros/humble /usr/bin/cmake --build /nWipro_ws/build/kuka_moveit_config -- -j16 -l16
[0.726s] DEBUG:colcon.colcon_core.event_handler.log_command:Invoking command in '/nWipro_ws/build/kuka_moveit_config': AMENT_PREFIX_PATH=/nWipro_ws/install/kuka_iontec_support:${AMENT_PREFIX_PATH} CMAKE_PREFIX_PATH=/nWipro_ws/install/kuka_iontec_support:/opt/ros/humble /usr/bin/cmake --install /nWipro_ws/build/kuka_moveit_config
[0.734s] Level 1:colcon.colcon_core.environment:create_environment_scripts_only(kuka_moveit_config)
[0.735s] Level 1:colcon.colcon_core.environment:checking '/nWipro_ws/install/kuka_moveit_config' for CMake module files
[0.735s] DEBUG:colcon.colcon_core.event_handler.log_command:Invoked command in '/nWipro_ws/build/kuka_moveit_config' returned '0': AMENT_PREFIX_PATH=/nWipro_ws/install/kuka_iontec_support:${AMENT_PREFIX_PATH} CMAKE_PREFIX_PATH=/nWipro_ws/install/kuka_iontec_support:/opt/ros/humble /usr/bin/cmake --install /nWipro_ws/build/kuka_moveit_config
[0.735s] Level 1:colcon.colcon_core.environment:checking '/nWipro_ws/install/kuka_moveit_config' for CMake config files
[0.735s] Level 1:colcon.colcon_core.shell:create_environment_hook('kuka_moveit_config', 'cmake_prefix_path')
[0.735s] INFO:colcon.colcon_core.shell:Creating environment hook '/nWipro_ws/install/kuka_moveit_config/share/kuka_moveit_config/hook/cmake_prefix_path.ps1'
[0.736s] INFO:colcon.colcon_core.shell:Creating environment descriptor '/nWipro_ws/install/kuka_moveit_config/share/kuka_moveit_config/hook/cmake_prefix_path.dsv'
[0.736s] INFO:colcon.colcon_core.shell:Creating environment hook '/nWipro_ws/install/kuka_moveit_config/share/kuka_moveit_config/hook/cmake_prefix_path.sh'
[0.736s] Level 1:colcon.colcon_core.environment:checking '/nWipro_ws/install/kuka_moveit_config/bin'
[0.736s] Level 1:colcon.colcon_core.environment:checking '/nWipro_ws/install/kuka_moveit_config/lib/pkgconfig/kuka_moveit_config.pc'
[0.736s] Level 1:colcon.colcon_core.environment:checking '/nWipro_ws/install/kuka_moveit_config/lib/python3.10/site-packages'
[0.737s] Level 1:colcon.colcon_core.environment:checking '/nWipro_ws/install/kuka_moveit_config/bin'
[0.737s] INFO:colcon.colcon_core.shell:Creating package script '/nWipro_ws/install/kuka_moveit_config/share/kuka_moveit_config/package.ps1'
[0.737s] INFO:colcon.colcon_core.shell:Creating package descriptor '/nWipro_ws/install/kuka_moveit_config/share/kuka_moveit_config/package.dsv'
[0.737s] INFO:colcon.colcon_core.shell:Creating package script '/nWipro_ws/install/kuka_moveit_config/share/kuka_moveit_config/package.sh'
[0.738s] INFO:colcon.colcon_core.shell:Creating package script '/nWipro_ws/install/kuka_moveit_config/share/kuka_moveit_config/package.bash'
[0.738s] INFO:colcon.colcon_core.shell:Creating package script '/nWipro_ws/install/kuka_moveit_config/share/kuka_moveit_config/package.zsh'
[0.738s] Level 1:colcon.colcon_core.environment:create_file_with_runtime_dependencies(/nWipro_ws/install/kuka_moveit_config/share/colcon-core/packages/kuka_moveit_config)
[0.739s] Level 1:colcon.colcon_core.environment:create_environment_scripts_only(kuka_moveit_config)
[0.739s] Level 1:colcon.colcon_core.environment:checking '/nWipro_ws/install/kuka_moveit_config' for CMake module files
[0.739s] Level 1:colcon.colcon_core.environment:checking '/nWipro_ws/install/kuka_moveit_config' for CMake config files
[0.739s] Level 1:colcon.colcon_core.shell:create_environment_hook('kuka_moveit_config', 'cmake_prefix_path')
[0.739s] INFO:colcon.colcon_core.shell:Creating environment hook '/nWipro_ws/install/kuka_moveit_config/share/kuka_moveit_config/hook/cmake_prefix_path.ps1'
[0.739s] INFO:colcon.colcon_core.shell:Creating environment descriptor '/nWipro_ws/install/kuka_moveit_config/share/kuka_moveit_config/hook/cmake_prefix_path.dsv'
[0.740s] INFO:colcon.colcon_core.shell:Creating environment hook '/nWipro_ws/install/kuka_moveit_config/share/kuka_moveit_config/hook/cmake_prefix_path.sh'
[0.740s] Level 1:colcon.colcon_core.environment:checking '/nWipro_ws/install/kuka_moveit_config/bin'
[0.740s] Level 1:colcon.colcon_core.environment:checking '/nWipro_ws/install/kuka_moveit_config/lib/pkgconfig/kuka_moveit_config.pc'
[0.740s] Level 1:colcon.colcon_core.environment:checking '/nWipro_ws/install/kuka_moveit_config/lib/python3.10/site-packages'
[0.740s] Level 1:colcon.colcon_core.environment:checking '/nWipro_ws/install/kuka_moveit_config/bin'
[0.740s] INFO:colcon.colcon_core.shell:Creating package script '/nWipro_ws/install/kuka_moveit_config/share/kuka_moveit_config/package.ps1'
[0.741s] INFO:colcon.colcon_core.shell:Creating package descriptor '/nWipro_ws/install/kuka_moveit_config/share/kuka_moveit_config/package.dsv'
[0.741s] INFO:colcon.colcon_core.shell:Creating package script '/nWipro_ws/install/kuka_moveit_config/share/kuka_moveit_config/package.sh'
[0.741s] INFO:colcon.colcon_core.shell:Creating package script '/nWipro_ws/install/kuka_moveit_config/share/kuka_moveit_config/package.bash'
[0.742s] INFO:colcon.colcon_core.shell:Creating package script '/nWipro_ws/install/kuka_moveit_config/share/kuka_moveit_config/package.zsh'
[0.742s] Level 1:colcon.colcon_core.environment:create_file_with_runtime_dependencies(/nWipro_ws/install/kuka_moveit_config/share/colcon-core/packages/kuka_moveit_config)
[0.742s] DEBUG:colcon.colcon_parallel_executor.executor.parallel:closing loop
[0.742s] DEBUG:colcon.colcon_parallel_executor.executor.parallel:loop closed
[0.742s] DEBUG:colcon.colcon_parallel_executor.executor.parallel:run_until_complete finished with '0'
[0.742s] DEBUG:colcon.colcon_core.event_reactor:joining thread
[0.760s] INFO:colcon.colcon_core.plugin_system:Skipping extension 'colcon_notification.desktop_notification.notify_send': Could not find 'notify-send'
[0.760s] INFO:colcon.colcon_core.plugin_system:Skipping extension 'colcon_notification.desktop_notification.terminal_notifier': Not used on non-Darwin systems
[0.760s] INFO:colcon.colcon_core.plugin_system:Skipping extension 'colcon_notification.desktop_notification.win32': Not used on non-Windows systems
[0.760s] INFO:colcon.colcon_notification.desktop_notification:Sending desktop notification using 'notify2'
[0.763s] DEBUG:colcon.colcon_notification.desktop_notification.notify2:Failed to initialize notify2: org.freedesktop.DBus.Error.Spawn.ExecFailed: /usr/bin/dbus-launch terminated abnormally without any error message
[0.763s] DEBUG:colcon.colcon_core.event_reactor:joined thread
[0.763s] INFO:colcon.colcon_core.shell:Creating prefix script '/nWipro_ws/install/local_setup.ps1'
[0.765s] INFO:colcon.colcon_core.shell:Creating prefix util module '/nWipro_ws/install/_local_setup_util_ps1.py'
[0.767s] INFO:colcon.colcon_core.shell:Creating prefix chain script '/nWipro_ws/install/setup.ps1'
[0.768s] INFO:colcon.colcon_core.shell:Creating prefix script '/nWipro_ws/install/local_setup.sh'
[0.768s] INFO:colcon.colcon_core.shell:Creating prefix util module '/nWipro_ws/install/_local_setup_util_sh.py'
[0.769s] INFO:colcon.colcon_core.shell:Creating prefix chain script '/nWipro_ws/install/setup.sh'
[0.770s] INFO:colcon.colcon_core.shell:Creating prefix script '/nWipro_ws/install/local_setup.bash'
[0.770s] INFO:colcon.colcon_core.shell:Creating prefix chain script '/nWipro_ws/install/setup.bash'
[0.771s] INFO:colcon.colcon_core.shell:Creating prefix script '/nWipro_ws/install/local_setup.zsh'
[0.771s] INFO:colcon.colcon_core.shell:Creating prefix chain script '/nWipro_ws/install/setup.zsh'
