[0.007s] Invoking command in '/nWipro_ws/build/kuka_iontec_support': CMAKE_PREFIX_PATH=/opt/ros/humble /usr/bin/cmake --build /nWipro_ws/build/kuka_iontec_support -- -j16 -l16
[0.033s] Invoked command in '/nWipro_ws/build/kuka_iontec_support' returned '0': CMAKE_PREFIX_PATH=/opt/ros/humble /usr/bin/cmake --build /nWipro_ws/build/kuka_iontec_support -- -j16 -l16
[0.039s] Invoking command in '/nWipro_ws/build/kuka_iontec_support': CMAKE_PREFIX_PATH=/opt/ros/humble /usr/bin/cmake --install /nWipro_ws/build/kuka_iontec_support
[0.044s] -- Install configuration: ""
[0.044s] -- Up-to-date: /nWipro_ws/install/kuka_iontec_support/share/kuka_iontec_support/config
[0.044s] -- Up-to-date: /nWipro_ws/install/kuka_iontec_support/share/kuka_iontec_support/config/kr70_r2100_joint_limits.yaml
[0.044s] -- Up-to-date: /nWipro_ws/install/kuka_iontec_support/share/kuka_iontec_support/launch
[0.044s] -- Up-to-date: /nWipro_ws/install/kuka_iontec_support/share/kuka_iontec_support/launch/test_kr70r2100.launch.py
[0.044s] -- Up-to-date: /nWipro_ws/install/kuka_iontec_support/share/kuka_iontec_support/meshes
[0.044s] -- Up-to-date: /nWipro_ws/install/kuka_iontec_support/share/kuka_iontec_support/meshes/kr70_r2100
[0.044s] -- Up-to-date: /nWipro_ws/install/kuka_iontec_support/share/kuka_iontec_support/meshes/kr70_r2100/visual
[0.044s] -- Up-to-date: /nWipro_ws/install/kuka_iontec_support/share/kuka_iontec_support/meshes/kr70_r2100/visual/link_6.dae
[0.044s] -- Up-to-date: /nWipro_ws/install/kuka_iontec_support/share/kuka_iontec_support/meshes/kr70_r2100/visual/link_3.dae
[0.044s] -- Up-to-date: /nWipro_ws/install/kuka_iontec_support/share/kuka_iontec_support/meshes/kr70_r2100/visual/link_4.dae
[0.044s] -- Up-to-date: /nWipro_ws/install/kuka_iontec_support/share/kuka_iontec_support/meshes/kr70_r2100/visual/link_5.dae
[0.044s] -- Up-to-date: /nWipro_ws/install/kuka_iontec_support/share/kuka_iontec_support/meshes/kr70_r2100/visual/link_2.dae
[0.044s] -- Up-to-date: /nWipro_ws/install/kuka_iontec_support/share/kuka_iontec_support/meshes/kr70_r2100/visual/link_1.dae
[0.044s] -- Up-to-date: /nWipro_ws/install/kuka_iontec_support/share/kuka_iontec_support/meshes/kr70_r2100/visual/base_link.dae
[0.044s] -- Up-to-date: /nWipro_ws/install/kuka_iontec_support/share/kuka_iontec_support/meshes/kr70_r2100/collision
[0.045s] -- Up-to-date: /nWipro_ws/install/kuka_iontec_support/share/kuka_iontec_support/meshes/kr70_r2100/collision/base_link.stl
[0.045s] -- Up-to-date: /nWipro_ws/install/kuka_iontec_support/share/kuka_iontec_support/meshes/kr70_r2100/collision/link_4.stl
[0.045s] -- Up-to-date: /nWipro_ws/install/kuka_iontec_support/share/kuka_iontec_support/meshes/kr70_r2100/collision/link_6.stl
[0.045s] -- Up-to-date: /nWipro_ws/install/kuka_iontec_support/share/kuka_iontec_support/meshes/kr70_r2100/collision/link_5.stl
[0.045s] -- Up-to-date: /nWipro_ws/install/kuka_iontec_support/share/kuka_iontec_support/meshes/kr70_r2100/collision/link_3.stl
[0.045s] -- Up-to-date: /nWipro_ws/install/kuka_iontec_support/share/kuka_iontec_support/meshes/kr70_r2100/collision/link_1.stl
[0.045s] -- Up-to-date: /nWipro_ws/install/kuka_iontec_support/share/kuka_iontec_support/meshes/kr70_r2100/collision/link_2.stl
[0.045s] -- Up-to-date: /nWipro_ws/install/kuka_iontec_support/share/kuka_iontec_support/urdf
[0.045s] -- Up-to-date: /nWipro_ws/install/kuka_iontec_support/share/kuka_iontec_support/urdf/kr_iontec_ros2_control.xacro
[0.045s] -- Up-to-date: /nWipro_ws/install/kuka_iontec_support/share/kuka_iontec_support/urdf/kr_iontec_transmission.xacro
[0.045s] -- Up-to-date: /nWipro_ws/install/kuka_iontec_support/share/kuka_iontec_support/urdf/kr70_r2100.urdf.xacro
[0.045s] -- Up-to-date: /nWipro_ws/install/kuka_iontec_support/share/kuka_iontec_support/urdf/kr70_r2100_macro.xacro
[0.045s] -- Up-to-date: /nWipro_ws/install/kuka_iontec_support/share/ament_index/resource_index/package_run_dependencies/kuka_iontec_support
[0.045s] -- Up-to-date: /nWipro_ws/install/kuka_iontec_support/share/ament_index/resource_index/parent_prefix_path/kuka_iontec_support
[0.045s] -- Up-to-date: /nWipro_ws/install/kuka_iontec_support/share/kuka_iontec_support/environment/ament_prefix_path.sh
[0.045s] -- Up-to-date: /nWipro_ws/install/kuka_iontec_support/share/kuka_iontec_support/environment/ament_prefix_path.dsv
[0.045s] -- Up-to-date: /nWipro_ws/install/kuka_iontec_support/share/kuka_iontec_support/environment/path.sh
[0.045s] -- Up-to-date: /nWipro_ws/install/kuka_iontec_support/share/kuka_iontec_support/environment/path.dsv
[0.045s] -- Up-to-date: /nWipro_ws/install/kuka_iontec_support/share/kuka_iontec_support/local_setup.bash
[0.045s] -- Up-to-date: /nWipro_ws/install/kuka_iontec_support/share/kuka_iontec_support/local_setup.sh
[0.046s] -- Up-to-date: /nWipro_ws/install/kuka_iontec_support/share/kuka_iontec_support/local_setup.zsh
[0.046s] -- Up-to-date: /nWipro_ws/install/kuka_iontec_support/share/kuka_iontec_support/local_setup.dsv
[0.046s] -- Installing: /nWipro_ws/install/kuka_iontec_support/share/kuka_iontec_support/package.dsv
[0.046s] -- Up-to-date: /nWipro_ws/install/kuka_iontec_support/share/ament_index/resource_index/packages/kuka_iontec_support
[0.046s] -- Up-to-date: /nWipro_ws/install/kuka_iontec_support/share/kuka_iontec_support/cmake/kuka_iontec_supportConfig.cmake
[0.046s] -- Up-to-date: /nWipro_ws/install/kuka_iontec_support/share/kuka_iontec_support/cmake/kuka_iontec_supportConfig-version.cmake
[0.046s] -- Up-to-date: /nWipro_ws/install/kuka_iontec_support/share/kuka_iontec_support/package.xml
[0.046s] Invoked command in '/nWipro_ws/build/kuka_iontec_support' returned '0': CMAKE_PREFIX_PATH=/opt/ros/humble /usr/bin/cmake --install /nWipro_ws/build/kuka_iontec_support
