-- Install configuration: ""
-- Up-to-date: /wipro_ws/install/arm_desc/share/arm_desc/meshes
-- Up-to-date: /wipro_ws/install/arm_desc/share/arm_desc/meshes/link_3_collisions.obj
-- Up-to-date: /wipro_ws/install/arm_desc/share/arm_desc/meshes/link_4_visuals.mtl
-- Up-to-date: /wipro_ws/install/arm_desc/share/arm_desc/meshes/base_link_visuals.obj
-- Up-to-date: /wipro_ws/install/arm_desc/share/arm_desc/meshes/link_3_visuals.mtl
-- Up-to-date: /wipro_ws/install/arm_desc/share/arm_desc/meshes/link_1_visuals.mtl
-- Up-to-date: /wipro_ws/install/arm_desc/share/arm_desc/meshes/base_link_collisions.obj
-- Up-to-date: /wipro_ws/install/arm_desc/share/arm_desc/meshes/link_6_collisions.obj
-- Up-to-date: /wipro_ws/install/arm_desc/share/arm_desc/meshes/link_3_visuals.obj
-- Up-to-date: /wipro_ws/install/arm_desc/share/arm_desc/meshes/link_5_visuals.mtl
-- Up-to-date: /wipro_ws/install/arm_desc/share/arm_desc/meshes/link_6_visuals.obj
-- Up-to-date: /wipro_ws/install/arm_desc/share/arm_desc/meshes/link_5_visuals.obj
-- Up-to-date: /wipro_ws/install/arm_desc/share/arm_desc/meshes/link_5_collisions.obj
-- Up-to-date: /wipro_ws/install/arm_desc/share/arm_desc/meshes/link_1_collisions.obj
-- Up-to-date: /wipro_ws/install/arm_desc/share/arm_desc/meshes/link_2_collisions.obj
-- Up-to-date: /wipro_ws/install/arm_desc/share/arm_desc/meshes/link_4_collisions.obj
-- Up-to-date: /wipro_ws/install/arm_desc/share/arm_desc/meshes/link_6_visuals.mtl
-- Up-to-date: /wipro_ws/install/arm_desc/share/arm_desc/meshes/link_4_visuals.obj
-- Up-to-date: /wipro_ws/install/arm_desc/share/arm_desc/meshes/link_1_visuals.obj
-- Up-to-date: /wipro_ws/install/arm_desc/share/arm_desc/meshes/base_link_visuals.mtl
-- Up-to-date: /wipro_ws/install/arm_desc/share/arm_desc/meshes/link_2_visuals.obj
-- Up-to-date: /wipro_ws/install/arm_desc/share/arm_desc/meshes/link_2_visuals.mtl
-- Up-to-date: /wipro_ws/install/arm_desc/share/arm_desc/urdf
-- Up-to-date: /wipro_ws/install/arm_desc/share/arm_desc/urdf/kuka.urdf
-- Up-to-date: /wipro_ws/install/arm_desc/share/ament_index/resource_index/package_run_dependencies/arm_desc
-- Up-to-date: /wipro_ws/install/arm_desc/share/ament_index/resource_index/parent_prefix_path/arm_desc
-- Up-to-date: /wipro_ws/install/arm_desc/share/arm_desc/environment/ament_prefix_path.sh
-- Up-to-date: /wipro_ws/install/arm_desc/share/arm_desc/environment/ament_prefix_path.dsv
-- Up-to-date: /wipro_ws/install/arm_desc/share/arm_desc/environment/path.sh
-- Up-to-date: /wipro_ws/install/arm_desc/share/arm_desc/environment/path.dsv
-- Up-to-date: /wipro_ws/install/arm_desc/share/arm_desc/local_setup.bash
-- Up-to-date: /wipro_ws/install/arm_desc/share/arm_desc/local_setup.sh
-- Up-to-date: /wipro_ws/install/arm_desc/share/arm_desc/local_setup.zsh
-- Up-to-date: /wipro_ws/install/arm_desc/share/arm_desc/local_setup.dsv
-- Installing: /wipro_ws/install/arm_desc/share/arm_desc/package.dsv
-- Up-to-date: /wipro_ws/install/arm_desc/share/ament_index/resource_index/packages/arm_desc
-- Up-to-date: /wipro_ws/install/arm_desc/share/arm_desc/cmake/arm_descConfig.cmake
-- Up-to-date: /wipro_ws/install/arm_desc/share/arm_desc/cmake/arm_descConfig-version.cmake
-- Up-to-date: /wipro_ws/install/arm_desc/share/arm_desc/package.xml
