[0.025s] Invoking command in '/wipro_ws/build/arm_desc': CMAKE_PREFIX_PATH=${CMAKE_PREFIX_PATH}:/opt/ros/humble /usr/bin/cmake --build /wipro_ws/build/arm_desc -- -j16 -l16
[0.087s] Invoked command in '/wipro_ws/build/arm_desc' returned '0': CMAKE_PREFIX_PATH=${CMAKE_PREFIX_PATH}:/opt/ros/humble /usr/bin/cmake --build /wipro_ws/build/arm_desc -- -j16 -l16
[0.101s] Invoking command in '/wipro_ws/build/arm_desc': CMAKE_PREFIX_PATH=${CMAKE_PREFIX_PATH}:/opt/ros/humble /usr/bin/cmake --install /wipro_ws/build/arm_desc
[0.111s] -- Install configuration: ""
[0.112s] -- Up-to-date: /wipro_ws/install/arm_desc/share/arm_desc/meshes
[0.112s] -- Up-to-date: /wipro_ws/install/arm_desc/share/arm_desc/meshes/link_3_collisions.obj
[0.112s] -- Up-to-date: /wipro_ws/install/arm_desc/share/arm_desc/meshes/link_4_visuals.mtl
[0.112s] -- Up-to-date: /wipro_ws/install/arm_desc/share/arm_desc/meshes/base_link_visuals.obj
[0.112s] -- Up-to-date: /wipro_ws/install/arm_desc/share/arm_desc/meshes/link_3_visuals.mtl
[0.112s] -- Up-to-date: /wipro_ws/install/arm_desc/share/arm_desc/meshes/link_1_visuals.mtl
[0.112s] -- Up-to-date: /wipro_ws/install/arm_desc/share/arm_desc/meshes/base_link_collisions.obj
[0.112s] -- Up-to-date: /wipro_ws/install/arm_desc/share/arm_desc/meshes/link_6_collisions.obj
[0.112s] -- Up-to-date: /wipro_ws/install/arm_desc/share/arm_desc/meshes/link_3_visuals.obj
[0.113s] -- Up-to-date: /wipro_ws/install/arm_desc/share/arm_desc/meshes/link_5_visuals.mtl
[0.113s] -- Up-to-date: /wipro_ws/install/arm_desc/share/arm_desc/meshes/link_6_visuals.obj
[0.113s] -- Up-to-date: /wipro_ws/install/arm_desc/share/arm_desc/meshes/link_5_visuals.obj
[0.113s] -- Up-to-date: /wipro_ws/install/arm_desc/share/arm_desc/meshes/link_5_collisions.obj
[0.113s] -- Up-to-date: /wipro_ws/install/arm_desc/share/arm_desc/meshes/link_1_collisions.obj
[0.113s] -- Up-to-date: /wipro_ws/install/arm_desc/share/arm_desc/meshes/link_2_collisions.obj
[0.113s] -- Up-to-date: /wipro_ws/install/arm_desc/share/arm_desc/meshes/link_4_collisions.obj
[0.113s] -- Up-to-date: /wipro_ws/install/arm_desc/share/arm_desc/meshes/link_6_visuals.mtl
[0.113s] -- Up-to-date: /wipro_ws/install/arm_desc/share/arm_desc/meshes/link_4_visuals.obj
[0.114s] -- Up-to-date: /wipro_ws/install/arm_desc/share/arm_desc/meshes/link_1_visuals.obj
[0.114s] -- Up-to-date: /wipro_ws/install/arm_desc/share/arm_desc/meshes/base_link_visuals.mtl
[0.114s] -- Up-to-date: /wipro_ws/install/arm_desc/share/arm_desc/meshes/link_2_visuals.obj
[0.114s] -- Up-to-date: /wipro_ws/install/arm_desc/share/arm_desc/meshes/link_2_visuals.mtl
[0.114s] -- Up-to-date: /wipro_ws/install/arm_desc/share/arm_desc/urdf
[0.114s] -- Up-to-date: /wipro_ws/install/arm_desc/share/arm_desc/urdf/kuka.urdf
[0.114s] -- Up-to-date: /wipro_ws/install/arm_desc/share/ament_index/resource_index/package_run_dependencies/arm_desc
[0.114s] -- Up-to-date: /wipro_ws/install/arm_desc/share/ament_index/resource_index/parent_prefix_path/arm_desc
[0.114s] -- Up-to-date: /wipro_ws/install/arm_desc/share/arm_desc/environment/ament_prefix_path.sh
[0.114s] -- Up-to-date: /wipro_ws/install/arm_desc/share/arm_desc/environment/ament_prefix_path.dsv
[0.115s] -- Up-to-date: /wipro_ws/install/arm_desc/share/arm_desc/environment/path.sh
[0.115s] -- Up-to-date: /wipro_ws/install/arm_desc/share/arm_desc/environment/path.dsv
[0.115s] -- Up-to-date: /wipro_ws/install/arm_desc/share/arm_desc/local_setup.bash
[0.115s] -- Up-to-date: /wipro_ws/install/arm_desc/share/arm_desc/local_setup.sh
[0.115s] -- Up-to-date: /wipro_ws/install/arm_desc/share/arm_desc/local_setup.zsh
[0.115s] -- Up-to-date: /wipro_ws/install/arm_desc/share/arm_desc/local_setup.dsv
[0.115s] -- Installing: /wipro_ws/install/arm_desc/share/arm_desc/package.dsv
[0.116s] -- Up-to-date: /wipro_ws/install/arm_desc/share/ament_index/resource_index/packages/arm_desc
[0.116s] -- Up-to-date: /wipro_ws/install/arm_desc/share/arm_desc/cmake/arm_descConfig.cmake
[0.116s] -- Up-to-date: /wipro_ws/install/arm_desc/share/arm_desc/cmake/arm_descConfig-version.cmake
[0.116s] -- Up-to-date: /wipro_ws/install/arm_desc/share/arm_desc/package.xml
[0.121s] Invoked command in '/wipro_ws/build/arm_desc' returned '0': CMAKE_PREFIX_PATH=${CMAKE_PREFIX_PATH}:/opt/ros/humble /usr/bin/cmake --install /wipro_ws/build/arm_desc
