[0.195s] DEBUG:colcon:Command line arguments: ['/usr/bin/colcon', 'build']
[0.195s] DEBUG:colcon:Parsed command line arguments: Namespace(log_base=None, log_level=None, verb_name='build', build_base='build', install_base='install', merge_install=False, symlink_install=False, test_result_base=None, continue_on_error=False, executor='parallel', parallel_workers=16, event_handlers=None, ignore_user_meta=False, metas=['./colcon.meta'], base_paths=['.'], packages_ignore=None, packages_ignore_regex=None, paths=None, packages_up_to=None, packages_up_to_regex=None, packages_above=None, packages_above_and_dependencies=None, packages_above_depth=None, packages_select_by_dep=None, packages_skip_by_dep=None, packages_skip_up_to=None, packages_select_build_failed=False, packages_skip_build_finished=False, packages_select_test_failures=False, packages_skip_test_passed=False, packages_select=None, packages_skip=None, packages_select_regex=None, packages_skip_regex=None, packages_start=None, packages_end=None, cmake_args=None, cmake_target=None, cmake_target_skip_unavailable=False, cmake_clean_cache=False, cmake_clean_first=False, cmake_force_configure=False, ament_cmake_args=None, catkin_cmake_args=None, catkin_skip_building_tests=False, mixin_files=None, mixin=None, verb_parser=<colcon_mixin.mixin.mixin_argument.MixinArgumentDecorator object at 0x78024e403340>, verb_extension=<colcon_core.verb.build.BuildVerb object at 0x78024e540310>, main=<bound method BuildVerb.main of <colcon_core.verb.build.BuildVerb object at 0x78024e540310>>, mixin_verb=('build',))
[0.415s] Level 1:colcon.colcon_core.package_discovery:discover_packages(colcon_meta) check parameters
[0.416s] Level 1:colcon.colcon_core.package_discovery:discover_packages(recursive) check parameters
[0.416s] Level 1:colcon.colcon_core.package_discovery:discover_packages(ignore) check parameters
[0.416s] Level 1:colcon.colcon_core.package_discovery:discover_packages(path) check parameters
[0.416s] Level 1:colcon.colcon_core.package_discovery:discover_packages(colcon_meta) discover
[0.416s] Level 1:colcon.colcon_core.package_discovery:discover_packages(recursive) discover
[0.416s] INFO:colcon.colcon_core.package_discovery:Crawling recursively for packages in '/wipro_ws'
[0.416s] Level 1:colcon.colcon_core.package_identification:_identify(.) by extensions ['ignore', 'ignore_ament_install']
[0.416s] Level 1:colcon.colcon_core.package_identification:_identify(.) by extension 'ignore'
[0.416s] Level 1:colcon.colcon_core.package_identification:_identify(.) by extension 'ignore_ament_install'
[0.417s] Level 1:colcon.colcon_core.package_identification:_identify(.) by extensions ['colcon_pkg']
[0.417s] Level 1:colcon.colcon_core.package_identification:_identify(.) by extension 'colcon_pkg'
[0.417s] Level 1:colcon.colcon_core.package_identification:_identify(.) by extensions ['colcon_meta']
[0.417s] Level 1:colcon.colcon_core.package_identification:_identify(.) by extension 'colcon_meta'
[0.417s] Level 1:colcon.colcon_core.package_identification:_identify(.) by extensions ['ros']
[0.417s] Level 1:colcon.colcon_core.package_identification:_identify(.) by extension 'ros'
[0.433s] Level 1:colcon.colcon_core.package_identification:_identify(.) by extensions ['cmake', 'python']
[0.433s] Level 1:colcon.colcon_core.package_identification:_identify(.) by extension 'cmake'
[0.433s] Level 1:colcon.colcon_core.package_identification:_identify(.) by extension 'python'
[0.433s] Level 1:colcon.colcon_core.package_identification:_identify(.) by extensions ['python_setup_py']
[0.433s] Level 1:colcon.colcon_core.package_identification:_identify(.) by extension 'python_setup_py'
[0.434s] Level 1:colcon.colcon_core.package_identification:_identify(build) by extensions ['ignore', 'ignore_ament_install']
[0.434s] Level 1:colcon.colcon_core.package_identification:_identify(build) by extension 'ignore'
[0.434s] Level 1:colcon.colcon_core.package_identification:_identify(build) ignored
[0.434s] Level 1:colcon.colcon_core.package_identification:_identify(install) by extensions ['ignore', 'ignore_ament_install']
[0.434s] Level 1:colcon.colcon_core.package_identification:_identify(install) by extension 'ignore'
[0.434s] Level 1:colcon.colcon_core.package_identification:_identify(install) ignored
[0.434s] Level 1:colcon.colcon_core.package_identification:_identify(log) by extensions ['ignore', 'ignore_ament_install']
[0.434s] Level 1:colcon.colcon_core.package_identification:_identify(log) by extension 'ignore'
[0.434s] Level 1:colcon.colcon_core.package_identification:_identify(log) ignored
[0.435s] Level 1:colcon.colcon_core.package_identification:_identify(src) by extensions ['ignore', 'ignore_ament_install']
[0.435s] Level 1:colcon.colcon_core.package_identification:_identify(src) by extension 'ignore'
[0.435s] Level 1:colcon.colcon_core.package_identification:_identify(src) by extension 'ignore_ament_install'
[0.435s] Level 1:colcon.colcon_core.package_identification:_identify(src) by extensions ['colcon_pkg']
[0.435s] Level 1:colcon.colcon_core.package_identification:_identify(src) by extension 'colcon_pkg'
[0.435s] Level 1:colcon.colcon_core.package_identification:_identify(src) by extensions ['colcon_meta']
[0.435s] Level 1:colcon.colcon_core.package_identification:_identify(src) by extension 'colcon_meta'
[0.435s] Level 1:colcon.colcon_core.package_identification:_identify(src) by extensions ['ros']
[0.435s] Level 1:colcon.colcon_core.package_identification:_identify(src) by extension 'ros'
[0.435s] Level 1:colcon.colcon_core.package_identification:_identify(src) by extensions ['cmake', 'python']
[0.435s] Level 1:colcon.colcon_core.package_identification:_identify(src) by extension 'cmake'
[0.435s] Level 1:colcon.colcon_core.package_identification:_identify(src) by extension 'python'
[0.435s] Level 1:colcon.colcon_core.package_identification:_identify(src) by extensions ['python_setup_py']
[0.435s] Level 1:colcon.colcon_core.package_identification:_identify(src) by extension 'python_setup_py'
[0.435s] Level 1:colcon.colcon_core.package_identification:_identify(src/arm_desc) by extensions ['ignore', 'ignore_ament_install']
[0.435s] Level 1:colcon.colcon_core.package_identification:_identify(src/arm_desc) by extension 'ignore'
[0.436s] Level 1:colcon.colcon_core.package_identification:_identify(src/arm_desc) by extension 'ignore_ament_install'
[0.436s] Level 1:colcon.colcon_core.package_identification:_identify(src/arm_desc) by extensions ['colcon_pkg']
[0.436s] Level 1:colcon.colcon_core.package_identification:_identify(src/arm_desc) by extension 'colcon_pkg'
[0.436s] Level 1:colcon.colcon_core.package_identification:_identify(src/arm_desc) by extensions ['colcon_meta']
[0.436s] Level 1:colcon.colcon_core.package_identification:_identify(src/arm_desc) by extension 'colcon_meta'
[0.436s] Level 1:colcon.colcon_core.package_identification:_identify(src/arm_desc) by extensions ['ros']
[0.436s] Level 1:colcon.colcon_core.package_identification:_identify(src/arm_desc) by extension 'ros'
[0.439s] DEBUG:colcon.colcon_core.package_identification:Package 'src/arm_desc' with type 'ros.ament_cmake' and name 'arm_desc'
[0.439s] Level 1:colcon.colcon_core.package_identification:_identify(src/kuka_pkg) by extensions ['ignore', 'ignore_ament_install']
[0.440s] Level 1:colcon.colcon_core.package_identification:_identify(src/kuka_pkg) by extension 'ignore'
[0.440s] Level 1:colcon.colcon_core.package_identification:_identify(src/kuka_pkg) by extension 'ignore_ament_install'
[0.440s] Level 1:colcon.colcon_core.package_identification:_identify(src/kuka_pkg) by extensions ['colcon_pkg']
[0.440s] Level 1:colcon.colcon_core.package_identification:_identify(src/kuka_pkg) by extension 'colcon_pkg'
[0.440s] Level 1:colcon.colcon_core.package_identification:_identify(src/kuka_pkg) by extensions ['colcon_meta']
[0.440s] Level 1:colcon.colcon_core.package_identification:_identify(src/kuka_pkg) by extension 'colcon_meta'
[0.440s] Level 1:colcon.colcon_core.package_identification:_identify(src/kuka_pkg) by extensions ['ros']
[0.440s] Level 1:colcon.colcon_core.package_identification:_identify(src/kuka_pkg) by extension 'ros'
[0.441s] DEBUG:colcon.colcon_core.package_identification:Package 'src/kuka_pkg' with type 'ros.ament_cmake' and name 'kuka_pkg'
[0.441s] Level 1:colcon.colcon_core.package_discovery:discover_packages(recursive) using defaults
[0.441s] Level 1:colcon.colcon_core.package_discovery:discover_packages(ignore) discover
[0.441s] Level 1:colcon.colcon_core.package_discovery:discover_packages(ignore) using defaults
[0.441s] Level 1:colcon.colcon_core.package_discovery:discover_packages(path) discover
[0.441s] Level 1:colcon.colcon_core.package_discovery:discover_packages(path) using defaults
[0.474s] Level 5:colcon.colcon_core.verb:set package 'arm_desc' build argument 'cmake_args' from command line to 'None'
[0.474s] Level 5:colcon.colcon_core.verb:set package 'arm_desc' build argument 'cmake_target' from command line to 'None'
[0.475s] Level 5:colcon.colcon_core.verb:set package 'arm_desc' build argument 'cmake_target_skip_unavailable' from command line to 'False'
[0.475s] Level 5:colcon.colcon_core.verb:set package 'arm_desc' build argument 'cmake_clean_cache' from command line to 'False'
[0.475s] Level 5:colcon.colcon_core.verb:set package 'arm_desc' build argument 'cmake_clean_first' from command line to 'False'
[0.475s] Level 5:colcon.colcon_core.verb:set package 'arm_desc' build argument 'cmake_force_configure' from command line to 'False'
[0.475s] Level 5:colcon.colcon_core.verb:set package 'arm_desc' build argument 'ament_cmake_args' from command line to 'None'
[0.475s] Level 5:colcon.colcon_core.verb:set package 'arm_desc' build argument 'catkin_cmake_args' from command line to 'None'
[0.475s] Level 5:colcon.colcon_core.verb:set package 'arm_desc' build argument 'catkin_skip_building_tests' from command line to 'False'
[0.475s] DEBUG:colcon.colcon_core.verb:Building package 'arm_desc' with the following arguments: {'ament_cmake_args': None, 'build_base': '/wipro_ws/build/arm_desc', 'catkin_cmake_args': None, 'catkin_skip_building_tests': False, 'cmake_args': None, 'cmake_clean_cache': False, 'cmake_clean_first': False, 'cmake_force_configure': False, 'cmake_target': None, 'cmake_target_skip_unavailable': False, 'install_base': '/wipro_ws/install/arm_desc', 'merge_install': False, 'path': '/wipro_ws/src/arm_desc', 'symlink_install': False, 'test_result_base': None}
[0.475s] Level 5:colcon.colcon_core.verb:set package 'kuka_pkg' build argument 'cmake_args' from command line to 'None'
[0.475s] Level 5:colcon.colcon_core.verb:set package 'kuka_pkg' build argument 'cmake_target' from command line to 'None'
[0.475s] Level 5:colcon.colcon_core.verb:set package 'kuka_pkg' build argument 'cmake_target_skip_unavailable' from command line to 'False'
[0.475s] Level 5:colcon.colcon_core.verb:set package 'kuka_pkg' build argument 'cmake_clean_cache' from command line to 'False'
[0.475s] Level 5:colcon.colcon_core.verb:set package 'kuka_pkg' build argument 'cmake_clean_first' from command line to 'False'
[0.475s] Level 5:colcon.colcon_core.verb:set package 'kuka_pkg' build argument 'cmake_force_configure' from command line to 'False'
[0.475s] Level 5:colcon.colcon_core.verb:set package 'kuka_pkg' build argument 'ament_cmake_args' from command line to 'None'
[0.475s] Level 5:colcon.colcon_core.verb:set package 'kuka_pkg' build argument 'catkin_cmake_args' from command line to 'None'
[0.475s] Level 5:colcon.colcon_core.verb:set package 'kuka_pkg' build argument 'catkin_skip_building_tests' from command line to 'False'
[0.475s] DEBUG:colcon.colcon_core.verb:Building package 'kuka_pkg' with the following arguments: {'ament_cmake_args': None, 'build_base': '/wipro_ws/build/kuka_pkg', 'catkin_cmake_args': None, 'catkin_skip_building_tests': False, 'cmake_args': None, 'cmake_clean_cache': False, 'cmake_clean_first': False, 'cmake_force_configure': False, 'cmake_target': None, 'cmake_target_skip_unavailable': False, 'install_base': '/wipro_ws/install/kuka_pkg', 'merge_install': False, 'path': '/wipro_ws/src/kuka_pkg', 'symlink_install': False, 'test_result_base': None}
[0.476s] INFO:colcon.colcon_core.executor:Executing jobs using 'parallel' executor
[0.477s] DEBUG:colcon.colcon_parallel_executor.executor.parallel:run_until_complete
[0.477s] INFO:colcon.colcon_ros.task.ament_cmake.build:Building ROS package in '/wipro_ws/src/arm_desc' with build type 'ament_cmake'
[0.477s] INFO:colcon.colcon_cmake.task.cmake.build:Building CMake package in '/wipro_ws/src/arm_desc'
[0.481s] INFO:colcon.colcon_core.plugin_system:Skipping extension 'colcon_core.shell.bat': Not used on non-Windows systems
[0.482s] INFO:colcon.colcon_core.shell:Skip shell extension 'powershell' for command environment: Not usable outside of PowerShell
[0.482s] DEBUG:colcon.colcon_core.shell:Skip shell extension 'dsv' for command environment
[0.489s] INFO:colcon.colcon_ros.task.ament_cmake.build:Building ROS package in '/wipro_ws/src/kuka_pkg' with build type 'ament_cmake'
[0.489s] INFO:colcon.colcon_cmake.task.cmake.build:Building CMake package in '/wipro_ws/src/kuka_pkg'
[0.489s] INFO:colcon.colcon_core.shell:Skip shell extension 'powershell' for command environment: Not usable outside of PowerShell
[0.489s] DEBUG:colcon.colcon_core.shell:Skip shell extension 'dsv' for command environment
[0.500s] DEBUG:colcon.colcon_core.event_handler.log_command:Invoking command in '/wipro_ws/build/arm_desc': CMAKE_PREFIX_PATH=/opt/ros/humble /usr/bin/cmake --build /wipro_ws/build/arm_desc -- -j16 -l16
[0.510s] DEBUG:colcon.colcon_core.event_handler.log_command:Invoking command in '/wipro_ws/build/kuka_pkg': CMAKE_PREFIX_PATH=/opt/ros/humble /usr/bin/cmake --build /wipro_ws/build/kuka_pkg -- -j16 -l16
[0.587s] DEBUG:colcon.colcon_core.event_handler.log_command:Invoked command in '/wipro_ws/build/arm_desc' returned '0': CMAKE_PREFIX_PATH=/opt/ros/humble /usr/bin/cmake --build /wipro_ws/build/arm_desc -- -j16 -l16
[0.604s] DEBUG:colcon.colcon_core.event_handler.log_command:Invoking command in '/wipro_ws/build/arm_desc': CMAKE_PREFIX_PATH=/opt/ros/humble /usr/bin/cmake --install /wipro_ws/build/arm_desc
[0.620s] Level 1:colcon.colcon_core.environment:create_environment_scripts_only(arm_desc)
[0.620s] DEBUG:colcon.colcon_core.event_handler.log_command:Invoked command in '/wipro_ws/build/arm_desc' returned '0': CMAKE_PREFIX_PATH=/opt/ros/humble /usr/bin/cmake --install /wipro_ws/build/arm_desc
[0.625s] Level 1:colcon.colcon_core.environment:checking '/wipro_ws/install/arm_desc' for CMake module files
[0.626s] Level 1:colcon.colcon_core.environment:checking '/wipro_ws/install/arm_desc' for CMake config files
[0.626s] Level 1:colcon.colcon_core.shell:create_environment_hook('arm_desc', 'cmake_prefix_path')
[0.626s] INFO:colcon.colcon_core.shell:Creating environment hook '/wipro_ws/install/arm_desc/share/arm_desc/hook/cmake_prefix_path.ps1'
[0.627s] INFO:colcon.colcon_core.shell:Creating environment descriptor '/wipro_ws/install/arm_desc/share/arm_desc/hook/cmake_prefix_path.dsv'
[0.628s] INFO:colcon.colcon_core.shell:Creating environment hook '/wipro_ws/install/arm_desc/share/arm_desc/hook/cmake_prefix_path.sh'
[0.629s] Level 1:colcon.colcon_core.environment:checking '/wipro_ws/install/arm_desc/bin'
[0.629s] Level 1:colcon.colcon_core.environment:checking '/wipro_ws/install/arm_desc/lib/pkgconfig/arm_desc.pc'
[0.632s] Level 1:colcon.colcon_core.environment:checking '/wipro_ws/install/arm_desc/lib/python3.10/site-packages'
[0.633s] Level 1:colcon.colcon_core.environment:checking '/wipro_ws/install/arm_desc/bin'
[0.633s] INFO:colcon.colcon_core.shell:Creating package script '/wipro_ws/install/arm_desc/share/arm_desc/package.ps1'
[0.634s] INFO:colcon.colcon_core.shell:Creating package descriptor '/wipro_ws/install/arm_desc/share/arm_desc/package.dsv'
[0.635s] INFO:colcon.colcon_core.shell:Creating package script '/wipro_ws/install/arm_desc/share/arm_desc/package.sh'
[0.636s] INFO:colcon.colcon_core.shell:Creating package script '/wipro_ws/install/arm_desc/share/arm_desc/package.bash'
[0.637s] INFO:colcon.colcon_core.shell:Creating package script '/wipro_ws/install/arm_desc/share/arm_desc/package.zsh'
[0.638s] Level 1:colcon.colcon_core.environment:create_file_with_runtime_dependencies(/wipro_ws/install/arm_desc/share/colcon-core/packages/arm_desc)
[0.639s] Level 1:colcon.colcon_core.environment:create_environment_scripts_only(arm_desc)
[0.639s] Level 1:colcon.colcon_core.environment:checking '/wipro_ws/install/arm_desc' for CMake module files
[0.640s] Level 1:colcon.colcon_core.environment:checking '/wipro_ws/install/arm_desc' for CMake config files
[0.640s] Level 1:colcon.colcon_core.shell:create_environment_hook('arm_desc', 'cmake_prefix_path')
[0.640s] INFO:colcon.colcon_core.shell:Creating environment hook '/wipro_ws/install/arm_desc/share/arm_desc/hook/cmake_prefix_path.ps1'
[0.641s] INFO:colcon.colcon_core.shell:Creating environment descriptor '/wipro_ws/install/arm_desc/share/arm_desc/hook/cmake_prefix_path.dsv'
[0.641s] INFO:colcon.colcon_core.shell:Creating environment hook '/wipro_ws/install/arm_desc/share/arm_desc/hook/cmake_prefix_path.sh'
[0.642s] Level 1:colcon.colcon_core.environment:checking '/wipro_ws/install/arm_desc/bin'
[0.642s] Level 1:colcon.colcon_core.environment:checking '/wipro_ws/install/arm_desc/lib/pkgconfig/arm_desc.pc'
[0.642s] Level 1:colcon.colcon_core.environment:checking '/wipro_ws/install/arm_desc/lib/python3.10/site-packages'
[0.642s] Level 1:colcon.colcon_core.environment:checking '/wipro_ws/install/arm_desc/bin'
[0.643s] INFO:colcon.colcon_core.shell:Creating package script '/wipro_ws/install/arm_desc/share/arm_desc/package.ps1'
[0.643s] INFO:colcon.colcon_core.shell:Creating package descriptor '/wipro_ws/install/arm_desc/share/arm_desc/package.dsv'
[0.644s] INFO:colcon.colcon_core.shell:Creating package script '/wipro_ws/install/arm_desc/share/arm_desc/package.sh'
[0.645s] INFO:colcon.colcon_core.shell:Creating package script '/wipro_ws/install/arm_desc/share/arm_desc/package.bash'
[0.645s] INFO:colcon.colcon_core.shell:Creating package script '/wipro_ws/install/arm_desc/share/arm_desc/package.zsh'
[0.646s] Level 1:colcon.colcon_core.environment:create_file_with_runtime_dependencies(/wipro_ws/install/arm_desc/share/colcon-core/packages/arm_desc)
[0.649s] DEBUG:colcon.colcon_core.event_handler.log_command:Invoked command in '/wipro_ws/build/kuka_pkg' returned '0': CMAKE_PREFIX_PATH=/opt/ros/humble /usr/bin/cmake --build /wipro_ws/build/kuka_pkg -- -j16 -l16
[0.652s] DEBUG:colcon.colcon_core.event_handler.log_command:Invoking command in '/wipro_ws/build/kuka_pkg': CMAKE_PREFIX_PATH=/opt/ros/humble /usr/bin/cmake --install /wipro_ws/build/kuka_pkg
[0.671s] Level 1:colcon.colcon_core.environment:create_environment_scripts_only(kuka_pkg)
[0.672s] Level 1:colcon.colcon_core.environment:checking '/wipro_ws/install/kuka_pkg' for CMake module files
[0.673s] DEBUG:colcon.colcon_core.event_handler.log_command:Invoked command in '/wipro_ws/build/kuka_pkg' returned '0': CMAKE_PREFIX_PATH=/opt/ros/humble /usr/bin/cmake --install /wipro_ws/build/kuka_pkg
[0.673s] Level 1:colcon.colcon_core.environment:checking '/wipro_ws/install/kuka_pkg' for CMake config files
[0.674s] Level 1:colcon.colcon_core.shell:create_environment_hook('kuka_pkg', 'cmake_prefix_path')
[0.674s] INFO:colcon.colcon_core.shell:Creating environment hook '/wipro_ws/install/kuka_pkg/share/kuka_pkg/hook/cmake_prefix_path.ps1'
[0.675s] INFO:colcon.colcon_core.shell:Creating environment descriptor '/wipro_ws/install/kuka_pkg/share/kuka_pkg/hook/cmake_prefix_path.dsv'
[0.676s] INFO:colcon.colcon_core.shell:Creating environment hook '/wipro_ws/install/kuka_pkg/share/kuka_pkg/hook/cmake_prefix_path.sh'
[0.678s] Level 1:colcon.colcon_core.environment:checking '/wipro_ws/install/kuka_pkg/lib'
[0.679s] Level 1:colcon.colcon_core.environment:checking '/wipro_ws/install/kuka_pkg/bin'
[0.679s] Level 1:colcon.colcon_core.environment:checking '/wipro_ws/install/kuka_pkg/lib/pkgconfig/kuka_pkg.pc'
[0.679s] Level 1:colcon.colcon_core.environment:checking '/wipro_ws/install/kuka_pkg/lib/python3.10/site-packages'
[0.679s] Level 1:colcon.colcon_core.environment:checking '/wipro_ws/install/kuka_pkg/bin'
[0.680s] INFO:colcon.colcon_core.shell:Creating package script '/wipro_ws/install/kuka_pkg/share/kuka_pkg/package.ps1'
[0.681s] INFO:colcon.colcon_core.shell:Creating package descriptor '/wipro_ws/install/kuka_pkg/share/kuka_pkg/package.dsv'
[0.682s] INFO:colcon.colcon_core.shell:Creating package script '/wipro_ws/install/kuka_pkg/share/kuka_pkg/package.sh'
[0.682s] INFO:colcon.colcon_core.shell:Creating package script '/wipro_ws/install/kuka_pkg/share/kuka_pkg/package.bash'
[0.683s] INFO:colcon.colcon_core.shell:Creating package script '/wipro_ws/install/kuka_pkg/share/kuka_pkg/package.zsh'
[0.684s] Level 1:colcon.colcon_core.environment:create_file_with_runtime_dependencies(/wipro_ws/install/kuka_pkg/share/colcon-core/packages/kuka_pkg)
[0.684s] Level 1:colcon.colcon_core.environment:create_environment_scripts_only(kuka_pkg)
[0.685s] Level 1:colcon.colcon_core.environment:checking '/wipro_ws/install/kuka_pkg' for CMake module files
[0.686s] Level 1:colcon.colcon_core.environment:checking '/wipro_ws/install/kuka_pkg' for CMake config files
[0.686s] Level 1:colcon.colcon_core.shell:create_environment_hook('kuka_pkg', 'cmake_prefix_path')
[0.686s] INFO:colcon.colcon_core.shell:Creating environment hook '/wipro_ws/install/kuka_pkg/share/kuka_pkg/hook/cmake_prefix_path.ps1'
[0.687s] INFO:colcon.colcon_core.shell:Creating environment descriptor '/wipro_ws/install/kuka_pkg/share/kuka_pkg/hook/cmake_prefix_path.dsv'
[0.687s] INFO:colcon.colcon_core.shell:Creating environment hook '/wipro_ws/install/kuka_pkg/share/kuka_pkg/hook/cmake_prefix_path.sh'
[0.688s] Level 1:colcon.colcon_core.environment:checking '/wipro_ws/install/kuka_pkg/lib'
[0.688s] Level 1:colcon.colcon_core.environment:checking '/wipro_ws/install/kuka_pkg/bin'
[0.689s] Level 1:colcon.colcon_core.environment:checking '/wipro_ws/install/kuka_pkg/lib/pkgconfig/kuka_pkg.pc'
[0.689s] Level 1:colcon.colcon_core.environment:checking '/wipro_ws/install/kuka_pkg/lib/python3.10/site-packages'
[0.689s] Level 1:colcon.colcon_core.environment:checking '/wipro_ws/install/kuka_pkg/bin'
[0.689s] INFO:colcon.colcon_core.shell:Creating package script '/wipro_ws/install/kuka_pkg/share/kuka_pkg/package.ps1'
[0.691s] INFO:colcon.colcon_core.shell:Creating package descriptor '/wipro_ws/install/kuka_pkg/share/kuka_pkg/package.dsv'
[0.692s] INFO:colcon.colcon_core.shell:Creating package script '/wipro_ws/install/kuka_pkg/share/kuka_pkg/package.sh'
[0.694s] INFO:colcon.colcon_core.shell:Creating package script '/wipro_ws/install/kuka_pkg/share/kuka_pkg/package.bash'
[0.695s] INFO:colcon.colcon_core.shell:Creating package script '/wipro_ws/install/kuka_pkg/share/kuka_pkg/package.zsh'
[0.696s] Level 1:colcon.colcon_core.environment:create_file_with_runtime_dependencies(/wipro_ws/install/kuka_pkg/share/colcon-core/packages/kuka_pkg)
[0.697s] DEBUG:colcon.colcon_parallel_executor.executor.parallel:closing loop
[0.697s] DEBUG:colcon.colcon_parallel_executor.executor.parallel:loop closed
[0.697s] DEBUG:colcon.colcon_parallel_executor.executor.parallel:run_until_complete finished with '0'
[0.697s] DEBUG:colcon.colcon_core.event_reactor:joining thread
[0.711s] INFO:colcon.colcon_core.plugin_system:Skipping extension 'colcon_notification.desktop_notification.notify_send': Could not find 'notify-send'
[0.711s] INFO:colcon.colcon_core.plugin_system:Skipping extension 'colcon_notification.desktop_notification.terminal_notifier': Not used on non-Darwin systems
[0.711s] INFO:colcon.colcon_core.plugin_system:Skipping extension 'colcon_notification.desktop_notification.win32': Not used on non-Windows systems
[0.711s] INFO:colcon.colcon_notification.desktop_notification:Sending desktop notification using 'notify2'
[0.715s] DEBUG:colcon.colcon_notification.desktop_notification.notify2:Failed to initialize notify2: org.freedesktop.DBus.Error.Spawn.ExecFailed: /usr/bin/dbus-launch terminated abnormally without any error message
[0.716s] DEBUG:colcon.colcon_core.event_reactor:joined thread
[0.717s] INFO:colcon.colcon_core.shell:Creating prefix script '/wipro_ws/install/local_setup.ps1'
[0.718s] INFO:colcon.colcon_core.shell:Creating prefix util module '/wipro_ws/install/_local_setup_util_ps1.py'
[0.720s] INFO:colcon.colcon_core.shell:Creating prefix chain script '/wipro_ws/install/setup.ps1'
[0.722s] INFO:colcon.colcon_core.shell:Creating prefix script '/wipro_ws/install/local_setup.sh'
[0.723s] INFO:colcon.colcon_core.shell:Creating prefix util module '/wipro_ws/install/_local_setup_util_sh.py'
[0.723s] INFO:colcon.colcon_core.shell:Creating prefix chain script '/wipro_ws/install/setup.sh'
[0.725s] INFO:colcon.colcon_core.shell:Creating prefix script '/wipro_ws/install/local_setup.bash'
[0.725s] INFO:colcon.colcon_core.shell:Creating prefix chain script '/wipro_ws/install/setup.bash'
[0.728s] INFO:colcon.colcon_core.shell:Creating prefix script '/wipro_ws/install/local_setup.zsh'
[0.729s] INFO:colcon.colcon_core.shell:Creating prefix chain script '/wipro_ws/install/setup.zsh'
