[0.143s] DEBUG:colcon:Command line arguments: ['/usr/bin/colcon', 'build']
[0.144s] DEBUG:colcon:Parsed command line arguments: Namespace(log_base=None, log_level=None, verb_name='build', build_base='build', install_base='install', merge_install=False, symlink_install=False, test_result_base=None, continue_on_error=False, executor='parallel', parallel_workers=16, event_handlers=None, ignore_user_meta=False, metas=['./colcon.meta'], base_paths=['.'], packages_ignore=None, packages_ignore_regex=None, paths=None, packages_up_to=None, packages_up_to_regex=None, packages_above=None, packages_above_and_dependencies=None, packages_above_depth=None, packages_select_by_dep=None, packages_skip_by_dep=None, packages_skip_up_to=None, packages_select_build_failed=False, packages_skip_build_finished=False, packages_select_test_failures=False, packages_skip_test_passed=False, packages_select=None, packages_skip=None, packages_select_regex=None, packages_skip_regex=None, packages_start=None, packages_end=None, cmake_args=None, cmake_target=None, cmake_target_skip_unavailable=False, cmake_clean_cache=False, cmake_clean_first=False, cmake_force_configure=False, ament_cmake_args=None, catkin_cmake_args=None, catkin_skip_building_tests=False, mixin_files=None, mixin=None, verb_parser=<colcon_mixin.mixin.mixin_argument.MixinArgumentDecorator object at 0x74005e157820>, verb_extension=<colcon_core.verb.build.BuildVerb object at 0x74005e2a07f0>, main=<bound method BuildVerb.main of <colcon_core.verb.build.BuildVerb object at 0x74005e2a07f0>>, mixin_verb=('build',))
[0.320s] Level 1:colcon.colcon_core.package_discovery:discover_packages(colcon_meta) check parameters
[0.320s] Level 1:colcon.colcon_core.package_discovery:discover_packages(recursive) check parameters
[0.320s] Level 1:colcon.colcon_core.package_discovery:discover_packages(ignore) check parameters
[0.320s] Level 1:colcon.colcon_core.package_discovery:discover_packages(path) check parameters
[0.320s] Level 1:colcon.colcon_core.package_discovery:discover_packages(colcon_meta) discover
[0.320s] Level 1:colcon.colcon_core.package_discovery:discover_packages(recursive) discover
[0.321s] INFO:colcon.colcon_core.package_discovery:Crawling recursively for packages in '/wipro_ws'
[0.321s] Level 1:colcon.colcon_core.package_identification:_identify(.) by extensions ['ignore', 'ignore_ament_install']
[0.321s] Level 1:colcon.colcon_core.package_identification:_identify(.) by extension 'ignore'
[0.321s] Level 1:colcon.colcon_core.package_identification:_identify(.) by extension 'ignore_ament_install'
[0.321s] Level 1:colcon.colcon_core.package_identification:_identify(.) by extensions ['colcon_pkg']
[0.321s] Level 1:colcon.colcon_core.package_identification:_identify(.) by extension 'colcon_pkg'
[0.321s] Level 1:colcon.colcon_core.package_identification:_identify(.) by extensions ['colcon_meta']
[0.321s] Level 1:colcon.colcon_core.package_identification:_identify(.) by extension 'colcon_meta'
[0.321s] Level 1:colcon.colcon_core.package_identification:_identify(.) by extensions ['ros']
[0.321s] Level 1:colcon.colcon_core.package_identification:_identify(.) by extension 'ros'
[0.374s] Level 1:colcon.colcon_core.package_identification:_identify(.) by extensions ['cmake', 'python']
[0.374s] Level 1:colcon.colcon_core.package_identification:_identify(.) by extension 'cmake'
[0.374s] Level 1:colcon.colcon_core.package_identification:_identify(.) by extension 'python'
[0.374s] Level 1:colcon.colcon_core.package_identification:_identify(.) by extensions ['python_setup_py']
[0.374s] Level 1:colcon.colcon_core.package_identification:_identify(.) by extension 'python_setup_py'
[0.374s] Level 1:colcon.colcon_core.package_identification:_identify(build) by extensions ['ignore', 'ignore_ament_install']
[0.374s] Level 1:colcon.colcon_core.package_identification:_identify(build) by extension 'ignore'
[0.374s] Level 1:colcon.colcon_core.package_identification:_identify(build) ignored
[0.375s] Level 1:colcon.colcon_core.package_identification:_identify(install) by extensions ['ignore', 'ignore_ament_install']
[0.375s] Level 1:colcon.colcon_core.package_identification:_identify(install) by extension 'ignore'
[0.375s] Level 1:colcon.colcon_core.package_identification:_identify(install) ignored
[0.375s] Level 1:colcon.colcon_core.package_identification:_identify(log) by extensions ['ignore', 'ignore_ament_install']
[0.375s] Level 1:colcon.colcon_core.package_identification:_identify(log) by extension 'ignore'
[0.375s] Level 1:colcon.colcon_core.package_identification:_identify(log) ignored
[0.375s] Level 1:colcon.colcon_core.package_identification:_identify(src) by extensions ['ignore', 'ignore_ament_install']
[0.375s] Level 1:colcon.colcon_core.package_identification:_identify(src) by extension 'ignore'
[0.375s] Level 1:colcon.colcon_core.package_identification:_identify(src) by extension 'ignore_ament_install'
[0.375s] Level 1:colcon.colcon_core.package_identification:_identify(src) by extensions ['colcon_pkg']
[0.375s] Level 1:colcon.colcon_core.package_identification:_identify(src) by extension 'colcon_pkg'
[0.375s] Level 1:colcon.colcon_core.package_identification:_identify(src) by extensions ['colcon_meta']
[0.375s] Level 1:colcon.colcon_core.package_identification:_identify(src) by extension 'colcon_meta'
[0.375s] Level 1:colcon.colcon_core.package_identification:_identify(src) by extensions ['ros']
[0.376s] Level 1:colcon.colcon_core.package_identification:_identify(src) by extension 'ros'
[0.376s] Level 1:colcon.colcon_core.package_identification:_identify(src) by extensions ['cmake', 'python']
[0.376s] Level 1:colcon.colcon_core.package_identification:_identify(src) by extension 'cmake'
[0.376s] Level 1:colcon.colcon_core.package_identification:_identify(src) by extension 'python'
[0.376s] Level 1:colcon.colcon_core.package_identification:_identify(src) by extensions ['python_setup_py']
[0.376s] Level 1:colcon.colcon_core.package_identification:_identify(src) by extension 'python_setup_py'
[0.376s] Level 1:colcon.colcon_core.package_identification:_identify(src/arm_desc) by extensions ['ignore', 'ignore_ament_install']
[0.376s] Level 1:colcon.colcon_core.package_identification:_identify(src/arm_desc) by extension 'ignore'
[0.376s] Level 1:colcon.colcon_core.package_identification:_identify(src/arm_desc) by extension 'ignore_ament_install'
[0.376s] Level 1:colcon.colcon_core.package_identification:_identify(src/arm_desc) by extensions ['colcon_pkg']
[0.376s] Level 1:colcon.colcon_core.package_identification:_identify(src/arm_desc) by extension 'colcon_pkg'
[0.376s] Level 1:colcon.colcon_core.package_identification:_identify(src/arm_desc) by extensions ['colcon_meta']
[0.376s] Level 1:colcon.colcon_core.package_identification:_identify(src/arm_desc) by extension 'colcon_meta'
[0.376s] Level 1:colcon.colcon_core.package_identification:_identify(src/arm_desc) by extensions ['ros']
[0.376s] Level 1:colcon.colcon_core.package_identification:_identify(src/arm_desc) by extension 'ros'
[0.379s] DEBUG:colcon.colcon_core.package_identification:Package 'src/arm_desc' with type 'ros.ament_cmake' and name 'arm_desc'
[0.379s] Level 1:colcon.colcon_core.package_identification:_identify(src/kuka_moveit_config) by extensions ['ignore', 'ignore_ament_install']
[0.379s] Level 1:colcon.colcon_core.package_identification:_identify(src/kuka_moveit_config) by extension 'ignore'
[0.379s] Level 1:colcon.colcon_core.package_identification:_identify(src/kuka_moveit_config) by extension 'ignore_ament_install'
[0.379s] Level 1:colcon.colcon_core.package_identification:_identify(src/kuka_moveit_config) by extensions ['colcon_pkg']
[0.379s] Level 1:colcon.colcon_core.package_identification:_identify(src/kuka_moveit_config) by extension 'colcon_pkg'
[0.379s] Level 1:colcon.colcon_core.package_identification:_identify(src/kuka_moveit_config) by extensions ['colcon_meta']
[0.380s] Level 1:colcon.colcon_core.package_identification:_identify(src/kuka_moveit_config) by extension 'colcon_meta'
[0.380s] Level 1:colcon.colcon_core.package_identification:_identify(src/kuka_moveit_config) by extensions ['ros']
[0.380s] Level 1:colcon.colcon_core.package_identification:_identify(src/kuka_moveit_config) by extension 'ros'
[0.381s] DEBUG:colcon.colcon_core.package_identification:Package 'src/kuka_moveit_config' with type 'ros.ament_cmake' and name 'kuka_moveit_config'
[0.381s] Level 1:colcon.colcon_core.package_identification:_identify(src/kuka_pkg) by extensions ['ignore', 'ignore_ament_install']
[0.381s] Level 1:colcon.colcon_core.package_identification:_identify(src/kuka_pkg) by extension 'ignore'
[0.381s] Level 1:colcon.colcon_core.package_identification:_identify(src/kuka_pkg) by extension 'ignore_ament_install'
[0.381s] Level 1:colcon.colcon_core.package_identification:_identify(src/kuka_pkg) by extensions ['colcon_pkg']
[0.381s] Level 1:colcon.colcon_core.package_identification:_identify(src/kuka_pkg) by extension 'colcon_pkg'
[0.381s] Level 1:colcon.colcon_core.package_identification:_identify(src/kuka_pkg) by extensions ['colcon_meta']
[0.381s] Level 1:colcon.colcon_core.package_identification:_identify(src/kuka_pkg) by extension 'colcon_meta'
[0.381s] Level 1:colcon.colcon_core.package_identification:_identify(src/kuka_pkg) by extensions ['ros']
[0.381s] Level 1:colcon.colcon_core.package_identification:_identify(src/kuka_pkg) by extension 'ros'
[0.382s] DEBUG:colcon.colcon_core.package_identification:Package 'src/kuka_pkg' with type 'ros.ament_cmake' and name 'kuka_pkg'
[0.382s] Level 1:colcon.colcon_core.package_discovery:discover_packages(recursive) using defaults
[0.382s] Level 1:colcon.colcon_core.package_discovery:discover_packages(ignore) discover
[0.382s] Level 1:colcon.colcon_core.package_discovery:discover_packages(ignore) using defaults
[0.382s] Level 1:colcon.colcon_core.package_discovery:discover_packages(path) discover
[0.382s] Level 1:colcon.colcon_core.package_discovery:discover_packages(path) using defaults
[0.406s] Level 5:colcon.colcon_core.verb:set package 'arm_desc' build argument 'cmake_args' from command line to 'None'
[0.406s] Level 5:colcon.colcon_core.verb:set package 'arm_desc' build argument 'cmake_target' from command line to 'None'
[0.406s] Level 5:colcon.colcon_core.verb:set package 'arm_desc' build argument 'cmake_target_skip_unavailable' from command line to 'False'
[0.406s] Level 5:colcon.colcon_core.verb:set package 'arm_desc' build argument 'cmake_clean_cache' from command line to 'False'
[0.406s] Level 5:colcon.colcon_core.verb:set package 'arm_desc' build argument 'cmake_clean_first' from command line to 'False'
[0.406s] Level 5:colcon.colcon_core.verb:set package 'arm_desc' build argument 'cmake_force_configure' from command line to 'False'
[0.406s] Level 5:colcon.colcon_core.verb:set package 'arm_desc' build argument 'ament_cmake_args' from command line to 'None'
[0.406s] Level 5:colcon.colcon_core.verb:set package 'arm_desc' build argument 'catkin_cmake_args' from command line to 'None'
[0.406s] Level 5:colcon.colcon_core.verb:set package 'arm_desc' build argument 'catkin_skip_building_tests' from command line to 'False'
[0.406s] DEBUG:colcon.colcon_core.verb:Building package 'arm_desc' with the following arguments: {'ament_cmake_args': None, 'build_base': '/wipro_ws/build/arm_desc', 'catkin_cmake_args': None, 'catkin_skip_building_tests': False, 'cmake_args': None, 'cmake_clean_cache': False, 'cmake_clean_first': False, 'cmake_force_configure': False, 'cmake_target': None, 'cmake_target_skip_unavailable': False, 'install_base': '/wipro_ws/install/arm_desc', 'merge_install': False, 'path': '/wipro_ws/src/arm_desc', 'symlink_install': False, 'test_result_base': None}
[0.407s] Level 5:colcon.colcon_core.verb:set package 'kuka_pkg' build argument 'cmake_args' from command line to 'None'
[0.407s] Level 5:colcon.colcon_core.verb:set package 'kuka_pkg' build argument 'cmake_target' from command line to 'None'
[0.407s] Level 5:colcon.colcon_core.verb:set package 'kuka_pkg' build argument 'cmake_target_skip_unavailable' from command line to 'False'
[0.407s] Level 5:colcon.colcon_core.verb:set package 'kuka_pkg' build argument 'cmake_clean_cache' from command line to 'False'
[0.407s] Level 5:colcon.colcon_core.verb:set package 'kuka_pkg' build argument 'cmake_clean_first' from command line to 'False'
[0.407s] Level 5:colcon.colcon_core.verb:set package 'kuka_pkg' build argument 'cmake_force_configure' from command line to 'False'
[0.407s] Level 5:colcon.colcon_core.verb:set package 'kuka_pkg' build argument 'ament_cmake_args' from command line to 'None'
[0.407s] Level 5:colcon.colcon_core.verb:set package 'kuka_pkg' build argument 'catkin_cmake_args' from command line to 'None'
[0.407s] Level 5:colcon.colcon_core.verb:set package 'kuka_pkg' build argument 'catkin_skip_building_tests' from command line to 'False'
[0.407s] DEBUG:colcon.colcon_core.verb:Building package 'kuka_pkg' with the following arguments: {'ament_cmake_args': None, 'build_base': '/wipro_ws/build/kuka_pkg', 'catkin_cmake_args': None, 'catkin_skip_building_tests': False, 'cmake_args': None, 'cmake_clean_cache': False, 'cmake_clean_first': False, 'cmake_force_configure': False, 'cmake_target': None, 'cmake_target_skip_unavailable': False, 'install_base': '/wipro_ws/install/kuka_pkg', 'merge_install': False, 'path': '/wipro_ws/src/kuka_pkg', 'symlink_install': False, 'test_result_base': None}
[0.407s] Level 5:colcon.colcon_core.verb:set package 'kuka_moveit_config' build argument 'cmake_args' from command line to 'None'
[0.407s] Level 5:colcon.colcon_core.verb:set package 'kuka_moveit_config' build argument 'cmake_target' from command line to 'None'
[0.407s] Level 5:colcon.colcon_core.verb:set package 'kuka_moveit_config' build argument 'cmake_target_skip_unavailable' from command line to 'False'
[0.407s] Level 5:colcon.colcon_core.verb:set package 'kuka_moveit_config' build argument 'cmake_clean_cache' from command line to 'False'
[0.408s] Level 5:colcon.colcon_core.verb:set package 'kuka_moveit_config' build argument 'cmake_clean_first' from command line to 'False'
[0.408s] Level 5:colcon.colcon_core.verb:set package 'kuka_moveit_config' build argument 'cmake_force_configure' from command line to 'False'
[0.408s] Level 5:colcon.colcon_core.verb:set package 'kuka_moveit_config' build argument 'ament_cmake_args' from command line to 'None'
[0.408s] Level 5:colcon.colcon_core.verb:set package 'kuka_moveit_config' build argument 'catkin_cmake_args' from command line to 'None'
[0.408s] Level 5:colcon.colcon_core.verb:set package 'kuka_moveit_config' build argument 'catkin_skip_building_tests' from command line to 'False'
[0.408s] DEBUG:colcon.colcon_core.verb:Building package 'kuka_moveit_config' with the following arguments: {'ament_cmake_args': None, 'build_base': '/wipro_ws/build/kuka_moveit_config', 'catkin_cmake_args': None, 'catkin_skip_building_tests': False, 'cmake_args': None, 'cmake_clean_cache': False, 'cmake_clean_first': False, 'cmake_force_configure': False, 'cmake_target': None, 'cmake_target_skip_unavailable': False, 'install_base': '/wipro_ws/install/kuka_moveit_config', 'merge_install': False, 'path': '/wipro_ws/src/kuka_moveit_config', 'symlink_install': False, 'test_result_base': None}
[0.408s] INFO:colcon.colcon_core.executor:Executing jobs using 'parallel' executor
[0.409s] DEBUG:colcon.colcon_parallel_executor.executor.parallel:run_until_complete
[0.409s] INFO:colcon.colcon_ros.task.ament_cmake.build:Building ROS package in '/wipro_ws/src/arm_desc' with build type 'ament_cmake'
[0.410s] INFO:colcon.colcon_cmake.task.cmake.build:Building CMake package in '/wipro_ws/src/arm_desc'
[0.412s] INFO:colcon.colcon_core.plugin_system:Skipping extension 'colcon_core.shell.bat': Not used on non-Windows systems
[0.412s] INFO:colcon.colcon_core.shell:Skip shell extension 'powershell' for command environment: Not usable outside of PowerShell
[0.413s] DEBUG:colcon.colcon_core.shell:Skip shell extension 'dsv' for command environment
[0.419s] INFO:colcon.colcon_ros.task.ament_cmake.build:Building ROS package in '/wipro_ws/src/kuka_pkg' with build type 'ament_cmake'
[0.419s] INFO:colcon.colcon_cmake.task.cmake.build:Building CMake package in '/wipro_ws/src/kuka_pkg'
[0.419s] INFO:colcon.colcon_core.shell:Skip shell extension 'powershell' for command environment: Not usable outside of PowerShell
[0.420s] DEBUG:colcon.colcon_core.shell:Skip shell extension 'dsv' for command environment
[0.437s] DEBUG:colcon.colcon_core.event_handler.log_command:Invoking command in '/wipro_ws/build/arm_desc': CMAKE_PREFIX_PATH=${CMAKE_PREFIX_PATH}:/opt/ros/humble /usr/bin/cmake --build /wipro_ws/build/arm_desc -- -j16 -l16
[0.443s] DEBUG:colcon.colcon_core.event_handler.log_command:Invoking command in '/wipro_ws/build/kuka_pkg': CMAKE_PREFIX_PATH=${CMAKE_PREFIX_PATH}:/opt/ros/humble /usr/bin/cmake --build /wipro_ws/build/kuka_pkg -- -j16 -l16
[0.500s] DEBUG:colcon.colcon_core.event_handler.log_command:Invoked command in '/wipro_ws/build/arm_desc' returned '0': CMAKE_PREFIX_PATH=${CMAKE_PREFIX_PATH}:/opt/ros/humble /usr/bin/cmake --build /wipro_ws/build/arm_desc -- -j16 -l16
[0.519s] DEBUG:colcon.colcon_core.event_handler.log_command:Invoking command in '/wipro_ws/build/arm_desc': CMAKE_PREFIX_PATH=${CMAKE_PREFIX_PATH}:/opt/ros/humble /usr/bin/cmake --install /wipro_ws/build/arm_desc
[0.536s] Level 1:colcon.colcon_core.environment:create_environment_scripts_only(arm_desc)
[0.537s] DEBUG:colcon.colcon_core.event_handler.log_command:Invoked command in '/wipro_ws/build/arm_desc' returned '0': CMAKE_PREFIX_PATH=${CMAKE_PREFIX_PATH}:/opt/ros/humble /usr/bin/cmake --install /wipro_ws/build/arm_desc
[0.540s] Level 1:colcon.colcon_core.environment:checking '/wipro_ws/install/arm_desc' for CMake module files
[0.543s] Level 1:colcon.colcon_core.environment:checking '/wipro_ws/install/arm_desc' for CMake config files
[0.544s] Level 1:colcon.colcon_core.shell:create_environment_hook('arm_desc', 'cmake_prefix_path')
[0.544s] INFO:colcon.colcon_core.shell:Creating environment hook '/wipro_ws/install/arm_desc/share/arm_desc/hook/cmake_prefix_path.ps1'
[0.545s] INFO:colcon.colcon_core.shell:Creating environment descriptor '/wipro_ws/install/arm_desc/share/arm_desc/hook/cmake_prefix_path.dsv'
[0.546s] INFO:colcon.colcon_core.shell:Creating environment hook '/wipro_ws/install/arm_desc/share/arm_desc/hook/cmake_prefix_path.sh'
[0.548s] Level 1:colcon.colcon_core.environment:checking '/wipro_ws/install/arm_desc/bin'
[0.548s] Level 1:colcon.colcon_core.environment:checking '/wipro_ws/install/arm_desc/lib/pkgconfig/arm_desc.pc'
[0.550s] Level 1:colcon.colcon_core.environment:checking '/wipro_ws/install/arm_desc/lib/python3.10/site-packages'
[0.551s] Level 1:colcon.colcon_core.environment:checking '/wipro_ws/install/arm_desc/bin'
[0.551s] INFO:colcon.colcon_core.shell:Creating package script '/wipro_ws/install/arm_desc/share/arm_desc/package.ps1'
[0.552s] INFO:colcon.colcon_core.shell:Creating package descriptor '/wipro_ws/install/arm_desc/share/arm_desc/package.dsv'
[0.553s] INFO:colcon.colcon_core.shell:Creating package script '/wipro_ws/install/arm_desc/share/arm_desc/package.sh'
[0.554s] INFO:colcon.colcon_core.shell:Creating package script '/wipro_ws/install/arm_desc/share/arm_desc/package.bash'
[0.555s] INFO:colcon.colcon_core.shell:Creating package script '/wipro_ws/install/arm_desc/share/arm_desc/package.zsh'
[0.560s] Level 1:colcon.colcon_core.environment:create_file_with_runtime_dependencies(/wipro_ws/install/arm_desc/share/colcon-core/packages/arm_desc)
[0.561s] Level 1:colcon.colcon_core.environment:create_environment_scripts_only(arm_desc)
[0.562s] Level 1:colcon.colcon_core.environment:checking '/wipro_ws/install/arm_desc' for CMake module files
[0.562s] Level 1:colcon.colcon_core.environment:checking '/wipro_ws/install/arm_desc' for CMake config files
[0.563s] Level 1:colcon.colcon_core.shell:create_environment_hook('arm_desc', 'cmake_prefix_path')
[0.563s] INFO:colcon.colcon_core.shell:Creating environment hook '/wipro_ws/install/arm_desc/share/arm_desc/hook/cmake_prefix_path.ps1'
[0.564s] INFO:colcon.colcon_core.shell:Creating environment descriptor '/wipro_ws/install/arm_desc/share/arm_desc/hook/cmake_prefix_path.dsv'
[0.564s] INFO:colcon.colcon_core.shell:Creating environment hook '/wipro_ws/install/arm_desc/share/arm_desc/hook/cmake_prefix_path.sh'
[0.565s] Level 1:colcon.colcon_core.environment:checking '/wipro_ws/install/arm_desc/bin'
[0.565s] Level 1:colcon.colcon_core.environment:checking '/wipro_ws/install/arm_desc/lib/pkgconfig/arm_desc.pc'
[0.566s] Level 1:colcon.colcon_core.environment:checking '/wipro_ws/install/arm_desc/lib/python3.10/site-packages'
[0.566s] Level 1:colcon.colcon_core.environment:checking '/wipro_ws/install/arm_desc/bin'
[0.566s] INFO:colcon.colcon_core.shell:Creating package script '/wipro_ws/install/arm_desc/share/arm_desc/package.ps1'
[0.567s] INFO:colcon.colcon_core.shell:Creating package descriptor '/wipro_ws/install/arm_desc/share/arm_desc/package.dsv'
[0.568s] INFO:colcon.colcon_core.shell:Creating package script '/wipro_ws/install/arm_desc/share/arm_desc/package.sh'
[0.569s] INFO:colcon.colcon_core.shell:Creating package script '/wipro_ws/install/arm_desc/share/arm_desc/package.bash'
[0.569s] INFO:colcon.colcon_core.shell:Creating package script '/wipro_ws/install/arm_desc/share/arm_desc/package.zsh'
[0.570s] Level 1:colcon.colcon_core.environment:create_file_with_runtime_dependencies(/wipro_ws/install/arm_desc/share/colcon-core/packages/arm_desc)
[0.571s] INFO:colcon.colcon_ros.task.ament_cmake.build:Building ROS package in '/wipro_ws/src/kuka_moveit_config' with build type 'ament_cmake'
[0.571s] INFO:colcon.colcon_cmake.task.cmake.build:Building CMake package in '/wipro_ws/src/kuka_moveit_config'
[0.571s] INFO:colcon.colcon_core.shell:Skip shell extension 'powershell' for command environment: Not usable outside of PowerShell
[0.571s] DEBUG:colcon.colcon_core.shell:Skip shell extension 'dsv' for command environment
[0.580s] DEBUG:colcon.colcon_core.event_handler.log_command:Invoked command in '/wipro_ws/build/kuka_pkg' returned '0': CMAKE_PREFIX_PATH=${CMAKE_PREFIX_PATH}:/opt/ros/humble /usr/bin/cmake --build /wipro_ws/build/kuka_pkg -- -j16 -l16
[0.583s] DEBUG:colcon.colcon_core.event_handler.log_command:Invoking command in '/wipro_ws/build/kuka_pkg': CMAKE_PREFIX_PATH=${CMAKE_PREFIX_PATH}:/opt/ros/humble /usr/bin/cmake --install /wipro_ws/build/kuka_pkg
[0.587s] DEBUG:colcon.colcon_core.event_handler.log_command:Invoking command in '/wipro_ws/build/kuka_moveit_config': CMAKE_PREFIX_PATH=/wipro_ws/install/arm_desc:/wipro_ws/install/kuka_pkg:/opt/ros/humble /usr/bin/cmake /wipro_ws/src/kuka_moveit_config -DCMAKE_INSTALL_PREFIX=/wipro_ws/install/kuka_moveit_config
[0.598s] Level 1:colcon.colcon_core.environment:create_environment_scripts_only(kuka_pkg)
[0.598s] Level 1:colcon.colcon_core.environment:checking '/wipro_ws/install/kuka_pkg' for CMake module files
[0.599s] DEBUG:colcon.colcon_core.event_handler.log_command:Invoked command in '/wipro_ws/build/kuka_pkg' returned '0': CMAKE_PREFIX_PATH=${CMAKE_PREFIX_PATH}:/opt/ros/humble /usr/bin/cmake --install /wipro_ws/build/kuka_pkg
[0.599s] Level 1:colcon.colcon_core.environment:checking '/wipro_ws/install/kuka_pkg' for CMake config files
[0.600s] Level 1:colcon.colcon_core.shell:create_environment_hook('kuka_pkg', 'cmake_prefix_path')
[0.600s] INFO:colcon.colcon_core.shell:Creating environment hook '/wipro_ws/install/kuka_pkg/share/kuka_pkg/hook/cmake_prefix_path.ps1'
[0.601s] INFO:colcon.colcon_core.shell:Creating environment descriptor '/wipro_ws/install/kuka_pkg/share/kuka_pkg/hook/cmake_prefix_path.dsv'
[0.601s] INFO:colcon.colcon_core.shell:Creating environment hook '/wipro_ws/install/kuka_pkg/share/kuka_pkg/hook/cmake_prefix_path.sh'
[0.602s] Level 1:colcon.colcon_core.environment:checking '/wipro_ws/install/kuka_pkg/lib'
[0.602s] Level 1:colcon.colcon_core.environment:checking '/wipro_ws/install/kuka_pkg/bin'
[0.603s] Level 1:colcon.colcon_core.environment:checking '/wipro_ws/install/kuka_pkg/lib/pkgconfig/kuka_pkg.pc'
[0.603s] Level 1:colcon.colcon_core.environment:checking '/wipro_ws/install/kuka_pkg/lib/python3.10/site-packages'
[0.603s] Level 1:colcon.colcon_core.environment:checking '/wipro_ws/install/kuka_pkg/bin'
[0.604s] INFO:colcon.colcon_core.shell:Creating package script '/wipro_ws/install/kuka_pkg/share/kuka_pkg/package.ps1'
[0.604s] INFO:colcon.colcon_core.shell:Creating package descriptor '/wipro_ws/install/kuka_pkg/share/kuka_pkg/package.dsv'
[0.605s] INFO:colcon.colcon_core.shell:Creating package script '/wipro_ws/install/kuka_pkg/share/kuka_pkg/package.sh'
[0.606s] INFO:colcon.colcon_core.shell:Creating package script '/wipro_ws/install/kuka_pkg/share/kuka_pkg/package.bash'
[0.606s] INFO:colcon.colcon_core.shell:Creating package script '/wipro_ws/install/kuka_pkg/share/kuka_pkg/package.zsh'
[0.607s] Level 1:colcon.colcon_core.environment:create_file_with_runtime_dependencies(/wipro_ws/install/kuka_pkg/share/colcon-core/packages/kuka_pkg)
[0.608s] Level 1:colcon.colcon_core.environment:create_environment_scripts_only(kuka_pkg)
[0.608s] Level 1:colcon.colcon_core.environment:checking '/wipro_ws/install/kuka_pkg' for CMake module files
[0.609s] Level 1:colcon.colcon_core.environment:checking '/wipro_ws/install/kuka_pkg' for CMake config files
[0.610s] Level 1:colcon.colcon_core.shell:create_environment_hook('kuka_pkg', 'cmake_prefix_path')
[0.610s] INFO:colcon.colcon_core.shell:Creating environment hook '/wipro_ws/install/kuka_pkg/share/kuka_pkg/hook/cmake_prefix_path.ps1'
[0.611s] INFO:colcon.colcon_core.shell:Creating environment descriptor '/wipro_ws/install/kuka_pkg/share/kuka_pkg/hook/cmake_prefix_path.dsv'
[0.611s] INFO:colcon.colcon_core.shell:Creating environment hook '/wipro_ws/install/kuka_pkg/share/kuka_pkg/hook/cmake_prefix_path.sh'
[0.612s] Level 1:colcon.colcon_core.environment:checking '/wipro_ws/install/kuka_pkg/lib'
[0.612s] Level 1:colcon.colcon_core.environment:checking '/wipro_ws/install/kuka_pkg/bin'
[0.612s] Level 1:colcon.colcon_core.environment:checking '/wipro_ws/install/kuka_pkg/lib/pkgconfig/kuka_pkg.pc'
[0.613s] Level 1:colcon.colcon_core.environment:checking '/wipro_ws/install/kuka_pkg/lib/python3.10/site-packages'
[0.613s] Level 1:colcon.colcon_core.environment:checking '/wipro_ws/install/kuka_pkg/bin'
[0.613s] INFO:colcon.colcon_core.shell:Creating package script '/wipro_ws/install/kuka_pkg/share/kuka_pkg/package.ps1'
[0.614s] INFO:colcon.colcon_core.shell:Creating package descriptor '/wipro_ws/install/kuka_pkg/share/kuka_pkg/package.dsv'
[0.615s] INFO:colcon.colcon_core.shell:Creating package script '/wipro_ws/install/kuka_pkg/share/kuka_pkg/package.sh'
[0.616s] INFO:colcon.colcon_core.shell:Creating package script '/wipro_ws/install/kuka_pkg/share/kuka_pkg/package.bash'
[0.616s] INFO:colcon.colcon_core.shell:Creating package script '/wipro_ws/install/kuka_pkg/share/kuka_pkg/package.zsh'
[0.618s] Level 1:colcon.colcon_core.environment:create_file_with_runtime_dependencies(/wipro_ws/install/kuka_pkg/share/colcon-core/packages/kuka_pkg)
[1.647s] DEBUG:colcon.colcon_core.event_handler.log_command:Invoked command in '/wipro_ws/build/kuka_moveit_config' returned '0': CMAKE_PREFIX_PATH=/wipro_ws/install/arm_desc:/wipro_ws/install/kuka_pkg:/opt/ros/humble /usr/bin/cmake /wipro_ws/src/kuka_moveit_config -DCMAKE_INSTALL_PREFIX=/wipro_ws/install/kuka_moveit_config
[1.648s] DEBUG:colcon.colcon_core.event_handler.log_command:Invoking command in '/wipro_ws/build/kuka_moveit_config': CMAKE_PREFIX_PATH=/wipro_ws/install/arm_desc:/wipro_ws/install/kuka_pkg:/opt/ros/humble /usr/bin/cmake --build /wipro_ws/build/kuka_moveit_config -- -j16 -l16
[1.706s] DEBUG:colcon.colcon_core.event_handler.log_command:Invoked command in '/wipro_ws/build/kuka_moveit_config' returned '0': CMAKE_PREFIX_PATH=/wipro_ws/install/arm_desc:/wipro_ws/install/kuka_pkg:/opt/ros/humble /usr/bin/cmake --build /wipro_ws/build/kuka_moveit_config -- -j16 -l16
[1.708s] DEBUG:colcon.colcon_core.event_handler.log_command:Invoking command in '/wipro_ws/build/kuka_moveit_config': CMAKE_PREFIX_PATH=/wipro_ws/install/arm_desc:/wipro_ws/install/kuka_pkg:/opt/ros/humble /usr/bin/cmake --install /wipro_ws/build/kuka_moveit_config
[1.730s] Level 1:colcon.colcon_core.environment:create_environment_scripts_only(kuka_moveit_config)
[1.730s] Level 1:colcon.colcon_core.environment:checking '/wipro_ws/install/kuka_moveit_config' for CMake module files
[1.731s] DEBUG:colcon.colcon_core.event_handler.log_command:Invoked command in '/wipro_ws/build/kuka_moveit_config' returned '0': CMAKE_PREFIX_PATH=/wipro_ws/install/arm_desc:/wipro_ws/install/kuka_pkg:/opt/ros/humble /usr/bin/cmake --install /wipro_ws/build/kuka_moveit_config
[1.731s] Level 1:colcon.colcon_core.environment:checking '/wipro_ws/install/kuka_moveit_config' for CMake config files
[1.732s] Level 1:colcon.colcon_core.shell:create_environment_hook('kuka_moveit_config', 'cmake_prefix_path')
[1.732s] INFO:colcon.colcon_core.shell:Creating environment hook '/wipro_ws/install/kuka_moveit_config/share/kuka_moveit_config/hook/cmake_prefix_path.ps1'
[1.733s] INFO:colcon.colcon_core.shell:Creating environment descriptor '/wipro_ws/install/kuka_moveit_config/share/kuka_moveit_config/hook/cmake_prefix_path.dsv'
[1.734s] INFO:colcon.colcon_core.shell:Creating environment hook '/wipro_ws/install/kuka_moveit_config/share/kuka_moveit_config/hook/cmake_prefix_path.sh'
[1.735s] Level 1:colcon.colcon_core.environment:checking '/wipro_ws/install/kuka_moveit_config/bin'
[1.735s] Level 1:colcon.colcon_core.environment:checking '/wipro_ws/install/kuka_moveit_config/lib/pkgconfig/kuka_moveit_config.pc'
[1.735s] Level 1:colcon.colcon_core.environment:checking '/wipro_ws/install/kuka_moveit_config/lib/python3.10/site-packages'
[1.735s] Level 1:colcon.colcon_core.environment:checking '/wipro_ws/install/kuka_moveit_config/bin'
[1.736s] INFO:colcon.colcon_core.shell:Creating package script '/wipro_ws/install/kuka_moveit_config/share/kuka_moveit_config/package.ps1'
[1.736s] INFO:colcon.colcon_core.shell:Creating package descriptor '/wipro_ws/install/kuka_moveit_config/share/kuka_moveit_config/package.dsv'
[1.737s] INFO:colcon.colcon_core.shell:Creating package script '/wipro_ws/install/kuka_moveit_config/share/kuka_moveit_config/package.sh'
[1.738s] INFO:colcon.colcon_core.shell:Creating package script '/wipro_ws/install/kuka_moveit_config/share/kuka_moveit_config/package.bash'
[1.738s] INFO:colcon.colcon_core.shell:Creating package script '/wipro_ws/install/kuka_moveit_config/share/kuka_moveit_config/package.zsh'
[1.739s] Level 1:colcon.colcon_core.environment:create_file_with_runtime_dependencies(/wipro_ws/install/kuka_moveit_config/share/colcon-core/packages/kuka_moveit_config)
[1.739s] Level 1:colcon.colcon_core.environment:create_environment_scripts_only(kuka_moveit_config)
[1.740s] Level 1:colcon.colcon_core.environment:checking '/wipro_ws/install/kuka_moveit_config' for CMake module files
[1.740s] Level 1:colcon.colcon_core.environment:checking '/wipro_ws/install/kuka_moveit_config' for CMake config files
[1.741s] Level 1:colcon.colcon_core.shell:create_environment_hook('kuka_moveit_config', 'cmake_prefix_path')
[1.741s] INFO:colcon.colcon_core.shell:Creating environment hook '/wipro_ws/install/kuka_moveit_config/share/kuka_moveit_config/hook/cmake_prefix_path.ps1'
[1.742s] INFO:colcon.colcon_core.shell:Creating environment descriptor '/wipro_ws/install/kuka_moveit_config/share/kuka_moveit_config/hook/cmake_prefix_path.dsv'
[1.742s] INFO:colcon.colcon_core.shell:Creating environment hook '/wipro_ws/install/kuka_moveit_config/share/kuka_moveit_config/hook/cmake_prefix_path.sh'
[1.743s] Level 1:colcon.colcon_core.environment:checking '/wipro_ws/install/kuka_moveit_config/bin'
[1.743s] Level 1:colcon.colcon_core.environment:checking '/wipro_ws/install/kuka_moveit_config/lib/pkgconfig/kuka_moveit_config.pc'
[1.744s] Level 1:colcon.colcon_core.environment:checking '/wipro_ws/install/kuka_moveit_config/lib/python3.10/site-packages'
[1.744s] Level 1:colcon.colcon_core.environment:checking '/wipro_ws/install/kuka_moveit_config/bin'
[1.745s] INFO:colcon.colcon_core.shell:Creating package script '/wipro_ws/install/kuka_moveit_config/share/kuka_moveit_config/package.ps1'
[1.745s] INFO:colcon.colcon_core.shell:Creating package descriptor '/wipro_ws/install/kuka_moveit_config/share/kuka_moveit_config/package.dsv'
[1.746s] INFO:colcon.colcon_core.shell:Creating package script '/wipro_ws/install/kuka_moveit_config/share/kuka_moveit_config/package.sh'
[1.747s] INFO:colcon.colcon_core.shell:Creating package script '/wipro_ws/install/kuka_moveit_config/share/kuka_moveit_config/package.bash'
[1.748s] INFO:colcon.colcon_core.shell:Creating package script '/wipro_ws/install/kuka_moveit_config/share/kuka_moveit_config/package.zsh'
[1.748s] Level 1:colcon.colcon_core.environment:create_file_with_runtime_dependencies(/wipro_ws/install/kuka_moveit_config/share/colcon-core/packages/kuka_moveit_config)
[1.749s] DEBUG:colcon.colcon_parallel_executor.executor.parallel:closing loop
[1.749s] DEBUG:colcon.colcon_parallel_executor.executor.parallel:loop closed
[1.749s] DEBUG:colcon.colcon_parallel_executor.executor.parallel:run_until_complete finished with '0'
[1.749s] DEBUG:colcon.colcon_core.event_reactor:joining thread
[1.775s] INFO:colcon.colcon_core.plugin_system:Skipping extension 'colcon_notification.desktop_notification.notify_send': Could not find 'notify-send'
[1.776s] INFO:colcon.colcon_core.plugin_system:Skipping extension 'colcon_notification.desktop_notification.terminal_notifier': Not used on non-Darwin systems
[1.776s] INFO:colcon.colcon_core.plugin_system:Skipping extension 'colcon_notification.desktop_notification.win32': Not used on non-Windows systems
[1.776s] INFO:colcon.colcon_notification.desktop_notification:Sending desktop notification using 'notify2'
[1.781s] DEBUG:colcon.colcon_notification.desktop_notification.notify2:Failed to initialize notify2: org.freedesktop.DBus.Error.Spawn.ExecFailed: /usr/bin/dbus-launch terminated abnormally without any error message
[1.782s] DEBUG:colcon.colcon_core.event_reactor:joined thread
[1.783s] INFO:colcon.colcon_core.shell:Creating prefix script '/wipro_ws/install/local_setup.ps1'
[1.785s] INFO:colcon.colcon_core.shell:Creating prefix util module '/wipro_ws/install/_local_setup_util_ps1.py'
[1.788s] INFO:colcon.colcon_core.shell:Creating prefix chain script '/wipro_ws/install/setup.ps1'
[1.790s] INFO:colcon.colcon_core.shell:Creating prefix script '/wipro_ws/install/local_setup.sh'
[1.791s] INFO:colcon.colcon_core.shell:Creating prefix util module '/wipro_ws/install/_local_setup_util_sh.py'
[1.792s] INFO:colcon.colcon_core.shell:Creating prefix chain script '/wipro_ws/install/setup.sh'
[1.794s] INFO:colcon.colcon_core.shell:Creating prefix script '/wipro_ws/install/local_setup.bash'
[1.795s] INFO:colcon.colcon_core.shell:Creating prefix chain script '/wipro_ws/install/setup.bash'
[1.797s] INFO:colcon.colcon_core.shell:Creating prefix script '/wipro_ws/install/local_setup.zsh'
[1.798s] INFO:colcon.colcon_core.shell:Creating prefix chain script '/wipro_ws/install/setup.zsh'
