[0.015s] Invoking command in '/wipro_ws/build/kuka_moveit_config': CMAKE_PREFIX_PATH=/wipro_ws/install/arm_desc:/wipro_ws/install/kuka_pkg:/opt/ros/humble /usr/bin/cmake /wipro_ws/src/kuka_moveit_config -DCMAKE_INSTALL_PREFIX=/wipro_ws/install/kuka_moveit_config
[0.157s] -- The C compiler identification is GNU 11.4.0
[0.282s] -- The CXX compiler identification is GNU 11.4.0
[0.297s] -- Detecting C compiler ABI info
[0.405s] -- Detecting C compiler ABI info - done
[0.415s] -- Check for working C compiler: /usr/bin/cc - skipped
[0.415s] -- Detecting C compile features
[0.416s] -- Detecting C compile features - done
[0.420s] -- Detecting CXX compiler ABI info
[0.546s] -- Detecting CXX compiler ABI info - done
[0.556s] -- Check for working CXX compiler: /usr/bin/c++ - skipped
[0.556s] -- Detecting CXX compile features
[0.556s] -- Detecting CXX compile features - done
[0.564s] -- Found ament_cmake: 1.3.11 (/opt/ros/humble/share/ament_cmake/cmake)
[0.809s] -- Found Python3: /usr/bin/python3 (found version "3.10.12") found components: Interpreter 
[1.060s] -- Configuring done
[1.065s] -- Generating done
[1.068s] -- Build files have been written to: /wipro_ws/build/kuka_moveit_config
[1.075s] Invoked command in '/wipro_ws/build/kuka_moveit_config' returned '0': CMAKE_PREFIX_PATH=/wipro_ws/install/arm_desc:/wipro_ws/install/kuka_pkg:/opt/ros/humble /usr/bin/cmake /wipro_ws/src/kuka_moveit_config -DCMAKE_INSTALL_PREFIX=/wipro_ws/install/kuka_moveit_config
[1.076s] Invoking command in '/wipro_ws/build/kuka_moveit_config': CMAKE_PREFIX_PATH=/wipro_ws/install/arm_desc:/wipro_ws/install/kuka_pkg:/opt/ros/humble /usr/bin/cmake --build /wipro_ws/build/kuka_moveit_config -- -j16 -l16
[1.134s] Invoked command in '/wipro_ws/build/kuka_moveit_config' returned '0': CMAKE_PREFIX_PATH=/wipro_ws/install/arm_desc:/wipro_ws/install/kuka_pkg:/opt/ros/humble /usr/bin/cmake --build /wipro_ws/build/kuka_moveit_config -- -j16 -l16
[1.136s] Invoking command in '/wipro_ws/build/kuka_moveit_config': CMAKE_PREFIX_PATH=/wipro_ws/install/arm_desc:/wipro_ws/install/kuka_pkg:/opt/ros/humble /usr/bin/cmake --install /wipro_ws/build/kuka_moveit_config
[1.146s] -- Install configuration: ""
[1.146s] -- Installing: /wipro_ws/install/kuka_moveit_config/share/ament_index/resource_index/package_run_dependencies/kuka_moveit_config
[1.147s] -- Installing: /wipro_ws/install/kuka_moveit_config/share/ament_index/resource_index/parent_prefix_path/kuka_moveit_config
[1.147s] -- Installing: /wipro_ws/install/kuka_moveit_config/share/kuka_moveit_config/environment/ament_prefix_path.sh
[1.147s] -- Installing: /wipro_ws/install/kuka_moveit_config/share/kuka_moveit_config/environment/ament_prefix_path.dsv
[1.148s] -- Installing: /wipro_ws/install/kuka_moveit_config/share/kuka_moveit_config/environment/path.sh
[1.148s] -- Installing: /wipro_ws/install/kuka_moveit_config/share/kuka_moveit_config/environment/path.dsv
[1.149s] -- Installing: /wipro_ws/install/kuka_moveit_config/share/kuka_moveit_config/local_setup.bash
[1.149s] -- Installing: /wipro_ws/install/kuka_moveit_config/share/kuka_moveit_config/local_setup.sh
[1.149s] -- Installing: /wipro_ws/install/kuka_moveit_config/share/kuka_moveit_config/local_setup.zsh
[1.149s] -- Installing: /wipro_ws/install/kuka_moveit_config/share/kuka_moveit_config/local_setup.dsv
[1.149s] -- Installing: /wipro_ws/install/kuka_moveit_config/share/kuka_moveit_config/package.dsv
[1.149s] -- Installing: /wipro_ws/install/kuka_moveit_config/share/ament_index/resource_index/packages/kuka_moveit_config
[1.150s] -- Installing: /wipro_ws/install/kuka_moveit_config/share/kuka_moveit_config/cmake/kuka_moveit_configConfig.cmake
[1.150s] -- Installing: /wipro_ws/install/kuka_moveit_config/share/kuka_moveit_config/cmake/kuka_moveit_configConfig-version.cmake
[1.150s] -- Installing: /wipro_ws/install/kuka_moveit_config/share/kuka_moveit_config/package.xml
[1.150s] -- Installing: /wipro_ws/install/kuka_moveit_config/share/kuka_moveit_config/launch
[1.150s] -- Installing: /wipro_ws/install/kuka_moveit_config/share/kuka_moveit_config/launch/spawn_controllers.launch.py
[1.150s] -- Installing: /wipro_ws/install/kuka_moveit_config/share/kuka_moveit_config/launch/setup_assistant.launch.py
[1.151s] -- Installing: /wipro_ws/install/kuka_moveit_config/share/kuka_moveit_config/launch/rsp.launch.py
[1.151s] -- Installing: /wipro_ws/install/kuka_moveit_config/share/kuka_moveit_config/launch/move_group.launch.py
[1.151s] -- Installing: /wipro_ws/install/kuka_moveit_config/share/kuka_moveit_config/launch/moveit_rviz.launch.py
[1.151s] -- Installing: /wipro_ws/install/kuka_moveit_config/share/kuka_moveit_config/launch/demo.launch.py
[1.151s] -- Installing: /wipro_ws/install/kuka_moveit_config/share/kuka_moveit_config/launch/warehouse_db.launch.py
[1.151s] -- Installing: /wipro_ws/install/kuka_moveit_config/share/kuka_moveit_config/launch/static_virtual_joint_tfs.launch.py
[1.152s] -- Installing: /wipro_ws/install/kuka_moveit_config/share/kuka_moveit_config/config
[1.152s] -- Installing: /wipro_ws/install/kuka_moveit_config/share/kuka_moveit_config/config/kuka.srdf
[1.152s] -- Installing: /wipro_ws/install/kuka_moveit_config/share/kuka_moveit_config/config/moveit.rviz
[1.152s] -- Installing: /wipro_ws/install/kuka_moveit_config/share/kuka_moveit_config/config/moveit_controllers.yaml
[1.152s] -- Installing: /wipro_ws/install/kuka_moveit_config/share/kuka_moveit_config/config/ros2_controllers.yaml
[1.152s] -- Installing: /wipro_ws/install/kuka_moveit_config/share/kuka_moveit_config/config/pilz_cartesian_limits.yaml
[1.153s] -- Installing: /wipro_ws/install/kuka_moveit_config/share/kuka_moveit_config/config/kuka.ros2_control.xacro
[1.153s] -- Installing: /wipro_ws/install/kuka_moveit_config/share/kuka_moveit_config/config/initial_positions.yaml
[1.153s] -- Installing: /wipro_ws/install/kuka_moveit_config/share/kuka_moveit_config/config/sensors_3d.yaml
[1.153s] -- Installing: /wipro_ws/install/kuka_moveit_config/share/kuka_moveit_config/config/kinematics.yaml
[1.153s] -- Installing: /wipro_ws/install/kuka_moveit_config/share/kuka_moveit_config/config/kuka.urdf.xacro
[1.154s] -- Installing: /wipro_ws/install/kuka_moveit_config/share/kuka_moveit_config/config/joint_limits.yaml
[1.154s] -- Installing: /wipro_ws/install/kuka_moveit_config/share/kuka_moveit_config/.setup_assistant
[1.159s] Invoked command in '/wipro_ws/build/kuka_moveit_config' returned '0': CMAKE_PREFIX_PATH=/wipro_ws/install/arm_desc:/wipro_ws/install/kuka_pkg:/opt/ros/humble /usr/bin/cmake --install /wipro_ws/build/kuka_moveit_config
